

================================================================
== Vivado HLS Report for 'add_bias_pre_L2'
================================================================
* Date:           Sat Oct 26 22:26:24 2019

* Version:        2018.2 (Build 2258646 on Thu Jun 14 20:25:20 MDT 2018)
* Project:        mlp
* Solution:       area_optimized
* Product family: kintex7
* Target device:  xc7k325tffg676-2


================================================================
== Performance Estimates
================================================================
+ Timing (ns): 
    * Summary: 
    +--------+-------+----------+------------+
    |  Clock | Target| Estimated| Uncertainty|
    +--------+-------+----------+------------+
    |ap_clk  |   4.00|     2.296|        0.50|
    +--------+-------+----------+------------+

+ Latency (clock cycles): 
    * Summary: 
    +-----+-----+-----+-----+---------+
    |  Latency  |  Interval | Pipeline|
    | min | max | min | max |   Type  |
    +-----+-----+-----+-----+---------+
    |   51|   51|   51|   51|   none  |
    +-----+-----+-----+-----+---------+

    + Detail: 
        * Instance: 
        N/A

        * Loop: 
        +----------+-----+-----+----------+-----------+-----------+------+----------+
        |          |  Latency  | Iteration|  Initiation Interval  | Trip |          |
        | Loop Name| min | max |  Latency |  achieved |   target  | Count| Pipelined|
        +----------+-----+-----+----------+-----------+-----------+------+----------+
        |- fill    |   50|   50|         2|          -|          -|    25|    no    |
        +----------+-----+-----+----------+-----------+-----------+------+----------+



================================================================
== Utilization Estimates
================================================================
* Summary: 
+-----------------+---------+-------+--------+--------+
|       Name      | BRAM_18K| DSP48E|   FF   |   LUT  |
+-----------------+---------+-------+--------+--------+
|DSP              |        -|      -|       -|       -|
|Expression       |        -|      -|       0|      28|
|FIFO             |        -|      -|       -|       -|
|Instance         |        -|      -|       -|       -|
|Memory           |        -|      -|       -|       -|
|Multiplexer      |        -|      -|       -|      61|
|Register         |        -|      -|      14|       -|
+-----------------+---------+-------+--------+--------+
|Total            |        0|      0|      14|      89|
+-----------------+---------+-------+--------+--------+
|Available        |      890|    840|  407600|  203800|
+-----------------+---------+-------+--------+--------+
|Utilization (%)  |        0|      0|   ~0   |   ~0   |
+-----------------+---------+-------+--------+--------+

+ Detail: 
    * Instance: 
    N/A

    * DSP48: 
    N/A

    * Memory: 
    N/A

    * FIFO: 
    N/A

    * Expression: 
    +-----------------+----------+-------+---+----+------------+------------+
    |  Variable Name  | Operation| DSP48E| FF| LUT| Bitwidth P0| Bitwidth P1|
    +-----------------+----------+-------+---+----+------------+------------+
    |i_2_fu_76_p2     |     +    |      0|  0|  15|           5|           1|
    |tmp_fu_70_p2     |   icmp   |      0|  0|  11|           5|           4|
    |ap_block_state1  |    or    |      0|  0|   2|           1|           1|
    +-----------------+----------+-------+---+----+------------+------------+
    |Total            |          |      0|  0|  28|          11|           6|
    +-----------------+----------+-------+---+----+------------+------------+

    * Multiplexer: 
    +-------------------+----+-----------+-----+-----------+
    |        Name       | LUT| Input Size| Bits| Total Bits|
    +-------------------+----+-----------+-----+-----------+
    |ap_NS_fsm          |  17|          4|    1|          4|
    |ap_done            |   9|          2|    1|          2|
    |i_reg_59           |   9|          2|    5|         10|
    |result_V_address0  |  13|          3|    5|         15|
    |result_V_d0        |  13|          3|   18|         54|
    +-------------------+----+-----------+-----+-----------+
    |Total              |  61|         14|   30|         85|
    +-------------------+----+-----------+-----+-----------+

    * Register: 
    +-------------+---+----+-----+-----------+
    |     Name    | FF| LUT| Bits| Const Bits|
    +-------------+---+----+-----+-----------+
    |ap_CS_fsm    |  3|   0|    3|          0|
    |ap_done_reg  |  1|   0|    1|          0|
    |i_2_reg_94   |  5|   0|    5|          0|
    |i_reg_59     |  5|   0|    5|          0|
    +-------------+---+----+-----+-----------+
    |Total        | 14|   0|   14|          0|
    +-------------+---+----+-----+-----------+



================================================================
== Interface
================================================================
* Summary: 
+-------------------+-----+-----+------------+-----------------+--------------+
|     RTL Ports     | Dir | Bits|  Protocol  |  Source Object  |    C Type    |
+-------------------+-----+-----+------------+-----------------+--------------+
|ap_clk             |  in |    1| ap_ctrl_hs | add_bias_pre_L2 | return value |
|ap_rst             |  in |    1| ap_ctrl_hs | add_bias_pre_L2 | return value |
|ap_start           |  in |    1| ap_ctrl_hs | add_bias_pre_L2 | return value |
|ap_done            | out |    1| ap_ctrl_hs | add_bias_pre_L2 | return value |
|ap_continue        |  in |    1| ap_ctrl_hs | add_bias_pre_L2 | return value |
|ap_idle            | out |    1| ap_ctrl_hs | add_bias_pre_L2 | return value |
|ap_ready           | out |    1| ap_ctrl_hs | add_bias_pre_L2 | return value |
|input_V_address0   | out |    5|  ap_memory |     input_V     |     array    |
|input_V_ce0        | out |    1|  ap_memory |     input_V     |     array    |
|input_V_q0         |  in |   18|  ap_memory |     input_V     |     array    |
|result_V_address0  | out |    5|  ap_memory |     result_V    |     array    |
|result_V_ce0       | out |    1|  ap_memory |     result_V    |     array    |
|result_V_we0       | out |    1|  ap_memory |     result_V    |     array    |
|result_V_d0        | out |   18|  ap_memory |     result_V    |     array    |
+-------------------+-----+-----+------------+-----------------+--------------+

============================================================
+ Verbose Summary: Synthesis Manager
============================================================
InlineROM: 1
ExposeGlobal: 0
============================================================
+ Verbose Summary: CDFG Model
============================================================
IsTopModel: 0
ResetActiveHigh: 1
IsCombinational: 2
IsDatapathOnly: 0
HasWiredReturn: 1
HasMFsm: 0
HasVarLatency: 1
IsPipeline: 0
IsRtlPipelined: 0
IsInstanceOverlapped: 0
IsDontTouch: 0
HasImplIP: 0
IsGatedGlobalClock: 0


============================================================
+ Verbose Summary: Schedule
============================================================
* Number of FSM states : 3
* Pipeline : 0
* Dataflow Pipeline: 0

* FSM state transitions: 
1 --> 
	2  / true
2 --> 
	3  / (!tmp)
3 --> 
	2  / true

* FSM state operations: 

State 1 <SV = 0> <Delay = 1.14>
ST_1 : Operation 4 [1/1] (0.00ns)   --->   "%result_V_addr = getelementptr [26 x i18]* %result_V, i64 0, i64 0"   --->   Operation 4 'getelementptr' 'result_V_addr' <Predicate = true> <Delay = 0.00>
ST_1 : Operation 5 [1/1] (1.14ns)   --->   "store i18 65536, i18* %result_V_addr, align 4" [../src/mlp.cpp:64]   --->   Operation 5 'store' <Predicate = true> <Delay = 1.14> <Core = "RAM">   --->   Core 37 'RAM' <Latency = 1> <II = 1> <Delay = 1.14> <Storage> <Opcode : 'load' 'store'> <Ports = 2> <Width = 18> <Depth = 10> <RAM>
ST_1 : Operation 6 [1/1] (0.87ns)   --->   "br label %1" [../src/mlp.cpp:65]   --->   Operation 6 'br' <Predicate = true> <Delay = 0.87>

State 2 <SV = 1> <Delay = 1.14>
ST_2 : Operation 7 [1/1] (0.00ns)   --->   "%i = phi i5 [ 0, %0 ], [ %i_2, %2 ]"   --->   Operation 7 'phi' 'i' <Predicate = true> <Delay = 0.00>
ST_2 : Operation 8 [1/1] (0.88ns)   --->   "%tmp = icmp eq i5 %i, -7" [../src/mlp.cpp:65]   --->   Operation 8 'icmp' 'tmp' <Predicate = true> <Delay = 0.88> <Core = "Cmp">   --->   Core 25 'Cmp' <Latency = 0> <II = 1> <Delay = 0.88> <FuncUnit> <Opcode : 'icmp'> <InPorts = 2> <OutPorts = 1>
ST_2 : Operation 9 [1/1] (0.00ns)   --->   "%empty = call i32 (...)* @_ssdm_op_SpecLoopTripCount(i64 25, i64 25, i64 25)"   --->   Operation 9 'speclooptripcount' 'empty' <Predicate = true> <Delay = 0.00>
ST_2 : Operation 10 [1/1] (1.10ns)   --->   "%i_2 = add i5 %i, 1" [../src/mlp.cpp:67]   --->   Operation 10 'add' 'i_2' <Predicate = true> <Delay = 1.10> <Core = "AddSub">   --->   Core 14 'AddSub' <Latency = 0> <II = 1> <Delay = 1.10> <FuncUnit> <Opcode : 'add' 'sub'> <InPorts = 2> <OutPorts = 1>
ST_2 : Operation 11 [1/1] (0.00ns)   --->   "br i1 %tmp, label %3, label %2" [../src/mlp.cpp:65]   --->   Operation 11 'br' <Predicate = true> <Delay = 0.00>
ST_2 : Operation 12 [1/1] (0.00ns)   --->   "%tmp_17 = zext i5 %i to i64" [../src/mlp.cpp:67]   --->   Operation 12 'zext' 'tmp_17' <Predicate = (!tmp)> <Delay = 0.00>
ST_2 : Operation 13 [1/1] (0.00ns)   --->   "%input_V_addr = getelementptr [25 x i18]* %input_V, i64 0, i64 %tmp_17" [../src/mlp.cpp:67]   --->   Operation 13 'getelementptr' 'input_V_addr' <Predicate = (!tmp)> <Delay = 0.00>
ST_2 : Operation 14 [2/2] (1.14ns)   --->   "%input_V_load = load i18* %input_V_addr, align 4" [../src/mlp.cpp:67]   --->   Operation 14 'load' 'input_V_load' <Predicate = (!tmp)> <Delay = 1.14> <Core = "RAM">   --->   Core 37 'RAM' <Latency = 1> <II = 1> <Delay = 1.14> <Storage> <Opcode : 'load' 'store'> <Ports = 2> <Width = 18> <Depth = 10> <RAM>
ST_2 : Operation 15 [1/1] (0.00ns)   --->   "ret void" [../src/mlp.cpp:69]   --->   Operation 15 'ret' <Predicate = (tmp)> <Delay = 0.00>

State 3 <SV = 2> <Delay = 2.29>
ST_3 : Operation 16 [1/1] (0.00ns)   --->   "call void (...)* @_ssdm_op_SpecLoopName([5 x i8]* @p_str2) nounwind" [../src/mlp.cpp:66]   --->   Operation 16 'specloopname' <Predicate = true> <Delay = 0.00>
ST_3 : Operation 17 [1/1] (0.00ns)   --->   "%tmp_s = zext i5 %i_2 to i64" [../src/mlp.cpp:67]   --->   Operation 17 'zext' 'tmp_s' <Predicate = true> <Delay = 0.00>
ST_3 : Operation 18 [1/2] (1.14ns)   --->   "%input_V_load = load i18* %input_V_addr, align 4" [../src/mlp.cpp:67]   --->   Operation 18 'load' 'input_V_load' <Predicate = true> <Delay = 1.14> <Core = "RAM">   --->   Core 37 'RAM' <Latency = 1> <II = 1> <Delay = 1.14> <Storage> <Opcode : 'load' 'store'> <Ports = 2> <Width = 18> <Depth = 10> <RAM>
ST_3 : Operation 19 [1/1] (0.00ns)   --->   "%result_V_addr_2 = getelementptr [26 x i18]* %result_V, i64 0, i64 %tmp_s" [../src/mlp.cpp:67]   --->   Operation 19 'getelementptr' 'result_V_addr_2' <Predicate = true> <Delay = 0.00>
ST_3 : Operation 20 [1/1] (1.14ns)   --->   "store i18 %input_V_load, i18* %result_V_addr_2, align 4" [../src/mlp.cpp:67]   --->   Operation 20 'store' <Predicate = true> <Delay = 1.14> <Core = "RAM">   --->   Core 37 'RAM' <Latency = 1> <II = 1> <Delay = 1.14> <Storage> <Opcode : 'load' 'store'> <Ports = 2> <Width = 18> <Depth = 10> <RAM>
ST_3 : Operation 21 [1/1] (0.00ns)   --->   "br label %1" [../src/mlp.cpp:65]   --->   Operation 21 'br' <Predicate = true> <Delay = 0.00>


============================================================
+ Verbose Summary: Binding
============================================================
STG Binding: 
---------------- STG Properties BEGIN ----------------
- Is combinational: 0
- Is one-state seq: 0
- Is datapath-only: 0
- Is pipelined: 0
- Is top level: 0
Port [ Return ] is wired: 1; IO mode=ap_ctrl_hs:ce=0
Port [ input_V]:  wired=1; compound=1; hidden=0; nouse=0; global=0; static=0; extern=0; dir=0; type=1; pingpong=1; private_global=0; MemPort=[13]; IO mode=ap_memory:ce=0
Port [ result_V]:  wired=1; compound=1; hidden=0; nouse=0; global=0; static=0; extern=0; dir=1; type=1; pingpong=1; private_global=0; MemPort=[03]; IO mode=ap_memory:ce=0
---------------- STG Properties END ------------------

---------------- Datapath Model BEGIN ----------------

<LifeTime>
<method=bitvector/>
result_V_addr   (getelementptr    ) [ 0000]
StgValue_5      (store            ) [ 0000]
StgValue_6      (br               ) [ 0111]
i               (phi              ) [ 0010]
tmp             (icmp             ) [ 0011]
empty           (speclooptripcount) [ 0000]
i_2             (add              ) [ 0111]
StgValue_11     (br               ) [ 0000]
tmp_17          (zext             ) [ 0000]
input_V_addr    (getelementptr    ) [ 0001]
StgValue_15     (ret              ) [ 0000]
StgValue_16     (specloopname     ) [ 0000]
tmp_s           (zext             ) [ 0000]
input_V_load    (load             ) [ 0000]
result_V_addr_2 (getelementptr    ) [ 0000]
StgValue_20     (store            ) [ 0000]
StgValue_21     (br               ) [ 0111]
</LifeTime>

<model>

<comp_list>
<comp id="0" class="1000" name="input_V">
<pin_list>
<pin id="1" dir="1" index="0" bw="1" slack="0"/>
</pin_list>
<bind>
<StgValue><ssdm name="input_V"/><MemPortTyVec>1 3 </MemPortTyVec>
</StgValue>
</bind>
</comp>

<comp id="2" class="1000" name="result_V">
<pin_list>
<pin id="3" dir="1" index="0" bw="1" slack="0"/>
</pin_list>
<bind>
<StgValue><ssdm name="result_V"/><MemPortTyVec>0 3 </MemPortTyVec>
</StgValue>
</bind>
</comp>

<comp id="4" class="1001" name="const_4">
<pin_list>
<pin id="5" dir="1" index="0" bw="1" slack="0"/>
</pin_list>
<bind>
<StgValue><ssdm name=""/></StgValue>
</bind>
</comp>

<comp id="6" class="1001" name="const_6">
<pin_list>
<pin id="7" dir="1" index="0" bw="1" slack="0"/>
</pin_list>
<bind>
<StgValue><ssdm name=""/></StgValue>
</bind>
</comp>

<comp id="8" class="1001" name="const_8">
<pin_list>
<pin id="9" dir="1" index="0" bw="1" slack="1"/>
</pin_list>
<bind>
<StgValue><ssdm name=""/></StgValue>
</bind>
</comp>

<comp id="10" class="1001" name="const_10">
<pin_list>
<pin id="11" dir="1" index="0" bw="1" slack="0"/>
</pin_list>
<bind>
<StgValue><ssdm name=""/></StgValue>
</bind>
</comp>

<comp id="12" class="1001" name="const_12">
<pin_list>
<pin id="13" dir="1" index="0" bw="1" slack="2147483647"/>
</pin_list>
<bind>
<StgValue><ssdm name="_ssdm_op_SpecLoopTripCount"/></StgValue>
</bind>
</comp>

<comp id="14" class="1001" name="const_14">
<pin_list>
<pin id="15" dir="1" index="0" bw="1" slack="2147483647"/>
</pin_list>
<bind>
<StgValue><ssdm name=""/></StgValue>
</bind>
</comp>

<comp id="16" class="1001" name="const_16">
<pin_list>
<pin id="17" dir="1" index="0" bw="1" slack="0"/>
</pin_list>
<bind>
<StgValue><ssdm name=""/></StgValue>
</bind>
</comp>

<comp id="18" class="1001" name="const_18">
<pin_list>
<pin id="19" dir="1" index="0" bw="1" slack="2147483647"/>
</pin_list>
<bind>
<StgValue><ssdm name="_ssdm_op_SpecLoopName"/></StgValue>
</bind>
</comp>

<comp id="20" class="1001" name="const_20">
<pin_list>
<pin id="21" dir="1" index="0" bw="1" slack="2147483647"/>
</pin_list>
<bind>
<StgValue><ssdm name="p_str2"/></StgValue>
</bind>
</comp>

<comp id="22" class="1004" name="result_V_addr_gep_fu_22">
<pin_list>
<pin id="23" dir="0" index="0" bw="18" slack="0"/>
<pin id="24" dir="0" index="1" bw="1" slack="0"/>
<pin id="25" dir="0" index="2" bw="1" slack="0"/>
<pin id="26" dir="1" index="3" bw="5" slack="0"/>
</pin_list>
<bind>
<opcode="getelementptr(29) " fcode="getelementptr"/>
<opset="result_V_addr/1 "/>
</bind>
</comp>

<comp id="30" class="1004" name="grp_access_fu_30">
<pin_list>
<pin id="31" dir="0" index="0" bw="5" slack="0"/>
<pin id="32" dir="0" index="1" bw="18" slack="0"/>
<pin id="33" dir="0" index="2" bw="0" slack="2147483647"/>
<pin id="34" dir="1" index="3" bw="18" slack="2147483647"/>
</pin_list>
<bind>
<opcode="store(28) " fcode="store"/>
<opset="StgValue_5/1 StgValue_20/3 "/>
</bind>
</comp>

<comp id="37" class="1004" name="input_V_addr_gep_fu_37">
<pin_list>
<pin id="38" dir="0" index="0" bw="18" slack="0"/>
<pin id="39" dir="0" index="1" bw="1" slack="0"/>
<pin id="40" dir="0" index="2" bw="5" slack="0"/>
<pin id="41" dir="1" index="3" bw="5" slack="0"/>
</pin_list>
<bind>
<opcode="getelementptr(29) " fcode="getelementptr"/>
<opset="input_V_addr/2 "/>
</bind>
</comp>

<comp id="44" class="1004" name="grp_access_fu_44">
<pin_list>
<pin id="45" dir="0" index="0" bw="5" slack="0"/>
<pin id="46" dir="0" index="1" bw="18" slack="2147483647"/>
<pin id="47" dir="0" index="2" bw="0" slack="2147483647"/>
<pin id="48" dir="1" index="3" bw="18" slack="0"/>
</pin_list>
<bind>
<opcode="load(27) " fcode="load"/>
<opset="input_V_load/2 "/>
</bind>
</comp>

<comp id="50" class="1004" name="result_V_addr_2_gep_fu_50">
<pin_list>
<pin id="51" dir="0" index="0" bw="18" slack="0"/>
<pin id="52" dir="0" index="1" bw="1" slack="0"/>
<pin id="53" dir="0" index="2" bw="5" slack="0"/>
<pin id="54" dir="1" index="3" bw="5" slack="0"/>
</pin_list>
<bind>
<opcode="getelementptr(29) " fcode="getelementptr"/>
<opset="result_V_addr_2/3 "/>
</bind>
</comp>

<comp id="59" class="1005" name="i_reg_59">
<pin_list>
<pin id="60" dir="0" index="0" bw="5" slack="1"/>
<pin id="61" dir="1" index="1" bw="5" slack="1"/>
</pin_list>
<bind>
<opset="i (phireg) "/>
</bind>
</comp>

<comp id="63" class="1004" name="i_phi_fu_63">
<pin_list>
<pin id="64" dir="0" index="0" bw="1" slack="1"/>
<pin id="65" dir="0" index="1" bw="0" slack="2147483647"/>
<pin id="66" dir="0" index="2" bw="5" slack="0"/>
<pin id="67" dir="0" index="3" bw="0" slack="2147483647"/>
<pin id="68" dir="1" index="4" bw="5" slack="0"/>
</pin_list>
<bind>
<opcode="phi(47) " fcode="phi"/>
<opset="i/2 "/>
</bind>
</comp>

<comp id="70" class="1004" name="tmp_fu_70">
<pin_list>
<pin id="71" dir="0" index="0" bw="5" slack="0"/>
<pin id="72" dir="0" index="1" bw="5" slack="0"/>
<pin id="73" dir="1" index="2" bw="1" slack="2147483647"/>
</pin_list>
<bind>
<opcode="icmp(45) " fcode="icmp"/>
<opset="tmp/2 "/>
</bind>
</comp>

<comp id="76" class="1004" name="i_2_fu_76">
<pin_list>
<pin id="77" dir="0" index="0" bw="5" slack="0"/>
<pin id="78" dir="0" index="1" bw="1" slack="0"/>
<pin id="79" dir="1" index="2" bw="5" slack="0"/>
</pin_list>
<bind>
<opcode="add(8) " fcode="add"/>
<opset="i_2/2 "/>
</bind>
</comp>

<comp id="82" class="1004" name="tmp_17_fu_82">
<pin_list>
<pin id="83" dir="0" index="0" bw="5" slack="0"/>
<pin id="84" dir="1" index="1" bw="64" slack="0"/>
</pin_list>
<bind>
<opcode="zext(34) " fcode="zext"/>
<opset="tmp_17/2 "/>
</bind>
</comp>

<comp id="87" class="1004" name="tmp_s_fu_87">
<pin_list>
<pin id="88" dir="0" index="0" bw="5" slack="1"/>
<pin id="89" dir="1" index="1" bw="64" slack="0"/>
</pin_list>
<bind>
<opcode="zext(34) " fcode="zext"/>
<opset="tmp_s/3 "/>
</bind>
</comp>

<comp id="94" class="1005" name="i_2_reg_94">
<pin_list>
<pin id="95" dir="0" index="0" bw="5" slack="0"/>
<pin id="96" dir="1" index="1" bw="5" slack="0"/>
</pin_list>
<bind>
<opset="i_2 "/>
</bind>
</comp>

<comp id="100" class="1005" name="input_V_addr_reg_100">
<pin_list>
<pin id="101" dir="0" index="0" bw="5" slack="1"/>
<pin id="102" dir="1" index="1" bw="5" slack="1"/>
</pin_list>
<bind>
<opset="input_V_addr "/>
</bind>
</comp>

</comp_list>

<net_list>
<net id="27"><net_src comp="2" pin="0"/><net_sink comp="22" pin=0"/></net>

<net id="28"><net_src comp="4" pin="0"/><net_sink comp="22" pin=1"/></net>

<net id="29"><net_src comp="4" pin="0"/><net_sink comp="22" pin=2"/></net>

<net id="35"><net_src comp="6" pin="0"/><net_sink comp="30" pin=1"/></net>

<net id="36"><net_src comp="22" pin="3"/><net_sink comp="30" pin=0"/></net>

<net id="42"><net_src comp="0" pin="0"/><net_sink comp="37" pin=0"/></net>

<net id="43"><net_src comp="4" pin="0"/><net_sink comp="37" pin=1"/></net>

<net id="49"><net_src comp="37" pin="3"/><net_sink comp="44" pin=0"/></net>

<net id="55"><net_src comp="2" pin="0"/><net_sink comp="50" pin=0"/></net>

<net id="56"><net_src comp="4" pin="0"/><net_sink comp="50" pin=1"/></net>

<net id="57"><net_src comp="44" pin="3"/><net_sink comp="30" pin=1"/></net>

<net id="58"><net_src comp="50" pin="3"/><net_sink comp="30" pin=0"/></net>

<net id="62"><net_src comp="8" pin="0"/><net_sink comp="59" pin=0"/></net>

<net id="69"><net_src comp="59" pin="1"/><net_sink comp="63" pin=0"/></net>

<net id="74"><net_src comp="63" pin="4"/><net_sink comp="70" pin=0"/></net>

<net id="75"><net_src comp="10" pin="0"/><net_sink comp="70" pin=1"/></net>

<net id="80"><net_src comp="63" pin="4"/><net_sink comp="76" pin=0"/></net>

<net id="81"><net_src comp="16" pin="0"/><net_sink comp="76" pin=1"/></net>

<net id="85"><net_src comp="63" pin="4"/><net_sink comp="82" pin=0"/></net>

<net id="86"><net_src comp="82" pin="1"/><net_sink comp="37" pin=2"/></net>

<net id="90"><net_src comp="87" pin="1"/><net_sink comp="50" pin=2"/></net>

<net id="97"><net_src comp="76" pin="2"/><net_sink comp="94" pin=0"/></net>

<net id="98"><net_src comp="94" pin="1"/><net_sink comp="63" pin=2"/></net>

<net id="99"><net_src comp="94" pin="1"/><net_sink comp="87" pin=0"/></net>

<net id="103"><net_src comp="37" pin="3"/><net_sink comp="100" pin=0"/></net>

<net id="104"><net_src comp="100" pin="1"/><net_sink comp="44" pin=0"/></net>

</net_list>

</model> 
---------------- Datapath Model END ------------------

* FSMD analyzer results:
  - Output states:
	Port: result_V | {1 3 }
 - Input state : 
	Port: add_bias_pre_L2 : input_V | {2 3 }
  - Chain level:
	State 1
		StgValue_5 : 1
	State 2
		tmp : 1
		i_2 : 1
		StgValue_11 : 2
		tmp_17 : 1
		input_V_addr : 2
		input_V_load : 3
	State 3
		result_V_addr_2 : 1
		StgValue_20 : 2


============================================================
+ Verbose Summary: Datapath Resource usage 
============================================================

* Functional unit list:
|----------|----------------|---------|---------|
| Operation| Functional Unit|    FF   |   LUT   |
|----------|----------------|---------|---------|
|    add   |    i_2_fu_76   |    0    |    15   |
|----------|----------------|---------|---------|
|   icmp   |    tmp_fu_70   |    0    |    11   |
|----------|----------------|---------|---------|
|   zext   |  tmp_17_fu_82  |    0    |    0    |
|          |   tmp_s_fu_87  |    0    |    0    |
|----------|----------------|---------|---------|
|   Total  |                |    0    |    26   |
|----------|----------------|---------|---------|

Memories:
N/A

* Register list:
+--------------------+--------+
|                    |   FF   |
+--------------------+--------+
|     i_2_reg_94     |    5   |
|      i_reg_59      |    5   |
|input_V_addr_reg_100|    5   |
+--------------------+--------+
|        Total       |   15   |
+--------------------+--------+

* Multiplexer (MUX) list: 
|------------------|------|------|------|--------||---------||---------|
|       Comp       |  Pin | Size |  BW  | S x BW ||  Delay  ||   LUT   |
|------------------|------|------|------|--------||---------||---------|
| grp_access_fu_30 |  p0  |   2  |   5  |   10   ||    9    |
| grp_access_fu_30 |  p1  |   2  |  18  |   36   ||    9    |
| grp_access_fu_44 |  p0  |   2  |   5  |   10   ||    9    |
|------------------|------|------|------|--------||---------||---------|
|       Total      |      |      |      |   56   ||  2.616  ||    27   |
|------------------|------|------|------|--------||---------||---------|



* Summary:
+-----------+--------+--------+--------+
|           |  Delay |   FF   |   LUT  |
+-----------+--------+--------+--------+
|  Function |    -   |    0   |   26   |
|   Memory  |    -   |    -   |    -   |
|Multiplexer|    2   |    -   |   27   |
|  Register |    -   |   15   |    -   |
+-----------+--------+--------+--------+
|   Total   |    2   |   15   |   53   |
+-----------+--------+--------+--------+
