==============================================================
File generated by Vivado(TM) HLS - High-Level Synthesis from C, C++ and SystemC
Version: 2018.2
Copyright (C) 1986-2018 Xilinx, Inc. All Rights Reserved.

==============================================================

INFO: [SYN 201-201] Setting up clock 'default' with a period of 4ns.
INFO: [HLS 200-10] Setting target device to 'xc7k325tffg676-2'
INFO: [HLS 200-10] Analyzing design file '../src/mlp.cpp' ... 
INFO: [HLS 200-111] Finished Linking Time (s): cpu = 00:00:01 ; elapsed = 00:00:17 . Memory (MB): peak = 102.453 ; gain = 45.926
INFO: [HLS 200-111] Finished Checking Pragmas Time (s): cpu = 00:00:01 ; elapsed = 00:00:17 . Memory (MB): peak = 102.453 ; gain = 45.926
INFO: [HLS 200-10] Starting code transformations ...
INFO: [XFORM 203-603] Inlining function 'ap_fixed_base<18, 6, true, (ap_q_mode)5, (ap_o_mode)3, 0>::operator>>' into 'sigmoid_activation_L1' (../src/mlp.cpp:137).
INFO: [XFORM 203-603] Inlining function 'ap_fixed_base<36, 12, true, (ap_q_mode)5, (ap_o_mode)3, 0>::operator>>' into 'sigmoid_activation_L1' (../src/mlp.cpp:137).
INFO: [XFORM 203-603] Inlining function 'ap_fixed_base<18, 5, true, (ap_q_mode)5, (ap_o_mode)3, 0>::operator>>' into 'sigmoid_activation_L2' (../src/mlp.cpp:169).
INFO: [XFORM 203-603] Inlining function 'ap_fixed_base<36, 10, true, (ap_q_mode)5, (ap_o_mode)3, 0>::operator>>' into 'sigmoid_activation_L2' (../src/mlp.cpp:169).
INFO: [HLS 200-111] Finished Standard Transforms Time (s): cpu = 00:00:02 ; elapsed = 00:00:19 . Memory (MB): peak = 123.680 ; gain = 67.152
INFO: [HLS 200-10] Checking synthesizability ...
INFO: [HLS 200-111] Finished Checking Synthesizability Time (s): cpu = 00:00:03 ; elapsed = 00:00:21 . Memory (MB): peak = 135.438 ; gain = 78.910
WARNING: [XFORM 203-713] Reading dataflow channel 'weights_L1.V' in the middle of dataflow may stall the dataflow pipeline:
WARNING: [XFORM 203-713] Argument 'weights_L1.V' has read operations in process function 'mvprod_layer_1'.
WARNING: [XFORM 203-713] All the elements of global array 'L1_no_activ.V' should be updated in process function 'mvprod_layer_1', otherwise it may not be synthesized correctly.
WARNING: [XFORM 203-713] All the elements of global array 'L1_activ.V' should be updated in process function 'sigmoid_activation_L1', otherwise it may not be synthesized correctly.
WARNING: [XFORM 203-713] Reading dataflow channel 'weights_L2.V' in the middle of dataflow may stall the dataflow pipeline:
WARNING: [XFORM 203-713] Argument 'weights_L2.V' has read operations in process function 'mvprod_layer_2'.
WARNING: [XFORM 203-713] All the elements of global array 'L2_out.V' should be updated in process function 'mvprod_layer_2', otherwise it may not be synthesized correctly.
WARNING: [XFORM 203-713] All the elements of global array 'L2_out_activ.V' should be updated in process function 'sigmoid_activation_L2', otherwise it may not be synthesized correctly.
INFO: [XFORM 203-712] Applying dataflow to function 'mlp', detected/extracted 9 process function(s): 
	 'add_bias_pre_L1'
	 'mvprod_layer_1'
	 'sigmoid_activation_L1'
	 'add_bias_pre_L2'
	 'mvprod_layer_2'
	 'sigmoid_activation_L2'
	 'classify'
	 'Block_arrayctor.loop1.preheader311_proc'
	 '__../src/mlp.cpp_line24_proc'.
INFO: [XFORM 203-401] Performing if-conversion on hyperblock from (../src/mlp.cpp:157:3) to (../src/mlp.cpp:172:6) in function 'sigmoid_activation_L2'... converting 3 basic blocks.
INFO: [XFORM 203-401] Performing if-conversion on hyperblock from (../src/mlp.cpp:125:3) to (../src/mlp.cpp:140:6) in function 'sigmoid_activation_L1'... converting 3 basic blocks.
INFO: [XFORM 203-401] Performing if-conversion on hyperblock from (../src/mlp.cpp:36:3) to (../src/mlp.cpp:35:26) in function 'classify'... converting 3 basic blocks.
INFO: [HLS 200-111] Finished Pre-synthesis Time (s): cpu = 00:00:05 ; elapsed = 00:00:23 . Memory (MB): peak = 168.121 ; gain = 111.594
WARNING: [XFORM 203-631] Renaming function 'sigmoid_activation_L2' to 'sigmoid_activation_L' (../src/mlp.cpp:156:27)
WARNING: [XFORM 203-631] Renaming function 'sigmoid_activation_L1' to 'sigmoid_activation_L.1' (../src/mlp.cpp:124:27)
WARNING: [XFORM 203-631] Renaming function '__../src/mlp.cpp_line24_proc' to '__../src/mlp.cpp_lin' 
WARNING: [XFORM 203-631] Renaming function 'Block_arrayctor.loop1.preheader311_proc' to 'Block_arrayctor.loop' 
INFO: [HLS 200-111] Finished Architecture Synthesis Time (s): cpu = 00:00:05 ; elapsed = 00:00:23 . Memory (MB): peak = 252.004 ; gain = 195.477
INFO: [HLS 200-10] Starting hardware synthesis ...
INFO: [HLS 200-10] Synthesizing 'mlp' ...
WARNING: [SYN 201-103] Legalizing function name 'sigmoid_activation_L.1' to 'sigmoid_activation_L_1'.
WARNING: [SYN 201-103] Legalizing function name 'Block_arrayctor.loop' to 'Block_arrayctor_loop'.
WARNING: [SYN 201-103] Legalizing function name '__../src/mlp.cpp_lin' to 'p_src_mlp_cpp_lin'.
INFO: [HLS 200-10] ----------------------------------------------------------------
INFO: [HLS 200-42] -- Implementing module 'add_bias_pre_L1' 
INFO: [HLS 200-10] ----------------------------------------------------------------
INFO: [SCHED 204-11] Starting scheduling ...
INFO: [SCHED 204-11] Finished scheduling.
INFO: [HLS 200-111]  Elapsed time: 23.055 seconds; current allocated memory: 206.316 MB.
INFO: [HLS 200-434] Only 0 loops out of a total 1 loops have been pipelined in this design.
INFO: [BIND 205-100] Starting micro-architecture generation ...
INFO: [BIND 205-101] Performing variable lifetime analysis.
INFO: [BIND 205-101] Exploring resource sharing.
INFO: [BIND 205-101] Binding ...
INFO: [BIND 205-100] Finished micro-architecture generation.
INFO: [HLS 200-111]  Elapsed time: 0.1 seconds; current allocated memory: 206.403 MB.
INFO: [HLS 200-10] ----------------------------------------------------------------
INFO: [HLS 200-42] -- Implementing module 'mvprod_layer_1' 
INFO: [HLS 200-10] ----------------------------------------------------------------
INFO: [SCHED 204-11] Starting scheduling ...
INFO: [SCHED 204-11] Finished scheduling.
INFO: [HLS 200-111]  Elapsed time: 0.127 seconds; current allocated memory: 206.629 MB.
INFO: [BIND 205-100] Starting micro-architecture generation ...
INFO: [BIND 205-101] Performing variable lifetime analysis.
INFO: [BIND 205-101] Exploring resource sharing.
INFO: [BIND 205-101] Binding ...
INFO: [BIND 205-100] Finished micro-architecture generation.
INFO: [HLS 200-111]  Elapsed time: 0.111 seconds; current allocated memory: 206.784 MB.
INFO: [HLS 200-10] ----------------------------------------------------------------
INFO: [HLS 200-42] -- Implementing module 'sigmoid_activation_L_1' 
INFO: [HLS 200-10] ----------------------------------------------------------------
INFO: [SCHED 204-11] Starting scheduling ...
INFO: [SCHED 204-11] Finished scheduling.
INFO: [HLS 200-111]  Elapsed time: 0.142 seconds; current allocated memory: 206.932 MB.
INFO: [BIND 205-100] Starting micro-architecture generation ...
INFO: [BIND 205-101] Performing variable lifetime analysis.
INFO: [BIND 205-101] Exploring resource sharing.
INFO: [BIND 205-101] Binding ...
INFO: [BIND 205-100] Finished micro-architecture generation.
INFO: [HLS 200-111]  Elapsed time: 0.102 seconds; current allocated memory: 207.068 MB.
INFO: [HLS 200-10] ----------------------------------------------------------------
INFO: [HLS 200-42] -- Implementing module 'add_bias_pre_L2' 
INFO: [HLS 200-10] ----------------------------------------------------------------
INFO: [SCHED 204-11] Starting scheduling ...
INFO: [SCHED 204-11] Finished scheduling.
INFO: [HLS 200-111]  Elapsed time: 0.124 seconds; current allocated memory: 207.154 MB.
INFO: [BIND 205-100] Starting micro-architecture generation ...
INFO: [BIND 205-101] Performing variable lifetime analysis.
INFO: [BIND 205-101] Exploring resource sharing.
INFO: [BIND 205-101] Binding ...
INFO: [BIND 205-100] Finished micro-architecture generation.
INFO: [HLS 200-111]  Elapsed time: 0.087 seconds; current allocated memory: 207.214 MB.
INFO: [HLS 200-10] ----------------------------------------------------------------
INFO: [HLS 200-42] -- Implementing module 'mvprod_layer_2' 
INFO: [HLS 200-10] ----------------------------------------------------------------
INFO: [SCHED 204-11] Starting scheduling ...
INFO: [SCHED 204-11] Finished scheduling.
INFO: [HLS 200-111]  Elapsed time: 0.117 seconds; current allocated memory: 207.409 MB.
INFO: [BIND 205-100] Starting micro-architecture generation ...
INFO: [BIND 205-101] Performing variable lifetime analysis.
INFO: [BIND 205-101] Exploring resource sharing.
INFO: [BIND 205-101] Binding ...
INFO: [BIND 205-100] Finished micro-architecture generation.
INFO: [HLS 200-111]  Elapsed time: 0.107 seconds; current allocated memory: 207.567 MB.
INFO: [HLS 200-10] ----------------------------------------------------------------
INFO: [HLS 200-42] -- Implementing module 'sigmoid_activation_L' 
INFO: [HLS 200-10] ----------------------------------------------------------------
INFO: [SCHED 204-11] Starting scheduling ...
INFO: [SCHED 204-11] Finished scheduling.
INFO: [HLS 200-111]  Elapsed time: 0.148 seconds; current allocated memory: 207.715 MB.
INFO: [BIND 205-100] Starting micro-architecture generation ...
INFO: [BIND 205-101] Performing variable lifetime analysis.
INFO: [BIND 205-101] Exploring resource sharing.
INFO: [BIND 205-101] Binding ...
INFO: [BIND 205-100] Finished micro-architecture generation.
INFO: [HLS 200-111]  Elapsed time: 0.105 seconds; current allocated memory: 207.850 MB.
INFO: [HLS 200-10] ----------------------------------------------------------------
INFO: [HLS 200-42] -- Implementing module 'classify' 
INFO: [HLS 200-10] ----------------------------------------------------------------
INFO: [SCHED 204-11] Starting scheduling ...
INFO: [SCHED 204-11] Finished scheduling.
INFO: [HLS 200-111]  Elapsed time: 0.125 seconds; current allocated memory: 207.913 MB.
INFO: [BIND 205-100] Starting micro-architecture generation ...
INFO: [BIND 205-101] Performing variable lifetime analysis.
INFO: [BIND 205-101] Exploring resource sharing.
INFO: [BIND 205-101] Binding ...
INFO: [BIND 205-100] Finished micro-architecture generation.
INFO: [HLS 200-111]  Elapsed time: 0.093 seconds; current allocated memory: 207.993 MB.
INFO: [HLS 200-10] ----------------------------------------------------------------
INFO: [HLS 200-42] -- Implementing module 'Block_arrayctor_loop' 
INFO: [HLS 200-10] ----------------------------------------------------------------
INFO: [SCHED 204-11] Starting scheduling ...
INFO: [SCHED 204-11] Finished scheduling.
INFO: [HLS 200-111]  Elapsed time: 0.103 seconds; current allocated memory: 208.002 MB.
INFO: [BIND 205-100] Starting micro-architecture generation ...
INFO: [BIND 205-101] Performing variable lifetime analysis.
INFO: [BIND 205-101] Exploring resource sharing.
INFO: [BIND 205-101] Binding ...
INFO: [BIND 205-100] Finished micro-architecture generation.
INFO: [HLS 200-111]  Elapsed time: 0.079 seconds; current allocated memory: 208.023 MB.
INFO: [HLS 200-10] ----------------------------------------------------------------
INFO: [HLS 200-42] -- Implementing module 'p_src_mlp_cpp_lin' 
INFO: [HLS 200-10] ----------------------------------------------------------------
INFO: [SCHED 204-11] Starting scheduling ...
INFO: [SCHED 204-11] Finished scheduling.
INFO: [HLS 200-111]  Elapsed time: 0.088 seconds; current allocated memory: 208.031 MB.
INFO: [BIND 205-100] Starting micro-architecture generation ...
INFO: [BIND 205-101] Performing variable lifetime analysis.
INFO: [BIND 205-101] Exploring resource sharing.
INFO: [BIND 205-101] Binding ...
INFO: [BIND 205-100] Finished micro-architecture generation.
INFO: [HLS 200-111]  Elapsed time: 0.08 seconds; current allocated memory: 208.052 MB.
INFO: [HLS 200-10] ----------------------------------------------------------------
INFO: [HLS 200-42] -- Implementing module 'mlp' 
INFO: [HLS 200-10] ----------------------------------------------------------------
INFO: [SCHED 204-11] Starting scheduling ...
INFO: [SCHED 204-11] Finished scheduling.
INFO: [HLS 200-111]  Elapsed time: 0.089 seconds; current allocated memory: 208.140 MB.
INFO: [BIND 205-100] Starting micro-architecture generation ...
INFO: [BIND 205-101] Performing variable lifetime analysis.
INFO: [BIND 205-101] Exploring resource sharing.
INFO: [BIND 205-101] Binding ...
INFO: [BIND 205-100] Finished micro-architecture generation.
INFO: [HLS 200-111]  Elapsed time: 0.282 seconds; current allocated memory: 208.323 MB.
INFO: [HLS 200-10] ----------------------------------------------------------------
INFO: [HLS 200-10] -- Generating RTL for module 'add_bias_pre_L1' 
INFO: [HLS 200-10] ----------------------------------------------------------------
INFO: [RTGEN 206-100] Finished creating RTL model for 'add_bias_pre_L1'.
INFO: [HLS 200-111]  Elapsed time: 0.182 seconds; current allocated memory: 208.544 MB.
INFO: [HLS 200-10] ----------------------------------------------------------------
INFO: [HLS 200-10] -- Generating RTL for module 'mvprod_layer_1' 
INFO: [HLS 200-10] ----------------------------------------------------------------
INFO: [SYN 201-210] Renamed object name 'mlp_mac_muladd_18s_18s_38ns_39_3_1' to 'mlp_mac_muladd_18bkb' due to the length limit 20
INFO: [RTGEN 206-100] Generating core module 'mlp_mac_muladd_18bkb': 1 instance(s).
INFO: [RTGEN 206-100] Finished creating RTL model for 'mvprod_layer_1'.
INFO: [HLS 200-111]  Elapsed time: 0.213 seconds; current allocated memory: 208.943 MB.
INFO: [HLS 200-10] ----------------------------------------------------------------
INFO: [HLS 200-10] -- Generating RTL for module 'sigmoid_activation_L_1' 
INFO: [HLS 200-10] ----------------------------------------------------------------
INFO: [SYN 201-210] Renamed object name 'mlp_mul_mul_18s_18s_31_3_1' to 'mlp_mul_mul_18s_1cud' due to the length limit 20
INFO: [RTGEN 206-100] Generating core module 'mlp_mul_mul_18s_1cud': 1 instance(s).
INFO: [RTGEN 206-100] Finished creating RTL model for 'sigmoid_activation_L_1'.
INFO: [HLS 200-111]  Elapsed time: 0.33 seconds; current allocated memory: 209.341 MB.
INFO: [HLS 200-10] ----------------------------------------------------------------
INFO: [HLS 200-10] -- Generating RTL for module 'add_bias_pre_L2' 
INFO: [HLS 200-10] ----------------------------------------------------------------
INFO: [RTGEN 206-100] Finished creating RTL model for 'add_bias_pre_L2'.
INFO: [HLS 200-111]  Elapsed time: 0.275 seconds; current allocated memory: 209.525 MB.
INFO: [HLS 200-10] ----------------------------------------------------------------
INFO: [HLS 200-10] -- Generating RTL for module 'mvprod_layer_2' 
INFO: [HLS 200-10] ----------------------------------------------------------------
INFO: [SYN 201-210] Renamed object name 'mlp_mul_mul_18s_18s_36_3_1' to 'mlp_mul_mul_18s_1dEe' due to the length limit 20
INFO: [RTGEN 206-100] Generating core module 'mlp_mul_mul_18s_1dEe': 1 instance(s).
INFO: [RTGEN 206-100] Finished creating RTL model for 'mvprod_layer_2'.
INFO: [HLS 200-111]  Elapsed time: 0.234 seconds; current allocated memory: 209.878 MB.
INFO: [HLS 200-10] ----------------------------------------------------------------
INFO: [HLS 200-10] -- Generating RTL for module 'sigmoid_activation_L' 
INFO: [HLS 200-10] ----------------------------------------------------------------
INFO: [SYN 201-210] Renamed object name 'mlp_mul_mul_18s_18s_33_3_1' to 'mlp_mul_mul_18s_1eOg' due to the length limit 20
INFO: [RTGEN 206-100] Generating core module 'mlp_mul_mul_18s_1eOg': 1 instance(s).
INFO: [RTGEN 206-100] Finished creating RTL model for 'sigmoid_activation_L'.
INFO: [HLS 200-111]  Elapsed time: 0.339 seconds; current allocated memory: 210.255 MB.
INFO: [HLS 200-10] ----------------------------------------------------------------
INFO: [HLS 200-10] -- Generating RTL for module 'classify' 
INFO: [HLS 200-10] ----------------------------------------------------------------
INFO: [RTGEN 206-100] Finished creating RTL model for 'classify'.
INFO: [HLS 200-111]  Elapsed time: 0.302 seconds; current allocated memory: 210.459 MB.
INFO: [HLS 200-10] ----------------------------------------------------------------
INFO: [HLS 200-10] -- Generating RTL for module 'Block_arrayctor_loop' 
INFO: [HLS 200-10] ----------------------------------------------------------------
INFO: [RTGEN 206-100] Finished creating RTL model for 'Block_arrayctor_loop'.
INFO: [HLS 200-111]  Elapsed time: 0.223 seconds; current allocated memory: 210.573 MB.
INFO: [HLS 200-10] ----------------------------------------------------------------
INFO: [HLS 200-10] -- Generating RTL for module 'p_src_mlp_cpp_lin' 
INFO: [HLS 200-10] ----------------------------------------------------------------
INFO: [RTGEN 206-100] Finished creating RTL model for 'p_src_mlp_cpp_lin'.
INFO: [HLS 200-111]  Elapsed time: 0.165 seconds; current allocated memory: 210.717 MB.
INFO: [HLS 200-10] ----------------------------------------------------------------
INFO: [HLS 200-10] -- Generating RTL for module 'mlp' 
INFO: [HLS 200-10] ----------------------------------------------------------------
INFO: [RTGEN 206-500] Setting interface mode on port 'mlp/weights_L1_V' to 'ap_memory'.
INFO: [RTGEN 206-500] Setting interface mode on port 'mlp/weights_L2_V' to 'ap_memory'.
INFO: [RTGEN 206-500] Setting interface mode on port 'mlp/input_V' to 'ap_memory'.
INFO: [RTGEN 206-500] Setting interface mode on function 'mlp' to 'ap_ctrl_hs'.
INFO: [RTGEN 206-100] Finished creating RTL model for 'mlp'.
INFO: [HLS 200-111]  Elapsed time: 0.222 seconds; current allocated memory: 211.658 MB.
INFO: [RTMG 210-278] Implementing memory 'mlp_bias_added_V_memcore_ram (RAM)' using block RAMs.
INFO: [RTMG 210-278] Implementing memory 'mlp_L1_no_activ_V_memcore_ram (RAM)' using distributed RAMs.
INFO: [RTMG 210-278] Implementing memory 'mlp_L2_bias_added_V_memcore_ram (RAM)' using distributed RAMs.
INFO: [RTMG 210-278] Implementing memory 'mlp_L2_out_V_memcore_ram (RAM)' using distributed RAMs.
INFO: [RTMG 210-285] Implementing FIFO 'digit_U(fifo_w32_d2_A)' using Shift Registers.
INFO: [RTMG 210-285] Implementing FIFO 'digit_load_loc_chann_U(fifo_w32_d2_A)' using Shift Registers.
INFO: [HLS 200-111] Finished generating all RTL models Time (s): cpu = 00:00:09 ; elapsed = 00:00:31 . Memory (MB): peak = 269.961 ; gain = 213.434
INFO: [SYSC 207-301] Generating SystemC RTL for mlp.
INFO: [VHDL 208-304] Generating VHDL RTL for mlp.
INFO: [VLOG 209-307] Generating Verilog RTL for mlp.
INFO: [HLS 200-112] Total elapsed time: 31.425 seconds; peak allocated memory: 211.658 MB.
==============================================================
File generated by Vivado(TM) HLS - High-Level Synthesis from C, C++ and SystemC
Version: 2018.2
Copyright (C) 1986-2018 Xilinx, Inc. All Rights Reserved.

==============================================================

INFO: [SYN 201-201] Setting up clock 'default' with a period of 4ns.
INFO: [HLS 200-10] Setting target device to 'xc7k325tffg676-2'
INFO: [HLS 200-10] Analyzing design file '../src/mlp.cpp' ... 
INFO: [HLS 200-111] Finished Linking Time (s): cpu = 00:00:01 ; elapsed = 00:00:19 . Memory (MB): peak = 102.617 ; gain = 46.699
INFO: [HLS 200-111] Finished Checking Pragmas Time (s): cpu = 00:00:01 ; elapsed = 00:00:19 . Memory (MB): peak = 102.617 ; gain = 46.699
INFO: [HLS 200-10] Starting code transformations ...
INFO: [XFORM 203-603] Inlining function 'ap_fixed_base<18, 6, true, (ap_q_mode)5, (ap_o_mode)3, 0>::operator>>' into 'sigmoid_activation_L1' (../src/mlp.cpp:137).
INFO: [XFORM 203-603] Inlining function 'ap_fixed_base<36, 12, true, (ap_q_mode)5, (ap_o_mode)3, 0>::operator>>' into 'sigmoid_activation_L1' (../src/mlp.cpp:137).
INFO: [XFORM 203-603] Inlining function 'ap_fixed_base<18, 5, true, (ap_q_mode)5, (ap_o_mode)3, 0>::operator>>' into 'sigmoid_activation_L2' (../src/mlp.cpp:169).
INFO: [XFORM 203-603] Inlining function 'ap_fixed_base<36, 10, true, (ap_q_mode)5, (ap_o_mode)3, 0>::operator>>' into 'sigmoid_activation_L2' (../src/mlp.cpp:169).
INFO: [HLS 200-111] Finished Standard Transforms Time (s): cpu = 00:00:02 ; elapsed = 00:00:21 . Memory (MB): peak = 124.074 ; gain = 68.156
INFO: [HLS 200-10] Checking synthesizability ...
INFO: [HLS 200-111] Finished Checking Synthesizability Time (s): cpu = 00:00:04 ; elapsed = 00:00:23 . Memory (MB): peak = 136.090 ; gain = 80.172
WARNING: [XFORM 203-713] Reading dataflow channel 'weights_L1.V' in the middle of dataflow may stall the dataflow pipeline:
WARNING: [XFORM 203-713] Argument 'weights_L1.V' has read operations in process function 'mvprod_layer_1'.
WARNING: [XFORM 203-713] All the elements of global array 'L1_no_activ.V' should be updated in process function 'mvprod_layer_1', otherwise it may not be synthesized correctly.
WARNING: [XFORM 203-713] All the elements of global array 'L1_activ.V' should be updated in process function 'sigmoid_activation_L1', otherwise it may not be synthesized correctly.
WARNING: [XFORM 203-713] Reading dataflow channel 'weights_L2.V' in the middle of dataflow may stall the dataflow pipeline:
WARNING: [XFORM 203-713] Argument 'weights_L2.V' has read operations in process function 'mvprod_layer_2'.
WARNING: [XFORM 203-713] All the elements of global array 'L2_out.V' should be updated in process function 'mvprod_layer_2', otherwise it may not be synthesized correctly.
WARNING: [XFORM 203-713] All the elements of global array 'L2_out_activ.V' should be updated in process function 'sigmoid_activation_L2', otherwise it may not be synthesized correctly.
INFO: [XFORM 203-712] Applying dataflow to function 'mlp', detected/extracted 9 process function(s): 
	 'add_bias_pre_L1'
	 'mvprod_layer_1'
	 'sigmoid_activation_L1'
	 'add_bias_pre_L2'
	 'mvprod_layer_2'
	 'sigmoid_activation_L2'
	 'classify'
	 'Block_arrayctor.loop1.preheader311_proc'
	 '__../src/mlp.cpp_line24_proc'.
INFO: [XFORM 203-401] Performing if-conversion on hyperblock from (../src/mlp.cpp:157:3) to (../src/mlp.cpp:172:6) in function 'sigmoid_activation_L2'... converting 3 basic blocks.
INFO: [XFORM 203-401] Performing if-conversion on hyperblock from (../src/mlp.cpp:125:3) to (../src/mlp.cpp:140:6) in function 'sigmoid_activation_L1'... converting 3 basic blocks.
INFO: [XFORM 203-401] Performing if-conversion on hyperblock from (../src/mlp.cpp:36:3) to (../src/mlp.cpp:35:26) in function 'classify'... converting 3 basic blocks.
INFO: [HLS 200-111] Finished Pre-synthesis Time (s): cpu = 00:00:05 ; elapsed = 00:00:24 . Memory (MB): peak = 169.020 ; gain = 113.102
WARNING: [XFORM 203-631] Renaming function 'sigmoid_activation_L2' to 'sigmoid_activation_L' (../src/mlp.cpp:156:27)
WARNING: [XFORM 203-631] Renaming function 'sigmoid_activation_L1' to 'sigmoid_activation_L.1' (../src/mlp.cpp:124:27)
WARNING: [XFORM 203-631] Renaming function '__../src/mlp.cpp_line24_proc' to '__../src/mlp.cpp_lin' 
WARNING: [XFORM 203-631] Renaming function 'Block_arrayctor.loop1.preheader311_proc' to 'Block_arrayctor.loop' 
INFO: [HLS 200-111] Finished Architecture Synthesis Time (s): cpu = 00:00:06 ; elapsed = 00:00:25 . Memory (MB): peak = 252.188 ; gain = 196.270
INFO: [HLS 200-10] Starting hardware synthesis ...
INFO: [HLS 200-10] Synthesizing 'mlp' ...
WARNING: [SYN 201-103] Legalizing function name 'sigmoid_activation_L.1' to 'sigmoid_activation_L_1'.
WARNING: [SYN 201-103] Legalizing function name 'Block_arrayctor.loop' to 'Block_arrayctor_loop'.
WARNING: [SYN 201-103] Legalizing function name '__../src/mlp.cpp_lin' to 'p_src_mlp_cpp_lin'.
INFO: [HLS 200-10] ----------------------------------------------------------------
INFO: [HLS 200-42] -- Implementing module 'add_bias_pre_L1' 
INFO: [HLS 200-10] ----------------------------------------------------------------
INFO: [SCHED 204-11] Starting scheduling ...
INFO: [SCHED 204-11] Finished scheduling.
INFO: [HLS 200-111]  Elapsed time: 24.781 seconds; current allocated memory: 206.331 MB.
INFO: [HLS 200-434] Only 0 loops out of a total 1 loops have been pipelined in this design.
INFO: [BIND 205-100] Starting micro-architecture generation ...
INFO: [BIND 205-101] Performing variable lifetime analysis.
INFO: [BIND 205-101] Exploring resource sharing.
INFO: [BIND 205-101] Binding ...
INFO: [BIND 205-100] Finished micro-architecture generation.
INFO: [HLS 200-111]  Elapsed time: 0.1 seconds; current allocated memory: 206.418 MB.
INFO: [HLS 200-10] ----------------------------------------------------------------
INFO: [HLS 200-42] -- Implementing module 'mvprod_layer_1' 
INFO: [HLS 200-10] ----------------------------------------------------------------
INFO: [SCHED 204-11] Starting scheduling ...
INFO: [SCHED 204-11] Finished scheduling.
INFO: [HLS 200-111]  Elapsed time: 0.12 seconds; current allocated memory: 206.644 MB.
INFO: [BIND 205-100] Starting micro-architecture generation ...
INFO: [BIND 205-101] Performing variable lifetime analysis.
INFO: [BIND 205-101] Exploring resource sharing.
INFO: [BIND 205-101] Binding ...
INFO: [BIND 205-100] Finished micro-architecture generation.
INFO: [HLS 200-111]  Elapsed time: 0.109 seconds; current allocated memory: 206.799 MB.
INFO: [HLS 200-10] ----------------------------------------------------------------
INFO: [HLS 200-42] -- Implementing module 'sigmoid_activation_L_1' 
INFO: [HLS 200-10] ----------------------------------------------------------------
INFO: [SCHED 204-11] Starting scheduling ...
INFO: [SCHED 204-11] Finished scheduling.
INFO: [HLS 200-111]  Elapsed time: 0.143 seconds; current allocated memory: 206.964 MB.
INFO: [BIND 205-100] Starting micro-architecture generation ...
INFO: [BIND 205-101] Performing variable lifetime analysis.
INFO: [BIND 205-101] Exploring resource sharing.
INFO: [BIND 205-101] Binding ...
INFO: [BIND 205-100] Finished micro-architecture generation.
INFO: [HLS 200-111]  Elapsed time: 0.103 seconds; current allocated memory: 207.100 MB.
INFO: [HLS 200-10] ----------------------------------------------------------------
INFO: [HLS 200-42] -- Implementing module 'add_bias_pre_L2' 
INFO: [HLS 200-10] ----------------------------------------------------------------
INFO: [SCHED 204-11] Starting scheduling ...
INFO: [SCHED 204-11] Finished scheduling.
INFO: [HLS 200-111]  Elapsed time: 0.126 seconds; current allocated memory: 207.169 MB.
INFO: [BIND 205-100] Starting micro-architecture generation ...
INFO: [BIND 205-101] Performing variable lifetime analysis.
INFO: [BIND 205-101] Exploring resource sharing.
INFO: [BIND 205-101] Binding ...
INFO: [BIND 205-100] Finished micro-architecture generation.
INFO: [HLS 200-111]  Elapsed time: 0.09 seconds; current allocated memory: 207.229 MB.
INFO: [HLS 200-10] ----------------------------------------------------------------
INFO: [HLS 200-42] -- Implementing module 'mvprod_layer_2' 
INFO: [HLS 200-10] ----------------------------------------------------------------
INFO: [SCHED 204-11] Starting scheduling ...
INFO: [SCHED 204-11] Finished scheduling.
INFO: [HLS 200-111]  Elapsed time: 0.119 seconds; current allocated memory: 207.440 MB.
INFO: [BIND 205-100] Starting micro-architecture generation ...
INFO: [BIND 205-101] Performing variable lifetime analysis.
INFO: [BIND 205-101] Exploring resource sharing.
INFO: [BIND 205-101] Binding ...
INFO: [BIND 205-100] Finished micro-architecture generation.
INFO: [HLS 200-111]  Elapsed time: 0.111 seconds; current allocated memory: 207.598 MB.
INFO: [HLS 200-10] ----------------------------------------------------------------
INFO: [HLS 200-42] -- Implementing module 'sigmoid_activation_L' 
INFO: [HLS 200-10] ----------------------------------------------------------------
INFO: [SCHED 204-11] Starting scheduling ...
INFO: [SCHED 204-11] Finished scheduling.
INFO: [HLS 200-111]  Elapsed time: 0.146 seconds; current allocated memory: 207.731 MB.
INFO: [BIND 205-100] Starting micro-architecture generation ...
INFO: [BIND 205-101] Performing variable lifetime analysis.
INFO: [BIND 205-101] Exploring resource sharing.
INFO: [BIND 205-101] Binding ...
INFO: [BIND 205-100] Finished micro-architecture generation.
INFO: [HLS 200-111]  Elapsed time: 0.106 seconds; current allocated memory: 207.866 MB.
INFO: [HLS 200-10] ----------------------------------------------------------------
INFO: [HLS 200-42] -- Implementing module 'classify' 
INFO: [HLS 200-10] ----------------------------------------------------------------
INFO: [SCHED 204-11] Starting scheduling ...
INFO: [SCHED 204-11] Finished scheduling.
INFO: [HLS 200-111]  Elapsed time: 0.128 seconds; current allocated memory: 207.928 MB.
INFO: [BIND 205-100] Starting micro-architecture generation ...
INFO: [BIND 205-101] Performing variable lifetime analysis.
INFO: [BIND 205-101] Exploring resource sharing.
INFO: [BIND 205-101] Binding ...
INFO: [BIND 205-100] Finished micro-architecture generation.
INFO: [HLS 200-111]  Elapsed time: 0.096 seconds; current allocated memory: 208.009 MB.
INFO: [HLS 200-10] ----------------------------------------------------------------
INFO: [HLS 200-42] -- Implementing module 'Block_arrayctor_loop' 
INFO: [HLS 200-10] ----------------------------------------------------------------
INFO: [SCHED 204-11] Starting scheduling ...
INFO: [SCHED 204-11] Finished scheduling.
INFO: [HLS 200-111]  Elapsed time: 0.106 seconds; current allocated memory: 208.033 MB.
INFO: [BIND 205-100] Starting micro-architecture generation ...
INFO: [BIND 205-101] Performing variable lifetime analysis.
INFO: [BIND 205-101] Exploring resource sharing.
INFO: [BIND 205-101] Binding ...
INFO: [BIND 205-100] Finished micro-architecture generation.
INFO: [HLS 200-111]  Elapsed time: 0.081 seconds; current allocated memory: 208.054 MB.
INFO: [HLS 200-10] ----------------------------------------------------------------
INFO: [HLS 200-42] -- Implementing module 'p_src_mlp_cpp_lin' 
INFO: [HLS 200-10] ----------------------------------------------------------------
INFO: [SCHED 204-11] Starting scheduling ...
INFO: [SCHED 204-11] Finished scheduling.
INFO: [HLS 200-111]  Elapsed time: 0.089 seconds; current allocated memory: 208.062 MB.
INFO: [BIND 205-100] Starting micro-architecture generation ...
INFO: [BIND 205-101] Performing variable lifetime analysis.
INFO: [BIND 205-101] Exploring resource sharing.
INFO: [BIND 205-101] Binding ...
INFO: [BIND 205-100] Finished micro-architecture generation.
INFO: [HLS 200-111]  Elapsed time: 0.084 seconds; current allocated memory: 208.083 MB.
INFO: [HLS 200-10] ----------------------------------------------------------------
INFO: [HLS 200-42] -- Implementing module 'mlp' 
INFO: [HLS 200-10] ----------------------------------------------------------------
INFO: [SCHED 204-11] Starting scheduling ...
INFO: [SCHED 204-11] Finished scheduling.
INFO: [HLS 200-111]  Elapsed time: 0.094 seconds; current allocated memory: 208.171 MB.
INFO: [BIND 205-100] Starting micro-architecture generation ...
INFO: [BIND 205-101] Performing variable lifetime analysis.
INFO: [BIND 205-101] Exploring resource sharing.
INFO: [BIND 205-101] Binding ...
INFO: [BIND 205-100] Finished micro-architecture generation.
INFO: [HLS 200-111]  Elapsed time: 0.28 seconds; current allocated memory: 208.338 MB.
INFO: [HLS 200-10] ----------------------------------------------------------------
INFO: [HLS 200-10] -- Generating RTL for module 'add_bias_pre_L1' 
INFO: [HLS 200-10] ----------------------------------------------------------------
INFO: [RTGEN 206-100] Finished creating RTL model for 'add_bias_pre_L1'.
INFO: [HLS 200-111]  Elapsed time: 0.18 seconds; current allocated memory: 208.560 MB.
INFO: [HLS 200-10] ----------------------------------------------------------------
INFO: [HLS 200-10] -- Generating RTL for module 'mvprod_layer_1' 
INFO: [HLS 200-10] ----------------------------------------------------------------
INFO: [SYN 201-210] Renamed object name 'mlp_mac_muladd_18s_18s_38ns_39_3_1' to 'mlp_mac_muladd_18bkb' due to the length limit 20
INFO: [RTGEN 206-100] Generating core module 'mlp_mac_muladd_18bkb': 1 instance(s).
INFO: [RTGEN 206-100] Finished creating RTL model for 'mvprod_layer_1'.
INFO: [HLS 200-111]  Elapsed time: 0.227 seconds; current allocated memory: 208.943 MB.
INFO: [HLS 200-10] ----------------------------------------------------------------
INFO: [HLS 200-10] -- Generating RTL for module 'sigmoid_activation_L_1' 
INFO: [HLS 200-10] ----------------------------------------------------------------
INFO: [SYN 201-210] Renamed object name 'mlp_mul_mul_18s_18s_31_3_1' to 'mlp_mul_mul_18s_1cud' due to the length limit 20
INFO: [RTGEN 206-100] Generating core module 'mlp_mul_mul_18s_1cud': 1 instance(s).
INFO: [RTGEN 206-100] Finished creating RTL model for 'sigmoid_activation_L_1'.
INFO: [HLS 200-111]  Elapsed time: 0.331 seconds; current allocated memory: 209.325 MB.
INFO: [HLS 200-10] ----------------------------------------------------------------
INFO: [HLS 200-10] -- Generating RTL for module 'add_bias_pre_L2' 
INFO: [HLS 200-10] ----------------------------------------------------------------
INFO: [RTGEN 206-100] Finished creating RTL model for 'add_bias_pre_L2'.
INFO: [HLS 200-111]  Elapsed time: 0.299 seconds; current allocated memory: 209.509 MB.
INFO: [HLS 200-10] ----------------------------------------------------------------
INFO: [HLS 200-10] -- Generating RTL for module 'mvprod_layer_2' 
INFO: [HLS 200-10] ----------------------------------------------------------------
INFO: [SYN 201-210] Renamed object name 'mlp_mul_mul_18s_18s_36_3_1' to 'mlp_mul_mul_18s_1dEe' due to the length limit 20
INFO: [RTGEN 206-100] Generating core module 'mlp_mul_mul_18s_1dEe': 1 instance(s).
INFO: [RTGEN 206-100] Finished creating RTL model for 'mvprod_layer_2'.
INFO: [HLS 200-111]  Elapsed time: 0.24 seconds; current allocated memory: 209.862 MB.
INFO: [HLS 200-10] ----------------------------------------------------------------
INFO: [HLS 200-10] -- Generating RTL for module 'sigmoid_activation_L' 
INFO: [HLS 200-10] ----------------------------------------------------------------
INFO: [SYN 201-210] Renamed object name 'mlp_mul_mul_18s_18s_33_3_1' to 'mlp_mul_mul_18s_1eOg' due to the length limit 20
INFO: [RTGEN 206-100] Generating core module 'mlp_mul_mul_18s_1eOg': 1 instance(s).
INFO: [RTGEN 206-100] Finished creating RTL model for 'sigmoid_activation_L'.
INFO: [HLS 200-111]  Elapsed time: 0.347 seconds; current allocated memory: 210.255 MB.
INFO: [HLS 200-10] ----------------------------------------------------------------
INFO: [HLS 200-10] -- Generating RTL for module 'classify' 
INFO: [HLS 200-10] ----------------------------------------------------------------
INFO: [RTGEN 206-100] Finished creating RTL model for 'classify'.
INFO: [HLS 200-111]  Elapsed time: 0.299 seconds; current allocated memory: 210.475 MB.
INFO: [HLS 200-10] ----------------------------------------------------------------
INFO: [HLS 200-10] -- Generating RTL for module 'Block_arrayctor_loop' 
INFO: [HLS 200-10] ----------------------------------------------------------------
INFO: [RTGEN 206-100] Finished creating RTL model for 'Block_arrayctor_loop'.
INFO: [HLS 200-111]  Elapsed time: 0.234 seconds; current allocated memory: 210.588 MB.
INFO: [HLS 200-10] ----------------------------------------------------------------
INFO: [HLS 200-10] -- Generating RTL for module 'p_src_mlp_cpp_lin' 
INFO: [HLS 200-10] ----------------------------------------------------------------
INFO: [RTGEN 206-100] Finished creating RTL model for 'p_src_mlp_cpp_lin'.
INFO: [HLS 200-111]  Elapsed time: 0.169 seconds; current allocated memory: 210.717 MB.
INFO: [HLS 200-10] ----------------------------------------------------------------
INFO: [HLS 200-10] -- Generating RTL for module 'mlp' 
INFO: [HLS 200-10] ----------------------------------------------------------------
INFO: [RTGEN 206-500] Setting interface mode on port 'mlp/weights_L1_V' to 'ap_memory'.
INFO: [RTGEN 206-500] Setting interface mode on port 'mlp/weights_L2_V' to 'ap_memory'.
INFO: [RTGEN 206-500] Setting interface mode on port 'mlp/input_V' to 'ap_memory'.
INFO: [RTGEN 206-500] Setting interface mode on function 'mlp' to 'ap_ctrl_hs'.
INFO: [RTGEN 206-100] Finished creating RTL model for 'mlp'.
INFO: [HLS 200-111]  Elapsed time: 0.246 seconds; current allocated memory: 211.658 MB.
INFO: [RTMG 210-278] Implementing memory 'mlp_bias_added_V_memcore_ram (RAM)' using block RAMs.
INFO: [RTMG 210-278] Implementing memory 'mlp_L1_no_activ_V_memcore_ram (RAM)' using distributed RAMs.
INFO: [RTMG 210-278] Implementing memory 'mlp_L2_bias_added_V_memcore_ram (RAM)' using distributed RAMs.
INFO: [RTMG 210-278] Implementing memory 'mlp_L2_out_V_memcore_ram (RAM)' using distributed RAMs.
INFO: [RTMG 210-285] Implementing FIFO 'digit_U(fifo_w32_d2_A)' using Shift Registers.
INFO: [RTMG 210-285] Implementing FIFO 'digit_load_loc_chann_U(fifo_w32_d2_A)' using Shift Registers.
INFO: [HLS 200-111] Finished generating all RTL models Time (s): cpu = 00:00:09 ; elapsed = 00:00:33 . Memory (MB): peak = 269.957 ; gain = 214.039
INFO: [SYSC 207-301] Generating SystemC RTL for mlp.
INFO: [VHDL 208-304] Generating VHDL RTL for mlp.
INFO: [VLOG 209-307] Generating Verilog RTL for mlp.
INFO: [HLS 200-112] Total elapsed time: 33.537 seconds; peak allocated memory: 211.658 MB.
==============================================================
File generated by Vivado(TM) HLS - High-Level Synthesis from C, C++ and SystemC
Version: 2018.2
Copyright (C) 1986-2018 Xilinx, Inc. All Rights Reserved.

==============================================================

INFO: [SYN 201-201] Setting up clock 'default' with a period of 4ns.
INFO: [HLS 200-10] Setting target device to 'xc7k325tffg676-2'
INFO: [HLS 200-10] Analyzing design file '../src/mlp.cpp' ... 
INFO: [HLS 200-111] Finished Linking Time (s): cpu = 00:00:01 ; elapsed = 00:00:17 . Memory (MB): peak = 102.820 ; gain = 47.324
INFO: [HLS 200-111] Finished Checking Pragmas Time (s): cpu = 00:00:01 ; elapsed = 00:00:17 . Memory (MB): peak = 102.820 ; gain = 47.324
INFO: [HLS 200-10] Starting code transformations ...
INFO: [XFORM 203-603] Inlining function 'ap_fixed_base<18, 6, true, (ap_q_mode)5, (ap_o_mode)3, 0>::operator>>' into 'sigmoid_activation_L1' (../src/mlp.cpp:137).
INFO: [XFORM 203-603] Inlining function 'ap_fixed_base<36, 12, true, (ap_q_mode)5, (ap_o_mode)3, 0>::operator>>' into 'sigmoid_activation_L1' (../src/mlp.cpp:137).
INFO: [XFORM 203-603] Inlining function 'ap_fixed_base<18, 5, true, (ap_q_mode)5, (ap_o_mode)3, 0>::operator>>' into 'sigmoid_activation_L2' (../src/mlp.cpp:169).
INFO: [XFORM 203-603] Inlining function 'ap_fixed_base<36, 10, true, (ap_q_mode)5, (ap_o_mode)3, 0>::operator>>' into 'sigmoid_activation_L2' (../src/mlp.cpp:169).
INFO: [HLS 200-111] Finished Standard Transforms Time (s): cpu = 00:00:03 ; elapsed = 00:00:20 . Memory (MB): peak = 124.004 ; gain = 68.508
INFO: [HLS 200-10] Checking synthesizability ...
INFO: [HLS 200-111] Finished Checking Synthesizability Time (s): cpu = 00:00:04 ; elapsed = 00:00:21 . Memory (MB): peak = 135.781 ; gain = 80.285
INFO: [XFORM 203-502] Unrolling all loops for pipelining in function 'mvprod_layer_2' (../src/mlp.cpp:93).
INFO: [XFORM 203-501] Unrolling loop 'outer' (../src/mlp.cpp:99) in function 'mvprod_layer_2' completely.
INFO: [XFORM 203-501] Unrolling loop 'inner' (../src/mlp.cpp:101) in function 'mvprod_layer_2' completely.
WARNING: [XFORM 203-713] Reading dataflow channel 'weights_L1.V' in the middle of dataflow may stall the dataflow pipeline:
WARNING: [XFORM 203-713] Argument 'weights_L1.V' has read operations in process function 'mvprod_layer_1'.
WARNING: [XFORM 203-713] All the elements of global array 'L1_no_activ.V' should be updated in process function 'mvprod_layer_1', otherwise it may not be synthesized correctly.
WARNING: [XFORM 203-713] All the elements of global array 'L1_activ.V' should be updated in process function 'sigmoid_activation_L1', otherwise it may not be synthesized correctly.
WARNING: [XFORM 203-713] Reading dataflow channel 'weights_L2.V' in the middle of dataflow may stall the dataflow pipeline:
WARNING: [XFORM 203-713] Argument 'weights_L2.V' has read operations in process function 'mvprod_layer_2'.
WARNING: [XFORM 203-713] All the elements of global array 'L2_out_activ.V' should be updated in process function 'sigmoid_activation_L2', otherwise it may not be synthesized correctly.
INFO: [XFORM 203-712] Applying dataflow to function 'mlp', detected/extracted 9 process function(s): 
	 'add_bias_pre_L1'
	 'mvprod_layer_1'
	 'sigmoid_activation_L1'
	 'add_bias_pre_L2'
	 'mvprod_layer_2'
	 'sigmoid_activation_L2'
	 'classify'
	 'Block_arrayctor.loop1.preheader311_proc'
	 '__../src/mlp.cpp_line24_proc'.
INFO: [XFORM 203-401] Performing if-conversion on hyperblock from (../src/mlp.cpp:157:3) to (../src/mlp.cpp:172:6) in function 'sigmoid_activation_L2'... converting 3 basic blocks.
INFO: [XFORM 203-401] Performing if-conversion on hyperblock from (../src/mlp.cpp:125:3) to (../src/mlp.cpp:140:6) in function 'sigmoid_activation_L1'... converting 3 basic blocks.
INFO: [XFORM 203-401] Performing if-conversion on hyperblock from (../src/mlp.cpp:36:3) to (../src/mlp.cpp:35:26) in function 'classify'... converting 3 basic blocks.
INFO: [HLS 200-111] Finished Pre-synthesis Time (s): cpu = 00:00:08 ; elapsed = 00:00:25 . Memory (MB): peak = 173.164 ; gain = 117.668
INFO: [XFORM 203-541] Flattening a loop nest 'outer' (../src/mlp.cpp:77:3) in function 'mvprod_layer_1'.
WARNING: [XFORM 203-631] Renaming function 'sigmoid_activation_L2' to 'sigmoid_activation_L' (../src/mlp.cpp:156:27)
WARNING: [XFORM 203-631] Renaming function 'sigmoid_activation_L1' to 'sigmoid_activation_L.1' (../src/mlp.cpp:124:27)
WARNING: [XFORM 203-631] Renaming function '__../src/mlp.cpp_line24_proc' to '__../src/mlp.cpp_lin' 
WARNING: [XFORM 203-631] Renaming function 'Block_arrayctor.loop1.preheader311_proc' to 'Block_arrayctor.loop' 
INFO: [XFORM 203-531] Rewinding loop 'outer_inner' in function 'mvprod_layer_1'.
INFO: [HLS 200-111] Finished Architecture Synthesis Time (s): cpu = 00:00:10 ; elapsed = 00:00:27 . Memory (MB): peak = 264.543 ; gain = 209.047
INFO: [HLS 200-10] Starting hardware synthesis ...
INFO: [HLS 200-10] Synthesizing 'mlp' ...
WARNING: [SYN 201-103] Legalizing function name 'sigmoid_activation_L.1' to 'sigmoid_activation_L_1'.
WARNING: [SYN 201-103] Legalizing function name 'Block_arrayctor.loop' to 'Block_arrayctor_loop'.
WARNING: [SYN 201-103] Legalizing function name '__../src/mlp.cpp_lin' to 'p_src_mlp_cpp_lin'.
INFO: [HLS 200-10] ----------------------------------------------------------------
INFO: [HLS 200-42] -- Implementing module 'add_bias_pre_L1' 
INFO: [HLS 200-10] ----------------------------------------------------------------
INFO: [SCHED 204-11] Starting scheduling ...
INFO: [SCHED 204-11] Finished scheduling.
INFO: [HLS 200-111]  Elapsed time: 27.466 seconds; current allocated memory: 216.529 MB.
INFO: [HLS 200-434] Only 0 loops out of a total 1 loops have been pipelined in this design.
INFO: [BIND 205-100] Starting micro-architecture generation ...
INFO: [BIND 205-101] Performing variable lifetime analysis.
INFO: [BIND 205-101] Exploring resource sharing.
INFO: [BIND 205-101] Binding ...
INFO: [BIND 205-100] Finished micro-architecture generation.
INFO: [HLS 200-111]  Elapsed time: 0.11 seconds; current allocated memory: 216.616 MB.
INFO: [HLS 200-10] ----------------------------------------------------------------
INFO: [HLS 200-42] -- Implementing module 'mvprod_layer_1' 
INFO: [HLS 200-10] ----------------------------------------------------------------
INFO: [SCHED 204-11] Starting scheduling ...
INFO: [SCHED 204-61] Pipelining loop 'outer_inner'.
INFO: [SCHED 204-61] Pipelining result : Target II = 1, Final II = 1, Depth = 8.
INFO: [SCHED 204-11] Finished scheduling.
INFO: [HLS 200-111]  Elapsed time: 0.149 seconds; current allocated memory: 216.899 MB.
INFO: [BIND 205-100] Starting micro-architecture generation ...
INFO: [BIND 205-101] Performing variable lifetime analysis.
INFO: [BIND 205-101] Exploring resource sharing.
INFO: [BIND 205-101] Binding ...
INFO: [BIND 205-100] Finished micro-architecture generation.
INFO: [HLS 200-111]  Elapsed time: 0.124 seconds; current allocated memory: 217.091 MB.
INFO: [HLS 200-10] ----------------------------------------------------------------
INFO: [HLS 200-42] -- Implementing module 'sigmoid_activation_L_1' 
INFO: [HLS 200-10] ----------------------------------------------------------------
INFO: [SCHED 204-11] Starting scheduling ...
INFO: [SCHED 204-11] Finished scheduling.
INFO: [HLS 200-111]  Elapsed time: 0.16 seconds; current allocated memory: 217.271 MB.
INFO: [BIND 205-100] Starting micro-architecture generation ...
INFO: [BIND 205-101] Performing variable lifetime analysis.
INFO: [BIND 205-101] Exploring resource sharing.
INFO: [BIND 205-101] Binding ...
INFO: [BIND 205-100] Finished micro-architecture generation.
INFO: [HLS 200-111]  Elapsed time: 0.12 seconds; current allocated memory: 217.407 MB.
INFO: [HLS 200-10] ----------------------------------------------------------------
INFO: [HLS 200-42] -- Implementing module 'add_bias_pre_L2' 
INFO: [HLS 200-10] ----------------------------------------------------------------
INFO: [SCHED 204-11] Starting scheduling ...
INFO: [SCHED 204-11] Finished scheduling.
INFO: [HLS 200-111]  Elapsed time: 0.138 seconds; current allocated memory: 217.513 MB.
INFO: [BIND 205-100] Starting micro-architecture generation ...
INFO: [BIND 205-101] Performing variable lifetime analysis.
INFO: [BIND 205-101] Exploring resource sharing.
INFO: [BIND 205-101] Binding ...
INFO: [BIND 205-100] Finished micro-architecture generation.
INFO: [HLS 200-111]  Elapsed time: 0.103 seconds; current allocated memory: 217.573 MB.
INFO: [HLS 200-10] ----------------------------------------------------------------
INFO: [HLS 200-42] -- Implementing module 'mvprod_layer_2' 
INFO: [HLS 200-10] ----------------------------------------------------------------
INFO: [SCHED 204-11] Starting scheduling ...
INFO: [SCHED 204-61] Pipelining function 'mvprod_layer_2'.
WARNING: [SCHED 204-63] Unable to schedule the whole 2 cycles 'load' operation ('input_V_load', ../src/mlp.cpp:105) on array 'input_V' within the first 0 cycles (II = 1).
Please consider increasing the target initiation interval of the pipeline.
WARNING: [SCHED 204-69] Unable to schedule 'load' operation ('input_V_load', ../src/mlp.cpp:105) on array 'input_V' due to limited memory ports. Please consider using a memory core with more ports or partitioning the array 'input_V'.
WARNING: [SCHED 204-69] Unable to schedule 'load' operation ('matrix_V_load_156', ../src/mlp.cpp:105) on array 'matrix_V' due to limited memory ports. Please consider using a memory core with more ports or partitioning the array 'matrix_V'.
INFO: [SCHED 204-61] Pipelining result : Target II = 1, Final II = 130, Depth = 139.
INFO: [SCHED 204-11] Finished scheduling.
INFO: [HLS 200-111]  Elapsed time: 9.653 seconds; current allocated memory: 222.544 MB.
INFO: [BIND 205-100] Starting micro-architecture generation ...
INFO: [BIND 205-101] Performing variable lifetime analysis.
INFO: [BIND 205-101] Exploring resource sharing.
INFO: [BIND 205-101] Binding ...
INFO: [BIND 205-100] Finished micro-architecture generation.
INFO: [HLS 200-111]  Elapsed time: 2.689 seconds; current allocated memory: 229.812 MB.
INFO: [HLS 200-10] ----------------------------------------------------------------
INFO: [HLS 200-42] -- Implementing module 'sigmoid_activation_L' 
INFO: [HLS 200-10] ----------------------------------------------------------------
INFO: [SCHED 204-11] Starting scheduling ...
INFO: [SCHED 204-11] Finished scheduling.
INFO: [HLS 200-111]  Elapsed time: 2.171 seconds; current allocated memory: 229.944 MB.
INFO: [BIND 205-100] Starting micro-architecture generation ...
INFO: [BIND 205-101] Performing variable lifetime analysis.
INFO: [BIND 205-101] Exploring resource sharing.
INFO: [BIND 205-101] Binding ...
INFO: [BIND 205-100] Finished micro-architecture generation.
INFO: [HLS 200-111]  Elapsed time: 0.146 seconds; current allocated memory: 230.079 MB.
INFO: [HLS 200-10] ----------------------------------------------------------------
INFO: [HLS 200-42] -- Implementing module 'classify' 
INFO: [HLS 200-10] ----------------------------------------------------------------
INFO: [SCHED 204-11] Starting scheduling ...
INFO: [SCHED 204-11] Finished scheduling.
INFO: [HLS 200-111]  Elapsed time: 0.158 seconds; current allocated memory: 230.157 MB.
INFO: [BIND 205-100] Starting micro-architecture generation ...
INFO: [BIND 205-101] Performing variable lifetime analysis.
INFO: [BIND 205-101] Exploring resource sharing.
INFO: [BIND 205-101] Binding ...
INFO: [BIND 205-100] Finished micro-architecture generation.
INFO: [HLS 200-111]  Elapsed time: 0.119 seconds; current allocated memory: 230.238 MB.
INFO: [HLS 200-10] ----------------------------------------------------------------
INFO: [HLS 200-42] -- Implementing module 'Block_arrayctor_loop' 
INFO: [HLS 200-10] ----------------------------------------------------------------
INFO: [SCHED 204-11] Starting scheduling ...
INFO: [SCHED 204-11] Finished scheduling.
INFO: [HLS 200-111]  Elapsed time: 0.13 seconds; current allocated memory: 230.246 MB.
INFO: [BIND 205-100] Starting micro-architecture generation ...
INFO: [BIND 205-101] Performing variable lifetime analysis.
INFO: [BIND 205-101] Exploring resource sharing.
INFO: [BIND 205-101] Binding ...
INFO: [BIND 205-100] Finished micro-architecture generation.
INFO: [HLS 200-111]  Elapsed time: 0.1 seconds; current allocated memory: 230.267 MB.
INFO: [HLS 200-10] ----------------------------------------------------------------
INFO: [HLS 200-42] -- Implementing module 'p_src_mlp_cpp_lin' 
INFO: [HLS 200-10] ----------------------------------------------------------------
INFO: [SCHED 204-11] Starting scheduling ...
INFO: [SCHED 204-11] Finished scheduling.
INFO: [HLS 200-111]  Elapsed time: 0.107 seconds; current allocated memory: 230.276 MB.
INFO: [BIND 205-100] Starting micro-architecture generation ...
INFO: [BIND 205-101] Performing variable lifetime analysis.
INFO: [BIND 205-101] Exploring resource sharing.
INFO: [BIND 205-101] Binding ...
INFO: [BIND 205-100] Finished micro-architecture generation.
INFO: [HLS 200-111]  Elapsed time: 0.098 seconds; current allocated memory: 230.296 MB.
INFO: [HLS 200-10] ----------------------------------------------------------------
INFO: [HLS 200-42] -- Implementing module 'mlp' 
INFO: [HLS 200-10] ----------------------------------------------------------------
INFO: [SCHED 204-11] Starting scheduling ...
INFO: [SCHED 204-11] Finished scheduling.
INFO: [HLS 200-111]  Elapsed time: 0.114 seconds; current allocated memory: 230.826 MB.
INFO: [BIND 205-100] Starting micro-architecture generation ...
INFO: [BIND 205-101] Performing variable lifetime analysis.
INFO: [BIND 205-101] Exploring resource sharing.
INFO: [BIND 205-101] Binding ...
INFO: [BIND 205-100] Finished micro-architecture generation.
INFO: [HLS 200-111]  Elapsed time: 0.706 seconds; current allocated memory: 231.250 MB.
INFO: [HLS 200-10] ----------------------------------------------------------------
INFO: [HLS 200-10] -- Generating RTL for module 'add_bias_pre_L1' 
INFO: [HLS 200-10] ----------------------------------------------------------------
INFO: [RTGEN 206-100] Finished creating RTL model for 'add_bias_pre_L1'.
INFO: [HLS 200-111]  Elapsed time: 0.406 seconds; current allocated memory: 231.471 MB.
INFO: [HLS 200-10] ----------------------------------------------------------------
INFO: [HLS 200-10] -- Generating RTL for module 'mvprod_layer_1' 
INFO: [HLS 200-10] ----------------------------------------------------------------
INFO: [SYN 201-210] Renamed object name 'mlp_mac_muladd_5ns_10ns_9ns_14_3_1' to 'mlp_mac_muladd_5nbkb' due to the length limit 20
INFO: [SYN 201-210] Renamed object name 'mlp_mac_muladd_18s_18s_38ns_39_3_1' to 'mlp_mac_muladd_18cud' due to the length limit 20
INFO: [RTGEN 206-100] Generating core module 'mlp_mac_muladd_18cud': 1 instance(s).
INFO: [RTGEN 206-100] Generating core module 'mlp_mac_muladd_5nbkb': 1 instance(s).
INFO: [RTGEN 206-100] Finished creating RTL model for 'mvprod_layer_1'.
INFO: [HLS 200-111]  Elapsed time: 0.262 seconds; current allocated memory: 232.002 MB.
INFO: [HLS 200-10] ----------------------------------------------------------------
INFO: [HLS 200-10] -- Generating RTL for module 'sigmoid_activation_L_1' 
INFO: [HLS 200-10] ----------------------------------------------------------------
INFO: [SYN 201-210] Renamed object name 'mlp_mul_mul_18s_18s_31_3_1' to 'mlp_mul_mul_18s_1dEe' due to the length limit 20
INFO: [RTGEN 206-100] Generating core module 'mlp_mul_mul_18s_1dEe': 1 instance(s).
INFO: [RTGEN 206-100] Finished creating RTL model for 'sigmoid_activation_L_1'.
INFO: [HLS 200-111]  Elapsed time: 0.395 seconds; current allocated memory: 232.414 MB.
INFO: [HLS 200-10] ----------------------------------------------------------------
INFO: [HLS 200-10] -- Generating RTL for module 'add_bias_pre_L2' 
INFO: [HLS 200-10] ----------------------------------------------------------------
INFO: [RTGEN 206-100] Finished creating RTL model for 'add_bias_pre_L2'.
INFO: [HLS 200-111]  Elapsed time: 0.321 seconds; current allocated memory: 232.605 MB.
INFO: [HLS 200-10] ----------------------------------------------------------------
INFO: [HLS 200-10] -- Generating RTL for module 'mvprod_layer_2' 
INFO: [HLS 200-10] ----------------------------------------------------------------
INFO: [SYN 201-210] Renamed object name 'mlp_mul_mul_18s_18s_35_3_1' to 'mlp_mul_mul_18s_1eOg' due to the length limit 20
INFO: [SYN 201-210] Renamed object name 'mlp_mac_muladd_18s_18s_35ns_35_3_1' to 'mlp_mac_muladd_18fYi' due to the length limit 20
INFO: [RTGEN 206-100] Generating core module 'mlp_mac_muladd_18fYi': 250 instance(s).
INFO: [RTGEN 206-100] Generating core module 'mlp_mul_mul_18s_1eOg': 10 instance(s).
INFO: [RTGEN 206-100] Finished creating RTL model for 'mvprod_layer_2'.
INFO: [HLS 200-111]  Elapsed time: 0.992 seconds; current allocated memory: 246.984 MB.
INFO: [HLS 200-10] ----------------------------------------------------------------
INFO: [HLS 200-10] -- Generating RTL for module 'sigmoid_activation_L' 
INFO: [HLS 200-10] ----------------------------------------------------------------
INFO: [SYN 201-210] Renamed object name 'mlp_mul_mul_18s_18s_33_3_1' to 'mlp_mul_mul_18s_1g8j' due to the length limit 20
INFO: [RTGEN 206-100] Generating core module 'mlp_mul_mul_18s_1g8j': 1 instance(s).
INFO: [RTGEN 206-100] Finished creating RTL model for 'sigmoid_activation_L'.
INFO: [HLS 200-111]  Elapsed time: 7.038 seconds; current allocated memory: 248.376 MB.
INFO: [HLS 200-10] ----------------------------------------------------------------
INFO: [HLS 200-10] -- Generating RTL for module 'classify' 
INFO: [HLS 200-10] ----------------------------------------------------------------
INFO: [RTGEN 206-100] Finished creating RTL model for 'classify'.
INFO: [HLS 200-111]  Elapsed time: 0.43 seconds; current allocated memory: 248.582 MB.
INFO: [HLS 200-10] ----------------------------------------------------------------
INFO: [HLS 200-10] -- Generating RTL for module 'Block_arrayctor_loop' 
INFO: [HLS 200-10] ----------------------------------------------------------------
INFO: [RTGEN 206-100] Finished creating RTL model for 'Block_arrayctor_loop'.
INFO: [HLS 200-111]  Elapsed time: 0.384 seconds; current allocated memory: 248.696 MB.
INFO: [HLS 200-10] ----------------------------------------------------------------
INFO: [HLS 200-10] -- Generating RTL for module 'p_src_mlp_cpp_lin' 
INFO: [HLS 200-10] ----------------------------------------------------------------
INFO: [RTGEN 206-100] Finished creating RTL model for 'p_src_mlp_cpp_lin'.
INFO: [HLS 200-111]  Elapsed time: 0.289 seconds; current allocated memory: 248.789 MB.
INFO: [HLS 200-10] ----------------------------------------------------------------
INFO: [HLS 200-10] -- Generating RTL for module 'mlp' 
INFO: [HLS 200-10] ----------------------------------------------------------------
INFO: [RTGEN 206-500] Setting interface mode on port 'mlp/weights_L1_V' to 'ap_memory'.
INFO: [RTGEN 206-500] Setting interface mode on port 'mlp/weights_L2_V' to 'ap_memory'.
INFO: [RTGEN 206-500] Setting interface mode on port 'mlp/input_V' to 'ap_memory'.
INFO: [RTGEN 206-500] Setting interface mode on function 'mlp' to 'ap_ctrl_hs'.
INFO: [RTGEN 206-100] Finished creating RTL model for 'mlp'.
INFO: [HLS 200-111]  Elapsed time: 0.361 seconds; current allocated memory: 249.801 MB.
INFO: [RTMG 210-278] Implementing memory 'mlp_bias_added_V_memcore_ram (RAM)' using block RAMs.
INFO: [RTMG 210-278] Implementing memory 'mlp_L1_no_activ_V_memcore_ram (RAM)' using distributed RAMs.
INFO: [RTMG 210-278] Implementing memory 'mlp_L2_bias_added_V_memcore_ram (RAM)' using distributed RAMs.
INFO: [RTMG 210-278] Implementing memory 'mlp_L2_out_V_memcore_ram (RAM)' using block RAMs.
INFO: [RTMG 210-278] Implementing memory 'mlp_L2_out_activ_V_memcore_ram (RAM)' using distributed RAMs.
INFO: [RTMG 210-285] Implementing FIFO 'digit_U(fifo_w32_d2_A)' using Shift Registers.
INFO: [RTMG 210-285] Implementing FIFO 'digit_load_loc_chann_U(fifo_w32_d2_A)' using Shift Registers.
INFO: [HLS 200-111] Finished generating all RTL models Time (s): cpu = 00:00:33 ; elapsed = 00:01:00 . Memory (MB): peak = 339.203 ; gain = 283.707
INFO: [SYSC 207-301] Generating SystemC RTL for mlp.
INFO: [VHDL 208-304] Generating VHDL RTL for mlp.
INFO: [VLOG 209-307] Generating Verilog RTL for mlp.
INFO: [HLS 200-112] Total elapsed time: 60.502 seconds; peak allocated memory: 249.801 MB.
==============================================================
File generated by Vivado(TM) HLS - High-Level Synthesis from C, C++ and SystemC
Version: 2018.2
Copyright (C) 1986-2018 Xilinx, Inc. All Rights Reserved.

==============================================================

INFO: [SYN 201-201] Setting up clock 'default' with a period of 4ns.
INFO: [HLS 200-10] Setting target device to 'xc7k325tffg676-2'
INFO: [HLS 200-10] Analyzing design file '../src/mlp.cpp' ... 
INFO: [HLS 200-111] Finished Linking Time (s): cpu = 00:00:01 ; elapsed = 00:00:17 . Memory (MB): peak = 102.898 ; gain = 47.207
INFO: [HLS 200-111] Finished Checking Pragmas Time (s): cpu = 00:00:01 ; elapsed = 00:00:17 . Memory (MB): peak = 102.898 ; gain = 47.207
INFO: [HLS 200-10] Starting code transformations ...
INFO: [XFORM 203-603] Inlining function 'ap_fixed_base<18, 6, true, (ap_q_mode)5, (ap_o_mode)3, 0>::operator>>' into 'sigmoid_activation_L1' (../src/mlp.cpp:137).
INFO: [XFORM 203-603] Inlining function 'ap_fixed_base<36, 12, true, (ap_q_mode)5, (ap_o_mode)3, 0>::operator>>' into 'sigmoid_activation_L1' (../src/mlp.cpp:137).
INFO: [XFORM 203-603] Inlining function 'ap_fixed_base<18, 5, true, (ap_q_mode)5, (ap_o_mode)3, 0>::operator>>' into 'sigmoid_activation_L2' (../src/mlp.cpp:169).
INFO: [XFORM 203-603] Inlining function 'ap_fixed_base<36, 10, true, (ap_q_mode)5, (ap_o_mode)3, 0>::operator>>' into 'sigmoid_activation_L2' (../src/mlp.cpp:169).
INFO: [HLS 200-111] Finished Standard Transforms Time (s): cpu = 00:00:03 ; elapsed = 00:00:20 . Memory (MB): peak = 123.902 ; gain = 68.211
INFO: [HLS 200-10] Checking synthesizability ...
INFO: [HLS 200-111] Finished Checking Synthesizability Time (s): cpu = 00:00:04 ; elapsed = 00:00:21 . Memory (MB): peak = 135.922 ; gain = 80.230
WARNING: [XFORM 203-713] Reading dataflow channel 'weights_L1.V' in the middle of dataflow may stall the dataflow pipeline:
WARNING: [XFORM 203-713] Argument 'weights_L1.V' has read operations in process function 'mvprod_layer_1'.
WARNING: [XFORM 203-713] All the elements of global array 'L1_no_activ.V' should be updated in process function 'mvprod_layer_1', otherwise it may not be synthesized correctly.
WARNING: [XFORM 203-713] All the elements of global array 'L1_activ.V' should be updated in process function 'sigmoid_activation_L1', otherwise it may not be synthesized correctly.
WARNING: [XFORM 203-713] Reading dataflow channel 'weights_L2.V' in the middle of dataflow may stall the dataflow pipeline:
WARNING: [XFORM 203-713] Argument 'weights_L2.V' has read operations in process function 'mvprod_layer_2'.
WARNING: [XFORM 203-713] All the elements of global array 'L2_out.V' should be updated in process function 'mvprod_layer_2', otherwise it may not be synthesized correctly.
WARNING: [XFORM 203-713] All the elements of global array 'L2_out_activ.V' should be updated in process function 'sigmoid_activation_L2', otherwise it may not be synthesized correctly.
INFO: [XFORM 203-712] Applying dataflow to function 'mlp', detected/extracted 9 process function(s): 
	 'add_bias_pre_L1'
	 'mvprod_layer_1'
	 'sigmoid_activation_L1'
	 'add_bias_pre_L2'
	 'mvprod_layer_2'
	 'sigmoid_activation_L2'
	 'classify'
	 'Block_arrayctor.loop1.preheader311_proc'
	 '__../src/mlp.cpp_line24_proc'.
INFO: [XFORM 203-401] Performing if-conversion on hyperblock from (../src/mlp.cpp:157:3) to (../src/mlp.cpp:172:6) in function 'sigmoid_activation_L2'... converting 3 basic blocks.
INFO: [XFORM 203-401] Performing if-conversion on hyperblock from (../src/mlp.cpp:125:3) to (../src/mlp.cpp:140:6) in function 'sigmoid_activation_L1'... converting 3 basic blocks.
INFO: [XFORM 203-401] Performing if-conversion on hyperblock from (../src/mlp.cpp:36:3) to (../src/mlp.cpp:35:26) in function 'classify'... converting 3 basic blocks.
INFO: [HLS 200-111] Finished Pre-synthesis Time (s): cpu = 00:00:06 ; elapsed = 00:00:24 . Memory (MB): peak = 168.961 ; gain = 113.270
INFO: [XFORM 203-541] Flattening a loop nest 'outer' (../src/mlp.cpp:99:3) in function 'mvprod_layer_2'.
INFO: [XFORM 203-541] Flattening a loop nest 'outer' (../src/mlp.cpp:77:3) in function 'mvprod_layer_1'.
WARNING: [XFORM 203-631] Renaming function 'sigmoid_activation_L2' to 'sigmoid_activation_L' (../src/mlp.cpp:156:27)
WARNING: [XFORM 203-631] Renaming function 'sigmoid_activation_L1' to 'sigmoid_activation_L.1' (../src/mlp.cpp:124:27)
WARNING: [XFORM 203-631] Renaming function '__../src/mlp.cpp_line24_proc' to '__../src/mlp.cpp_lin' 
WARNING: [XFORM 203-631] Renaming function 'Block_arrayctor.loop1.preheader311_proc' to 'Block_arrayctor.loop' 
INFO: [XFORM 203-531] Rewinding loop 'outer_inner' in function 'mvprod_layer_2'.
INFO: [XFORM 203-531] Rewinding loop 'outer_inner' in function 'mvprod_layer_1'.
INFO: [HLS 200-111] Finished Architecture Synthesis Time (s): cpu = 00:00:07 ; elapsed = 00:00:24 . Memory (MB): peak = 251.742 ; gain = 196.051
INFO: [HLS 200-10] Starting hardware synthesis ...
INFO: [HLS 200-10] Synthesizing 'mlp' ...
WARNING: [SYN 201-103] Legalizing function name 'sigmoid_activation_L.1' to 'sigmoid_activation_L_1'.
WARNING: [SYN 201-103] Legalizing function name 'Block_arrayctor.loop' to 'Block_arrayctor_loop'.
WARNING: [SYN 201-103] Legalizing function name '__../src/mlp.cpp_lin' to 'p_src_mlp_cpp_lin'.
INFO: [HLS 200-10] ----------------------------------------------------------------
INFO: [HLS 200-42] -- Implementing module 'add_bias_pre_L1' 
INFO: [HLS 200-10] ----------------------------------------------------------------
INFO: [SCHED 204-11] Starting scheduling ...
INFO: [SCHED 204-11] Finished scheduling.
INFO: [HLS 200-111]  Elapsed time: 24.101 seconds; current allocated memory: 206.396 MB.
INFO: [HLS 200-434] Only 0 loops out of a total 1 loops have been pipelined in this design.
INFO: [BIND 205-100] Starting micro-architecture generation ...
INFO: [BIND 205-101] Performing variable lifetime analysis.
INFO: [BIND 205-101] Exploring resource sharing.
INFO: [BIND 205-101] Binding ...
INFO: [BIND 205-100] Finished micro-architecture generation.
INFO: [HLS 200-111]  Elapsed time: 0.098 seconds; current allocated memory: 206.483 MB.
INFO: [HLS 200-10] ----------------------------------------------------------------
INFO: [HLS 200-42] -- Implementing module 'mvprod_layer_1' 
INFO: [HLS 200-10] ----------------------------------------------------------------
INFO: [SCHED 204-11] Starting scheduling ...
INFO: [SCHED 204-61] Pipelining loop 'outer_inner'.
INFO: [SCHED 204-61] Pipelining result : Target II = 1, Final II = 1, Depth = 8.
INFO: [SCHED 204-11] Finished scheduling.
INFO: [HLS 200-111]  Elapsed time: 0.138 seconds; current allocated memory: 206.766 MB.
INFO: [BIND 205-100] Starting micro-architecture generation ...
INFO: [BIND 205-101] Performing variable lifetime analysis.
INFO: [BIND 205-101] Exploring resource sharing.
INFO: [BIND 205-101] Binding ...
INFO: [BIND 205-100] Finished micro-architecture generation.
INFO: [HLS 200-111]  Elapsed time: 0.118 seconds; current allocated memory: 206.958 MB.
INFO: [HLS 200-10] ----------------------------------------------------------------
INFO: [HLS 200-42] -- Implementing module 'sigmoid_activation_L_1' 
INFO: [HLS 200-10] ----------------------------------------------------------------
INFO: [SCHED 204-11] Starting scheduling ...
INFO: [SCHED 204-11] Finished scheduling.
INFO: [HLS 200-111]  Elapsed time: 0.143 seconds; current allocated memory: 207.122 MB.
INFO: [BIND 205-100] Starting micro-architecture generation ...
INFO: [BIND 205-101] Performing variable lifetime analysis.
INFO: [BIND 205-101] Exploring resource sharing.
INFO: [BIND 205-101] Binding ...
INFO: [BIND 205-100] Finished micro-architecture generation.
INFO: [HLS 200-111]  Elapsed time: 0.101 seconds; current allocated memory: 207.258 MB.
INFO: [HLS 200-10] ----------------------------------------------------------------
INFO: [HLS 200-42] -- Implementing module 'add_bias_pre_L2' 
INFO: [HLS 200-10] ----------------------------------------------------------------
INFO: [SCHED 204-11] Starting scheduling ...
INFO: [SCHED 204-11] Finished scheduling.
INFO: [HLS 200-111]  Elapsed time: 0.128 seconds; current allocated memory: 207.364 MB.
INFO: [BIND 205-100] Starting micro-architecture generation ...
INFO: [BIND 205-101] Performing variable lifetime analysis.
INFO: [BIND 205-101] Exploring resource sharing.
INFO: [BIND 205-101] Binding ...
INFO: [BIND 205-100] Finished micro-architecture generation.
INFO: [HLS 200-111]  Elapsed time: 0.094 seconds; current allocated memory: 207.425 MB.
INFO: [HLS 200-10] ----------------------------------------------------------------
INFO: [HLS 200-42] -- Implementing module 'mvprod_layer_2' 
INFO: [HLS 200-10] ----------------------------------------------------------------
INFO: [SCHED 204-11] Starting scheduling ...
INFO: [SCHED 204-61] Pipelining loop 'outer_inner'.
INFO: [SCHED 204-61] Pipelining result : Target II = 1, Final II = 1, Depth = 9.
INFO: [SCHED 204-11] Finished scheduling.
INFO: [HLS 200-111]  Elapsed time: 0.138 seconds; current allocated memory: 207.657 MB.
INFO: [BIND 205-100] Starting micro-architecture generation ...
INFO: [BIND 205-101] Performing variable lifetime analysis.
INFO: [BIND 205-101] Exploring resource sharing.
INFO: [BIND 205-101] Binding ...
INFO: [BIND 205-100] Finished micro-architecture generation.
INFO: [HLS 200-111]  Elapsed time: 0.113 seconds; current allocated memory: 207.853 MB.
INFO: [HLS 200-10] ----------------------------------------------------------------
INFO: [HLS 200-42] -- Implementing module 'sigmoid_activation_L' 
INFO: [HLS 200-10] ----------------------------------------------------------------
INFO: [SCHED 204-11] Starting scheduling ...
INFO: [SCHED 204-11] Finished scheduling.
INFO: [HLS 200-111]  Elapsed time: 0.145 seconds; current allocated memory: 208.001 MB.
INFO: [BIND 205-100] Starting micro-architecture generation ...
INFO: [BIND 205-101] Performing variable lifetime analysis.
INFO: [BIND 205-101] Exploring resource sharing.
INFO: [BIND 205-101] Binding ...
INFO: [BIND 205-100] Finished micro-architecture generation.
INFO: [HLS 200-111]  Elapsed time: 0.115 seconds; current allocated memory: 208.136 MB.
INFO: [HLS 200-10] ----------------------------------------------------------------
INFO: [HLS 200-42] -- Implementing module 'classify' 
INFO: [HLS 200-10] ----------------------------------------------------------------
INFO: [SCHED 204-11] Starting scheduling ...
INFO: [SCHED 204-11] Finished scheduling.
INFO: [HLS 200-111]  Elapsed time: 0.121 seconds; current allocated memory: 208.198 MB.
INFO: [BIND 205-100] Starting micro-architecture generation ...
INFO: [BIND 205-101] Performing variable lifetime analysis.
INFO: [BIND 205-101] Exploring resource sharing.
INFO: [BIND 205-101] Binding ...
INFO: [BIND 205-100] Finished micro-architecture generation.
INFO: [HLS 200-111]  Elapsed time: 0.092 seconds; current allocated memory: 208.279 MB.
INFO: [HLS 200-10] ----------------------------------------------------------------
INFO: [HLS 200-42] -- Implementing module 'Block_arrayctor_loop' 
INFO: [HLS 200-10] ----------------------------------------------------------------
INFO: [SCHED 204-11] Starting scheduling ...
INFO: [SCHED 204-11] Finished scheduling.
INFO: [HLS 200-111]  Elapsed time: 0.099 seconds; current allocated memory: 208.287 MB.
INFO: [BIND 205-100] Starting micro-architecture generation ...
INFO: [BIND 205-101] Performing variable lifetime analysis.
INFO: [BIND 205-101] Exploring resource sharing.
INFO: [BIND 205-101] Binding ...
INFO: [BIND 205-100] Finished micro-architecture generation.
INFO: [HLS 200-111]  Elapsed time: 0.078 seconds; current allocated memory: 208.308 MB.
INFO: [HLS 200-10] ----------------------------------------------------------------
INFO: [HLS 200-42] -- Implementing module 'p_src_mlp_cpp_lin' 
INFO: [HLS 200-10] ----------------------------------------------------------------
INFO: [SCHED 204-11] Starting scheduling ...
INFO: [SCHED 204-11] Finished scheduling.
INFO: [HLS 200-111]  Elapsed time: 0.084 seconds; current allocated memory: 208.317 MB.
INFO: [BIND 205-100] Starting micro-architecture generation ...
INFO: [BIND 205-101] Performing variable lifetime analysis.
INFO: [BIND 205-101] Exploring resource sharing.
INFO: [BIND 205-101] Binding ...
INFO: [BIND 205-100] Finished micro-architecture generation.
INFO: [HLS 200-111]  Elapsed time: 0.073 seconds; current allocated memory: 208.337 MB.
INFO: [HLS 200-10] ----------------------------------------------------------------
INFO: [HLS 200-42] -- Implementing module 'mlp' 
INFO: [HLS 200-10] ----------------------------------------------------------------
INFO: [SCHED 204-11] Starting scheduling ...
INFO: [SCHED 204-11] Finished scheduling.
INFO: [HLS 200-111]  Elapsed time: 0.087 seconds; current allocated memory: 208.426 MB.
INFO: [BIND 205-100] Starting micro-architecture generation ...
INFO: [BIND 205-101] Performing variable lifetime analysis.
INFO: [BIND 205-101] Exploring resource sharing.
INFO: [BIND 205-101] Binding ...
INFO: [BIND 205-100] Finished micro-architecture generation.
INFO: [HLS 200-111]  Elapsed time: 0.236 seconds; current allocated memory: 208.608 MB.
INFO: [HLS 200-10] ----------------------------------------------------------------
INFO: [HLS 200-10] -- Generating RTL for module 'add_bias_pre_L1' 
INFO: [HLS 200-10] ----------------------------------------------------------------
INFO: [RTGEN 206-100] Finished creating RTL model for 'add_bias_pre_L1'.
INFO: [HLS 200-111]  Elapsed time: 0.177 seconds; current allocated memory: 208.814 MB.
INFO: [HLS 200-10] ----------------------------------------------------------------
INFO: [HLS 200-10] -- Generating RTL for module 'mvprod_layer_1' 
INFO: [HLS 200-10] ----------------------------------------------------------------
INFO: [SYN 201-210] Renamed object name 'mlp_mac_muladd_5ns_10ns_9ns_14_3_1' to 'mlp_mac_muladd_5nbkb' due to the length limit 20
INFO: [SYN 201-210] Renamed object name 'mlp_mac_muladd_18s_18s_38ns_39_3_1' to 'mlp_mac_muladd_18cud' due to the length limit 20
INFO: [RTGEN 206-100] Generating core module 'mlp_mac_muladd_18cud': 1 instance(s).
INFO: [RTGEN 206-100] Generating core module 'mlp_mac_muladd_5nbkb': 1 instance(s).
INFO: [RTGEN 206-100] Finished creating RTL model for 'mvprod_layer_1'.
INFO: [HLS 200-111]  Elapsed time: 0.232 seconds; current allocated memory: 209.360 MB.
INFO: [HLS 200-10] ----------------------------------------------------------------
INFO: [HLS 200-10] -- Generating RTL for module 'sigmoid_activation_L_1' 
INFO: [HLS 200-10] ----------------------------------------------------------------
INFO: [SYN 201-210] Renamed object name 'mlp_mul_mul_18s_18s_31_3_1' to 'mlp_mul_mul_18s_1dEe' due to the length limit 20
INFO: [RTGEN 206-100] Generating core module 'mlp_mul_mul_18s_1dEe': 1 instance(s).
INFO: [RTGEN 206-100] Finished creating RTL model for 'sigmoid_activation_L_1'.
INFO: [HLS 200-111]  Elapsed time: 0.348 seconds; current allocated memory: 209.771 MB.
INFO: [HLS 200-10] ----------------------------------------------------------------
INFO: [HLS 200-10] -- Generating RTL for module 'add_bias_pre_L2' 
INFO: [HLS 200-10] ----------------------------------------------------------------
INFO: [RTGEN 206-100] Finished creating RTL model for 'add_bias_pre_L2'.
INFO: [HLS 200-111]  Elapsed time: 0.281 seconds; current allocated memory: 209.947 MB.
INFO: [HLS 200-10] ----------------------------------------------------------------
INFO: [HLS 200-10] -- Generating RTL for module 'mvprod_layer_2' 
INFO: [HLS 200-10] ----------------------------------------------------------------
INFO: [SYN 201-210] Renamed object name 'mlp_mac_muladd_4ns_6ns_5ns_9_3_1' to 'mlp_mac_muladd_4neOg' due to the length limit 20
INFO: [SYN 201-210] Renamed object name 'mlp_mul_mul_18s_18s_36_3_1' to 'mlp_mul_mul_18s_1fYi' due to the length limit 20
INFO: [RTGEN 206-100] Generating core module 'mlp_mac_muladd_4neOg': 1 instance(s).
INFO: [RTGEN 206-100] Generating core module 'mlp_mul_mul_18s_1fYi': 1 instance(s).
INFO: [RTGEN 206-100] Finished creating RTL model for 'mvprod_layer_2'.
INFO: [HLS 200-111]  Elapsed time: 0.254 seconds; current allocated memory: 210.458 MB.
INFO: [HLS 200-10] ----------------------------------------------------------------
INFO: [HLS 200-10] -- Generating RTL for module 'sigmoid_activation_L' 
INFO: [HLS 200-10] ----------------------------------------------------------------
INFO: [SYN 201-210] Renamed object name 'mlp_mul_mul_18s_18s_33_3_1' to 'mlp_mul_mul_18s_1g8j' due to the length limit 20
INFO: [RTGEN 206-100] Generating core module 'mlp_mul_mul_18s_1g8j': 1 instance(s).
INFO: [RTGEN 206-100] Finished creating RTL model for 'sigmoid_activation_L'.
INFO: [HLS 200-111]  Elapsed time: 0.378 seconds; current allocated memory: 210.845 MB.
INFO: [HLS 200-10] ----------------------------------------------------------------
INFO: [HLS 200-10] -- Generating RTL for module 'classify' 
INFO: [HLS 200-10] ----------------------------------------------------------------
INFO: [RTGEN 206-100] Finished creating RTL model for 'classify'.
INFO: [HLS 200-111]  Elapsed time: 0.307 seconds; current allocated memory: 211.050 MB.
INFO: [HLS 200-10] ----------------------------------------------------------------
INFO: [HLS 200-10] -- Generating RTL for module 'Block_arrayctor_loop' 
INFO: [HLS 200-10] ----------------------------------------------------------------
INFO: [RTGEN 206-100] Finished creating RTL model for 'Block_arrayctor_loop'.
INFO: [HLS 200-111]  Elapsed time: 0.256 seconds; current allocated memory: 211.201 MB.
INFO: [HLS 200-10] ----------------------------------------------------------------
INFO: [HLS 200-10] -- Generating RTL for module 'p_src_mlp_cpp_lin' 
INFO: [HLS 200-10] ----------------------------------------------------------------
INFO: [RTGEN 206-100] Finished creating RTL model for 'p_src_mlp_cpp_lin'.
INFO: [HLS 200-111]  Elapsed time: 0.141 seconds; current allocated memory: 211.324 MB.
INFO: [HLS 200-10] ----------------------------------------------------------------
INFO: [HLS 200-10] -- Generating RTL for module 'mlp' 
INFO: [HLS 200-10] ----------------------------------------------------------------
INFO: [RTGEN 206-500] Setting interface mode on port 'mlp/weights_L1_V' to 'ap_memory'.
INFO: [RTGEN 206-500] Setting interface mode on port 'mlp/weights_L2_V' to 'ap_memory'.
INFO: [RTGEN 206-500] Setting interface mode on port 'mlp/input_V' to 'ap_memory'.
INFO: [RTGEN 206-500] Setting interface mode on function 'mlp' to 'ap_ctrl_hs'.
INFO: [RTGEN 206-100] Finished creating RTL model for 'mlp'.
INFO: [HLS 200-111]  Elapsed time: 0.227 seconds; current allocated memory: 212.267 MB.
INFO: [RTMG 210-278] Implementing memory 'mlp_bias_added_V_memcore_ram (RAM)' using block RAMs.
INFO: [RTMG 210-278] Implementing memory 'mlp_L1_no_activ_V_memcore_ram (RAM)' using distributed RAMs.
INFO: [RTMG 210-278] Implementing memory 'mlp_L2_bias_added_V_memcore_ram (RAM)' using distributed RAMs.
INFO: [RTMG 210-278] Implementing memory 'mlp_L2_out_V_memcore_ram (RAM)' using distributed RAMs.
INFO: [RTMG 210-285] Implementing FIFO 'digit_U(fifo_w32_d2_A)' using Shift Registers.
INFO: [RTMG 210-285] Implementing FIFO 'digit_load_loc_chann_U(fifo_w32_d2_A)' using Shift Registers.
INFO: [HLS 200-111] Finished generating all RTL models Time (s): cpu = 00:00:10 ; elapsed = 00:00:33 . Memory (MB): peak = 270.195 ; gain = 214.504
INFO: [SYSC 207-301] Generating SystemC RTL for mlp.
INFO: [VHDL 208-304] Generating VHDL RTL for mlp.
INFO: [VLOG 209-307] Generating Verilog RTL for mlp.
INFO: [HLS 200-112] Total elapsed time: 32.706 seconds; peak allocated memory: 212.267 MB.
==============================================================
File generated by Vivado(TM) HLS - High-Level Synthesis from C, C++ and SystemC
Version: 2018.2
Copyright (C) 1986-2018 Xilinx, Inc. All Rights Reserved.

==============================================================

INFO: [SYN 201-201] Setting up clock 'default' with a period of 4ns.
INFO: [HLS 200-10] Setting target device to 'xc7k325tffg676-2'
INFO: [IMPL 213-8] Exporting RTL as a Vivado IP.
