

================================================================
== Vivado HLS Report for 'mvprod_layer_2'
================================================================
* Date:           Sat Oct 26 22:26:24 2019

* Version:        2018.2 (Build 2258646 on Thu Jun 14 20:25:20 MDT 2018)
* Project:        mlp
* Solution:       area_optimized
* Product family: kintex7
* Target device:  xc7k325tffg676-2


================================================================
== Performance Estimates
================================================================
+ Timing (ns): 
    * Summary: 
    +--------+-------+----------+------------+
    |  Clock | Target| Estimated| Uncertainty|
    +--------+-------+----------+------------+
    |ap_clk  |   4.00|     3.040|        0.50|
    +--------+-------+----------+------------+

+ Latency (clock cycles): 
    * Summary: 
    +-----+-----+-----+-----+---------------------------------------------+
    |  Latency  |  Interval |                   Pipeline                  |
    | min | max | min | max |                     Type                    |
    +-----+-----+-----+-----+---------------------------------------------+
    |  267|  268|  260|  260| loop rewind(delay=4 initiation interval(s)) |
    +-----+-----+-----+-----+---------------------------------------------+

    + Detail: 
        * Instance: 
        N/A

        * Loop: 
        +---------------+-----+-----+----------+-----------+-----------+------+----------+
        |               |  Latency  | Iteration|  Initiation Interval  | Trip |          |
        |   Loop Name   | min | max |  Latency |  achieved |   target  | Count| Pipelined|
        +---------------+-----+-----+----------+-----------+-----------+------+----------+
        |- outer_inner  |  267|  267|         9|          1|          1|   260|    yes   |
        +---------------+-----+-----+----------+-----------+-----------+------+----------+



================================================================
== Utilization Estimates
================================================================
* Summary: 
+-----------------+---------+-------+--------+--------+
|       Name      | BRAM_18K| DSP48E|   FF   |   LUT  |
+-----------------+---------+-------+--------+--------+
|DSP              |        -|      2|       -|       -|
|Expression       |        -|      -|       0|     167|
|FIFO             |        -|      -|       -|       -|
|Instance         |        -|      -|       -|       -|
|Memory           |        -|      -|       -|       -|
|Multiplexer      |        -|      -|       -|     146|
|Register         |        0|      -|     477|     160|
+-----------------+---------+-------+--------+--------+
|Total            |        0|      2|     477|     473|
+-----------------+---------+-------+--------+--------+
|Available        |      890|    840|  407600|  203800|
+-----------------+---------+-------+--------+--------+
|Utilization (%)  |        0|   ~0  |   ~0   |   ~0   |
+-----------------+---------+-------+--------+--------+

+ Detail: 
    * Instance: 
    N/A

    * DSP48: 
    +--------------------------+----------------------+--------------+
    |         Instance         |        Module        |  Expression  |
    +--------------------------+----------------------+--------------+
    |mlp_mac_muladd_4neOg_U16  |mlp_mac_muladd_4neOg  | i0 + i1 * i2 |
    |mlp_mul_mul_18s_1fYi_U17  |mlp_mul_mul_18s_1fYi  |    i0 * i1   |
    +--------------------------+----------------------+--------------+

    * Memory: 
    N/A

    * FIFO: 
    N/A

    * Expression: 
    +-------------------------------+----------+-------+---+----+------------+------------+
    |         Variable Name         | Operation| DSP48E| FF| LUT| Bitwidth P0| Bitwidth P1|
    +-------------------------------+----------+-------+---+----+------------+------------+
    |indvar_flatten_next_fu_201_p2  |     +    |      0|  0|  16|           9|           1|
    |m_fu_175_p2                    |     +    |      0|  0|  13|           4|           1|
    |n_fu_207_p2                    |     +    |      0|  0|  15|           5|           1|
    |p_Val2_5_fu_278_p2             |     +    |      0|  0|  44|          37|          37|
    |ap_condition_194               |    and   |      0|  0|   2|           1|           1|
    |exitcond_flatten_fu_219_p2     |   icmp   |      0|  0|  13|           9|           9|
    |tmp_1_fu_228_p2                |   icmp   |      0|  0|  11|           5|           1|
    |tmp_6_fu_241_p2                |   icmp   |      0|  0|  11|           5|           4|
    |tmp_s_fu_213_p2                |   icmp   |      0|  0|  11|           5|           4|
    |ap_block_state1                |    or    |      0|  0|   2|           1|           1|
    |m_mid2_fu_189_p3               |  select  |      0|  0|   4|           1|           4|
    |n_mid2_fu_181_p3               |  select  |      0|  0|   5|           1|           1|
    |tmp_10_fu_256_p3               |  select  |      0|  0|  18|           1|           1|
    |ap_enable_pp0                  |    xor   |      0|  0|   2|           1|           2|
    +-------------------------------+----------+-------+---+----+------------+------------+
    |Total                          |          |      0|  0| 167|          85|          68|
    +-------------------------------+----------+-------+---+----+------------+------------+

    * Multiplexer: 
    +------------------------------------------+----+-----------+-----+-----------+
    |                   Name                   | LUT| Input Size| Bits| Total Bits|
    +------------------------------------------+----+-----------+-----+-----------+
    |acc_s_reg_161                             |   9|          2|   18|         36|
    |ap_NS_fsm                                 |  13|          3|    1|          3|
    |ap_done                                   |   9|          2|    1|          2|
    |ap_enable_reg_pp0_iter1                   |   9|          2|    1|          2|
    |ap_enable_reg_pp0_iter8                   |   9|          2|    1|          2|
    |ap_phi_mux_indvar_flatten1_phi_fu_151_p6  |  13|          3|    9|         27|
    |ap_phi_mux_m2_phi_fu_137_p6               |  13|          3|    4|         12|
    |ap_phi_mux_n4_phi_fu_123_p6               |  13|          3|    5|         15|
    |ap_phi_mux_tmp_7_phi_fu_109_p6            |  13|          3|    1|          3|
    |indvar_flatten1_reg_147                   |   9|          2|    9|         18|
    |m2_reg_133                                |   9|          2|    4|          8|
    |n4_reg_119                                |   9|          2|    5|         10|
    |rewind_ap_ready_reg                       |   9|          2|    1|          2|
    |tmp_7_reg_105                             |   9|          2|    1|          2|
    +------------------------------------------+----+-----------+-----+-----------+
    |Total                                     | 146|         33|   61|        142|
    +------------------------------------------+----+-----------+-----+-----------+

    * Register: 
    +-----------------------------+----+----+-----+-----------+
    |             Name            | FF | LUT| Bits| Const Bits|
    +-----------------------------+----+----+-----+-----------+
    |acc_s_reg_161                |  18|   0|   18|          0|
    |ap_CS_fsm                    |   2|   0|    2|          0|
    |ap_done_reg                  |   1|   0|    1|          0|
    |ap_enable_reg_pp0_iter1      |   1|   0|    1|          0|
    |ap_enable_reg_pp0_iter2      |   1|   0|    1|          0|
    |ap_enable_reg_pp0_iter3      |   1|   0|    1|          0|
    |ap_enable_reg_pp0_iter4      |   1|   0|    1|          0|
    |ap_enable_reg_pp0_iter5      |   1|   0|    1|          0|
    |ap_enable_reg_pp0_iter6      |   1|   0|    1|          0|
    |ap_enable_reg_pp0_iter7      |   1|   0|    1|          0|
    |ap_enable_reg_pp0_iter8      |   1|   0|    1|          0|
    |exitcond_flatten_reg_345     |   1|   0|    1|          0|
    |indvar_flatten1_reg_147      |   9|   0|    9|          0|
    |indvar_flatten_next_reg_330  |   9|   0|    9|          0|
    |input_V_load_reg_373         |  18|   0|   18|          0|
    |m2_reg_133                   |   4|   0|    4|          0|
    |m_mid2_reg_319               |   4|   0|    4|          0|
    |matrix_V_load_reg_378        |  18|   0|   18|          0|
    |n4_reg_119                   |   5|   0|    5|          0|
    |n_mid2_reg_311               |   5|   0|    5|          0|
    |n_reg_335                    |   5|   0|    5|          0|
    |p_Val2_s_reg_393             |  36|   0|   36|          0|
    |rewind_ap_ready_reg          |   1|   0|    1|          0|
    |tmp_1_reg_354                |   1|   0|    1|          0|
    |tmp_6_reg_369                |   1|   0|    1|          0|
    |tmp_7_reg_105                |   1|   0|    1|          0|
    |tmp_8_reg_349                |   9|   0|    9|          0|
    |tmp_s_reg_340                |   1|   0|    1|          0|
    |exitcond_flatten_reg_345     |  64|  32|    1|          0|
    |m_mid2_reg_319               |  64|  32|    4|          0|
    |n_mid2_reg_311               |  64|  32|    5|          0|
    |tmp_1_reg_354                |  64|  32|    1|          0|
    |tmp_6_reg_369                |  64|  32|    1|          0|
    +-----------------------------+----+----+-----+-----------+
    |Total                        | 477| 160|  169|          0|
    +-----------------------------+----+----+-----+-----------+



================================================================
== Interface
================================================================
* Summary: 
+-------------------+-----+-----+------------+----------------+--------------+
|     RTL Ports     | Dir | Bits|  Protocol  |  Source Object |    C Type    |
+-------------------+-----+-----+------------+----------------+--------------+
|ap_clk             |  in |    1| ap_ctrl_hs | mvprod_layer_2 | return value |
|ap_rst             |  in |    1| ap_ctrl_hs | mvprod_layer_2 | return value |
|ap_start           |  in |    1| ap_ctrl_hs | mvprod_layer_2 | return value |
|ap_done            | out |    1| ap_ctrl_hs | mvprod_layer_2 | return value |
|ap_continue        |  in |    1| ap_ctrl_hs | mvprod_layer_2 | return value |
|ap_idle            | out |    1| ap_ctrl_hs | mvprod_layer_2 | return value |
|ap_ready           | out |    1| ap_ctrl_hs | mvprod_layer_2 | return value |
|matrix_V_address0  | out |    9|  ap_memory |    matrix_V    |     array    |
|matrix_V_ce0       | out |    1|  ap_memory |    matrix_V    |     array    |
|matrix_V_q0        |  in |   18|  ap_memory |    matrix_V    |     array    |
|input_V_address0   | out |    5|  ap_memory |     input_V    |     array    |
|input_V_ce0        | out |    1|  ap_memory |     input_V    |     array    |
|input_V_q0         |  in |   18|  ap_memory |     input_V    |     array    |
|result_V_address0  | out |    4|  ap_memory |    result_V    |     array    |
|result_V_ce0       | out |    1|  ap_memory |    result_V    |     array    |
|result_V_we0       | out |    1|  ap_memory |    result_V    |     array    |
|result_V_d0        | out |   18|  ap_memory |    result_V    |     array    |
+-------------------+-----+-----+------------+----------------+--------------+

