Copyright 1986-2018 Xilinx, Inc. All Rights Reserved.
-------------------------------------------------------------------------------------------------------------------------------
| Tool Version     : Vivado v.2018.2 (win64) Build 2258646 Thu Jun 14 20:03:12 MDT 2018
| Date             : Sun Oct 27 21:25:55 2019
| Host             : DESKTOP-S201MJR running 64-bit major release  (build 9200)
| Command          : report_power -file mlp_power_routed.rpt -pb mlp_power_summary_routed.pb -rpx mlp_power_routed.rpx
| Design           : mlp
| Device           : xc7k325tffg676-2
| Design State     : routed
| Grade            : commercial
| Process          : typical
| Characterization : Production
-------------------------------------------------------------------------------------------------------------------------------

Power Report

Table of Contents
-----------------
1. Summary
1.1 On-Chip Components
1.2 Power Supply Summary
1.3 Confidence Level
2. Settings
2.1 Environment
2.2 Clock Constraints
3. Detailed Reports
3.1 By Hierarchy

1. Summary
----------

+--------------------------+--------------+
| Total On-Chip Power (W)  | 0.603        |
| Design Power Budget (W)  | Unspecified* |
| Power Budget Margin (W)  | NA           |
| Dynamic (W)              | 0.443        |
| Device Static (W)        | 0.159        |
| Effective TJA (C/W)      | 1.9          |
| Max Ambient (C)          | 83.9         |
| Junction Temperature (C) | 26.1         |
| Confidence Level         | Medium       |
| Setting File             | ---          |
| Simulation Activity File | ---          |
| Design Nets Matched      | NA           |
+--------------------------+--------------+
* Specify Design Power Budget using, set_operating_conditions -design_power_budget <value in Watts>


1.1 On-Chip Components
----------------------

+--------------------------+-----------+----------+-----------+-----------------+
| On-Chip                  | Power (W) | Used     | Available | Utilization (%) |
+--------------------------+-----------+----------+-----------+-----------------+
| Clocks                   |     0.336 |        3 |       --- |             --- |
| Slice Logic              |     0.044 |   114078 |       --- |             --- |
|   LUT as Logic           |     0.033 |    34303 |    203800 |           16.83 |
|   CARRY4                 |     0.007 |     2169 |     50950 |            4.26 |
|   Register               |     0.003 |    67208 |    407600 |           16.49 |
|   LUT as Distributed RAM |     0.001 |      144 |     64000 |            0.23 |
|   LUT as Shift Register  |    <0.001 |     2210 |     64000 |            3.45 |
|   Others                 |     0.000 |     1327 |       --- |             --- |
| Signals                  |     0.055 |    89542 |       --- |             --- |
| DSPs                     |     0.008 |       20 |       840 |            2.38 |
| Static Power             |     0.159 |          |           |                 |
| Total                    |     0.603 |          |           |                 |
+--------------------------+-----------+----------+-----------+-----------------+


1.2 Power Supply Summary
------------------------

+-----------+-------------+-----------+-------------+------------+
| Source    | Voltage (V) | Total (A) | Dynamic (A) | Static (A) |
+-----------+-------------+-----------+-------------+------------+
| Vccint    |       1.000 |     0.514 |       0.443 |      0.071 |
| Vccaux    |       1.800 |     0.028 |       0.000 |      0.028 |
| Vcco33    |       3.300 |     0.000 |       0.000 |      0.000 |
| Vcco25    |       2.500 |     0.000 |       0.000 |      0.000 |
| Vcco18    |       1.800 |     0.000 |       0.000 |      0.000 |
| Vcco15    |       1.500 |     0.000 |       0.000 |      0.000 |
| Vcco135   |       1.350 |     0.000 |       0.000 |      0.000 |
| Vcco12    |       1.200 |     0.000 |       0.000 |      0.000 |
| Vccaux_io |       1.800 |     0.000 |       0.000 |      0.000 |
| Vccbram   |       1.000 |     0.001 |       0.000 |      0.001 |
| MGTAVcc   |       1.000 |     0.000 |       0.000 |      0.000 |
| MGTAVtt   |       1.200 |     0.000 |       0.000 |      0.000 |
| MGTVccaux |       1.800 |     0.000 |       0.000 |      0.000 |
| Vccadc    |       1.800 |     0.020 |       0.000 |      0.020 |
+-----------+-------------+-----------+-------------+------------+


1.3 Confidence Level
--------------------

+-----------------------------+------------+------------------------------------------------+------------------------------------------------------------------------------------------------------------+
| User Input Data             | Confidence | Details                                        | Action                                                                                                     |
+-----------------------------+------------+------------------------------------------------+------------------------------------------------------------------------------------------------------------+
| Design implementation state | High       | Design is routed                               |                                                                                                            |
| Clock nodes activity        | High       | User specified more than 95% of clocks         |                                                                                                            |
| I/O nodes activity          | High       | User specified more than 95% of inputs         |                                                                                                            |
| Internal nodes activity     | Medium     | User specified less than 25% of internal nodes | Provide missing internal nodes activity with simulation results or by editing the "By Resource Type" views |
| Device models               | High       | Device models are Production                   |                                                                                                            |
|                             |            |                                                |                                                                                                            |
| Overall confidence level    | Medium     |                                                |                                                                                                            |
+-----------------------------+------------+------------------------------------------------+------------------------------------------------------------------------------------------------------------+


2. Settings
-----------

2.1 Environment
---------------

+-----------------------+--------------------------+
| Ambient Temp (C)      | 25.0                     |
| ThetaJA (C/W)         | 1.9                      |
| Airflow (LFM)         | 250                      |
| Heat Sink             | medium (Medium Profile)  |
| ThetaSA (C/W)         | 3.4                      |
| Board Selection       | medium (10"x10")         |
| # of Board Layers     | 12to15 (12 to 15 Layers) |
| Board Temperature (C) | 25.0                     |
+-----------------------+--------------------------+


2.2 Clock Constraints
---------------------

+--------+--------+-----------------+
| Clock  | Domain | Constraint (ns) |
+--------+--------+-----------------+
| ap_clk | ap_clk |             4.0 |
+--------+--------+-----------------+


3. Detailed Reports
-------------------

3.1 By Hierarchy
----------------

+-------------------------------------------------+-----------+
| Name                                            | Power (W) |
+-------------------------------------------------+-----------+
| mlp                                             |     0.443 |
|   Block_arrayctor_loop_U0                       |    <0.001 |
|   L1_activ_V_U                                  |    <0.001 |
|     mlp_L1_no_activ_V_memcore_U                 |    <0.001 |
|       mlp_L1_no_activ_V_memcore_ram_U           |    <0.001 |
|         ram_reg_0_63_0_2                        |    <0.001 |
|         ram_reg_0_63_12_14                      |    <0.001 |
|         ram_reg_0_63_15_17                      |    <0.001 |
|         ram_reg_0_63_3_5                        |    <0.001 |
|         ram_reg_0_63_6_8                        |    <0.001 |
|         ram_reg_0_63_9_11                       |    <0.001 |
|   L1_no_activ_V_U                               |    <0.001 |
|     mlp_L1_no_activ_V_memcore_U                 |    <0.001 |
|       mlp_L1_no_activ_V_memcore_ram_U           |    <0.001 |
|         ram_reg_0_63_0_2                        |    <0.001 |
|         ram_reg_0_63_12_14                      |    <0.001 |
|         ram_reg_0_63_15_17                      |    <0.001 |
|         ram_reg_0_63_3_5                        |    <0.001 |
|         ram_reg_0_63_6_8                        |    <0.001 |
|         ram_reg_0_63_9_11                       |    <0.001 |
|   L2_bias_added_V_U                             |     0.003 |
|     gen_buffer[0].mlp_L2_bias_added_V_memcore_U |     0.001 |
|       mlp_L2_bias_added_V_memcore_ram_U         |     0.001 |
|         ram_reg_0_15_0_0                        |    <0.001 |
|         ram_reg_0_15_0_0__0                     |    <0.001 |
|         ram_reg_0_15_0_0__1                     |    <0.001 |
|         ram_reg_0_15_0_0__10                    |    <0.001 |
|         ram_reg_0_15_0_0__11                    |    <0.001 |
|         ram_reg_0_15_0_0__12                    |    <0.001 |
|         ram_reg_0_15_0_0__13                    |    <0.001 |
|         ram_reg_0_15_0_0__14                    |    <0.001 |
|         ram_reg_0_15_0_0__15                    |    <0.001 |
|         ram_reg_0_15_0_0__16                    |    <0.001 |
|         ram_reg_0_15_0_0__17                    |    <0.001 |
|         ram_reg_0_15_0_0__18                    |    <0.001 |
|         ram_reg_0_15_0_0__19                    |    <0.001 |
|         ram_reg_0_15_0_0__2                     |    <0.001 |
|         ram_reg_0_15_0_0__20                    |    <0.001 |
|         ram_reg_0_15_0_0__21                    |    <0.001 |
|         ram_reg_0_15_0_0__22                    |    <0.001 |
|         ram_reg_0_15_0_0__23                    |    <0.001 |
|         ram_reg_0_15_0_0__24                    |    <0.001 |
|         ram_reg_0_15_0_0__25                    |    <0.001 |
|         ram_reg_0_15_0_0__26                    |    <0.001 |
|         ram_reg_0_15_0_0__27                    |    <0.001 |
|         ram_reg_0_15_0_0__28                    |    <0.001 |
|         ram_reg_0_15_0_0__29                    |    <0.001 |
|         ram_reg_0_15_0_0__3                     |    <0.001 |
|         ram_reg_0_15_0_0__30                    |    <0.001 |
|         ram_reg_0_15_0_0__31                    |    <0.001 |
|         ram_reg_0_15_0_0__32                    |    <0.001 |
|         ram_reg_0_15_0_0__33                    |    <0.001 |
|         ram_reg_0_15_0_0__34                    |    <0.001 |
|         ram_reg_0_15_0_0__4                     |    <0.001 |
|         ram_reg_0_15_0_0__5                     |    <0.001 |
|         ram_reg_0_15_0_0__6                     |    <0.001 |
|         ram_reg_0_15_0_0__7                     |    <0.001 |
|         ram_reg_0_15_0_0__8                     |    <0.001 |
|         ram_reg_0_15_0_0__9                     |    <0.001 |
|     gen_buffer[1].mlp_L2_bias_added_V_memcore_U |     0.001 |
|       mlp_L2_bias_added_V_memcore_ram_U         |     0.001 |
|         ram_reg_0_15_0_0                        |    <0.001 |
|         ram_reg_0_15_0_0__0                     |    <0.001 |
|         ram_reg_0_15_0_0__1                     |    <0.001 |
|         ram_reg_0_15_0_0__10                    |    <0.001 |
|         ram_reg_0_15_0_0__11                    |    <0.001 |
|         ram_reg_0_15_0_0__12                    |    <0.001 |
|         ram_reg_0_15_0_0__13                    |    <0.001 |
|         ram_reg_0_15_0_0__14                    |    <0.001 |
|         ram_reg_0_15_0_0__15                    |    <0.001 |
|         ram_reg_0_15_0_0__16                    |    <0.001 |
|         ram_reg_0_15_0_0__17                    |    <0.001 |
|         ram_reg_0_15_0_0__18                    |    <0.001 |
|         ram_reg_0_15_0_0__19                    |    <0.001 |
|         ram_reg_0_15_0_0__2                     |    <0.001 |
|         ram_reg_0_15_0_0__20                    |    <0.001 |
|         ram_reg_0_15_0_0__21                    |    <0.001 |
|         ram_reg_0_15_0_0__22                    |    <0.001 |
|         ram_reg_0_15_0_0__23                    |    <0.001 |
|         ram_reg_0_15_0_0__24                    |    <0.001 |
|         ram_reg_0_15_0_0__25                    |    <0.001 |
|         ram_reg_0_15_0_0__26                    |    <0.001 |
|         ram_reg_0_15_0_0__27                    |    <0.001 |
|         ram_reg_0_15_0_0__28                    |    <0.001 |
|         ram_reg_0_15_0_0__29                    |    <0.001 |
|         ram_reg_0_15_0_0__3                     |    <0.001 |
|         ram_reg_0_15_0_0__30                    |    <0.001 |
|         ram_reg_0_15_0_0__31                    |    <0.001 |
|         ram_reg_0_15_0_0__32                    |    <0.001 |
|         ram_reg_0_15_0_0__33                    |    <0.001 |
|         ram_reg_0_15_0_0__34                    |    <0.001 |
|         ram_reg_0_15_0_0__4                     |    <0.001 |
|         ram_reg_0_15_0_0__5                     |    <0.001 |
|         ram_reg_0_15_0_0__6                     |    <0.001 |
|         ram_reg_0_15_0_0__7                     |    <0.001 |
|         ram_reg_0_15_0_0__8                     |    <0.001 |
|         ram_reg_0_15_0_0__9                     |    <0.001 |
|   L2_out_V_U                                    |    <0.001 |
|     mlp_L2_out_V_memcore_U                      |    <0.001 |
|       mlp_L2_out_V_memcore_ram_U                |    <0.001 |
|         ram_reg_0_31_0_5                        |    <0.001 |
|         ram_reg_0_31_12_17                      |    <0.001 |
|         ram_reg_0_31_6_11                       |    <0.001 |
|   L2_out_activ_V_U                              |     0.001 |
|     mlp_L2_out_V_memcore_U                      |     0.001 |
|       mlp_L2_out_V_memcore_ram_U                |     0.001 |
|         ram_reg_0_31_0_5                        |    <0.001 |
|         ram_reg_0_31_12_17                      |    <0.001 |
|         ram_reg_0_31_6_11                       |    <0.001 |
|   add_bias_pre_L1_U0                            |     0.037 |
|   add_bias_pre_L2_U0                            |     0.001 |
|   bias_added_0_10_V_U                           |    <0.001 |
|     U_fifo_w18_d2_A_ram                         |    <0.001 |
|   bias_added_0_11_V_U                           |    <0.001 |
|     U_fifo_w18_d2_A_ram                         |    <0.001 |
|   bias_added_0_12_V_U                           |    <0.001 |
|     U_fifo_w18_d2_A_ram                         |    <0.001 |
|   bias_added_0_13_V_U                           |    <0.001 |
|     U_fifo_w18_d2_A_ram                         |    <0.001 |
|   bias_added_0_14_V_U                           |    <0.001 |
|     U_fifo_w18_d2_A_ram                         |    <0.001 |
|   bias_added_0_15_V_U                           |    <0.001 |
|     U_fifo_w18_d2_A_ram                         |    <0.001 |
|   bias_added_0_16_V_U                           |    <0.001 |
|     U_fifo_w18_d2_A_ram                         |    <0.001 |
|   bias_added_0_17_V_U                           |    <0.001 |
|     U_fifo_w18_d2_A_ram                         |    <0.001 |
|   bias_added_0_18_V_U                           |    <0.001 |
|     U_fifo_w18_d2_A_ram                         |    <0.001 |
|   bias_added_0_19_V_U                           |    <0.001 |
|     U_fifo_w18_d2_A_ram                         |    <0.001 |
|   bias_added_0_1_V_U                            |    <0.001 |
|     U_fifo_w18_d2_A_ram                         |    <0.001 |
|   bias_added_0_20_V_U                           |    <0.001 |
|     U_fifo_w18_d2_A_ram                         |    <0.001 |
|   bias_added_0_21_V_U                           |    <0.001 |
|     U_fifo_w18_d2_A_ram                         |    <0.001 |
|   bias_added_0_22_V_U                           |    <0.001 |
|     U_fifo_w18_d2_A_ram                         |    <0.001 |
|   bias_added_0_23_V_U                           |    <0.001 |
|     U_fifo_w18_d2_A_ram                         |    <0.001 |
|   bias_added_0_24_V_U                           |    <0.001 |
|     U_fifo_w18_d2_A_ram                         |    <0.001 |
|   bias_added_0_25_V_U                           |    <0.001 |
|     U_fifo_w18_d2_A_ram                         |    <0.001 |
|   bias_added_0_2_V_U                            |    <0.001 |
|     U_fifo_w18_d2_A_ram                         |    <0.001 |
|   bias_added_0_3_V_U                            |    <0.001 |
|     U_fifo_w18_d2_A_ram                         |    <0.001 |
|   bias_added_0_4_V_U                            |    <0.001 |
|     U_fifo_w18_d2_A_ram                         |    <0.001 |
|   bias_added_0_5_V_U                            |    <0.001 |
|     U_fifo_w18_d2_A_ram                         |    <0.001 |
|   bias_added_0_6_V_U                            |    <0.001 |
|     U_fifo_w18_d2_A_ram                         |    <0.001 |
|   bias_added_0_7_V_U                            |    <0.001 |
|     U_fifo_w18_d2_A_ram                         |    <0.001 |
|   bias_added_0_8_V_U                            |    <0.001 |
|     U_fifo_w18_d2_A_ram                         |    <0.001 |
|   bias_added_0_9_V_U                            |    <0.001 |
|     U_fifo_w18_d2_A_ram                         |    <0.001 |
|   bias_added_10_0_V_U                           |    <0.001 |
|     U_fifo_w18_d2_A_ram                         |    <0.001 |
|   bias_added_10_10_V_U                          |    <0.001 |
|     U_fifo_w18_d2_A_ram                         |    <0.001 |
|   bias_added_10_11_V_U                          |    <0.001 |
|     U_fifo_w18_d2_A_ram                         |    <0.001 |
|   bias_added_10_12_V_U                          |    <0.001 |
|     U_fifo_w18_d2_A_ram                         |    <0.001 |
|   bias_added_10_13_V_U                          |    <0.001 |
|     U_fifo_w18_d2_A_ram                         |    <0.001 |
|   bias_added_10_14_V_U                          |    <0.001 |
|     U_fifo_w18_d2_A_ram                         |    <0.001 |
|   bias_added_10_15_V_U                          |    <0.001 |
|     U_fifo_w18_d2_A_ram                         |    <0.001 |
|   bias_added_10_16_V_U                          |    <0.001 |
|     U_fifo_w18_d2_A_ram                         |    <0.001 |
|   bias_added_10_17_V_U                          |    <0.001 |
|     U_fifo_w18_d2_A_ram                         |    <0.001 |
|   bias_added_10_18_V_U                          |    <0.001 |
|     U_fifo_w18_d2_A_ram                         |    <0.001 |
|   bias_added_10_19_V_U                          |    <0.001 |
|     U_fifo_w18_d2_A_ram                         |    <0.001 |
|   bias_added_10_1_V_U                           |    <0.001 |
|     U_fifo_w18_d2_A_ram                         |    <0.001 |
|   bias_added_10_20_V_U                          |    <0.001 |
|     U_fifo_w18_d2_A_ram                         |    <0.001 |
|   bias_added_10_21_V_U                          |    <0.001 |
|     U_fifo_w18_d2_A_ram                         |    <0.001 |
|   bias_added_10_22_V_U                          |    <0.001 |
|     U_fifo_w18_d2_A_ram                         |    <0.001 |
|   bias_added_10_23_V_U                          |    <0.001 |
|     U_fifo_w18_d2_A_ram                         |    <0.001 |
|   bias_added_10_24_V_U                          |    <0.001 |
|     U_fifo_w18_d2_A_ram                         |    <0.001 |
|   bias_added_10_25_V_U                          |    <0.001 |
|     U_fifo_w18_d2_A_ram                         |    <0.001 |
|   bias_added_10_2_V_U                           |    <0.001 |
|     U_fifo_w18_d2_A_ram                         |    <0.001 |
|   bias_added_10_3_V_U                           |    <0.001 |
|     U_fifo_w18_d2_A_ram                         |    <0.001 |
|   bias_added_10_4_V_U                           |    <0.001 |
|     U_fifo_w18_d2_A_ram                         |    <0.001 |
|   bias_added_10_5_V_U                           |    <0.001 |
|     U_fifo_w18_d2_A_ram                         |    <0.001 |
|   bias_added_10_6_V_U                           |    <0.001 |
|     U_fifo_w18_d2_A_ram                         |    <0.001 |
|   bias_added_10_7_V_U                           |    <0.001 |
|     U_fifo_w18_d2_A_ram                         |    <0.001 |
|   bias_added_10_8_V_U                           |    <0.001 |
|     U_fifo_w18_d2_A_ram                         |    <0.001 |
|   bias_added_10_9_V_U                           |    <0.001 |
|     U_fifo_w18_d2_A_ram                         |    <0.001 |
|   bias_added_11_0_V_U                           |    <0.001 |
|     U_fifo_w18_d2_A_ram                         |    <0.001 |
|   bias_added_11_10_V_U                          |    <0.001 |
|     U_fifo_w18_d2_A_ram                         |    <0.001 |
|   bias_added_11_11_V_U                          |    <0.001 |
|     U_fifo_w18_d2_A_ram                         |    <0.001 |
|   bias_added_11_12_V_U                          |    <0.001 |
|     U_fifo_w18_d2_A_ram                         |    <0.001 |
|   bias_added_11_13_V_U                          |    <0.001 |
|     U_fifo_w18_d2_A_ram                         |    <0.001 |
|   bias_added_11_14_V_U                          |    <0.001 |
|     U_fifo_w18_d2_A_ram                         |    <0.001 |
|   bias_added_11_15_V_U                          |    <0.001 |
|     U_fifo_w18_d2_A_ram                         |    <0.001 |
|   bias_added_11_16_V_U                          |    <0.001 |
|     U_fifo_w18_d2_A_ram                         |    <0.001 |
|   bias_added_11_17_V_U                          |    <0.001 |
|     U_fifo_w18_d2_A_ram                         |    <0.001 |
|   bias_added_11_18_V_U                          |    <0.001 |
|     U_fifo_w18_d2_A_ram                         |    <0.001 |
|   bias_added_11_19_V_U                          |    <0.001 |
|     U_fifo_w18_d2_A_ram                         |    <0.001 |
|   bias_added_11_1_V_U                           |    <0.001 |
|     U_fifo_w18_d2_A_ram                         |    <0.001 |
|   bias_added_11_20_V_U                          |    <0.001 |
|     U_fifo_w18_d2_A_ram                         |    <0.001 |
|   bias_added_11_21_V_U                          |    <0.001 |
|     U_fifo_w18_d2_A_ram                         |    <0.001 |
|   bias_added_11_22_V_U                          |    <0.001 |
|     U_fifo_w18_d2_A_ram                         |    <0.001 |
|   bias_added_11_23_V_U                          |    <0.001 |
|     U_fifo_w18_d2_A_ram                         |    <0.001 |
|   bias_added_11_24_V_U                          |    <0.001 |
|     U_fifo_w18_d2_A_ram                         |    <0.001 |
|   bias_added_11_25_V_U                          |    <0.001 |
|     U_fifo_w18_d2_A_ram                         |    <0.001 |
|   bias_added_11_2_V_U                           |    <0.001 |
|     U_fifo_w18_d2_A_ram                         |    <0.001 |
|   bias_added_11_3_V_U                           |    <0.001 |
|     U_fifo_w18_d2_A_ram                         |    <0.001 |
|   bias_added_11_4_V_U                           |    <0.001 |
|     U_fifo_w18_d2_A_ram                         |    <0.001 |
|   bias_added_11_5_V_U                           |    <0.001 |
|     U_fifo_w18_d2_A_ram                         |    <0.001 |
|   bias_added_11_6_V_U                           |    <0.001 |
|     U_fifo_w18_d2_A_ram                         |    <0.001 |
|   bias_added_11_7_V_U                           |    <0.001 |
|     U_fifo_w18_d2_A_ram                         |    <0.001 |
|   bias_added_11_8_V_U                           |    <0.001 |
|     U_fifo_w18_d2_A_ram                         |    <0.001 |
|   bias_added_11_9_V_U                           |    <0.001 |
|     U_fifo_w18_d2_A_ram                         |    <0.001 |
|   bias_added_12_0_V_U                           |    <0.001 |
|     U_fifo_w18_d2_A_ram                         |    <0.001 |
|   bias_added_12_10_V_U                          |    <0.001 |
|     U_fifo_w18_d2_A_ram                         |    <0.001 |
|   bias_added_12_11_V_U                          |    <0.001 |
|     U_fifo_w18_d2_A_ram                         |    <0.001 |
|   bias_added_12_12_V_U                          |    <0.001 |
|     U_fifo_w18_d2_A_ram                         |    <0.001 |
|   bias_added_12_13_V_U                          |    <0.001 |
|     U_fifo_w18_d2_A_ram                         |    <0.001 |
|   bias_added_12_14_V_U                          |    <0.001 |
|     U_fifo_w18_d2_A_ram                         |    <0.001 |
|   bias_added_12_15_V_U                          |    <0.001 |
|     U_fifo_w18_d2_A_ram                         |    <0.001 |
|   bias_added_12_16_V_U                          |    <0.001 |
|     U_fifo_w18_d2_A_ram                         |    <0.001 |
|   bias_added_12_17_V_U                          |    <0.001 |
|     U_fifo_w18_d2_A_ram                         |    <0.001 |
|   bias_added_12_18_V_U                          |    <0.001 |
|     U_fifo_w18_d2_A_ram                         |    <0.001 |
|   bias_added_12_19_V_U                          |    <0.001 |
|     U_fifo_w18_d2_A_ram                         |    <0.001 |
|   bias_added_12_1_V_U                           |    <0.001 |
|     U_fifo_w18_d2_A_ram                         |    <0.001 |
|   bias_added_12_20_V_U                          |    <0.001 |
|     U_fifo_w18_d2_A_ram                         |    <0.001 |
|   bias_added_12_21_V_U                          |    <0.001 |
|     U_fifo_w18_d2_A_ram                         |    <0.001 |
|   bias_added_12_22_V_U                          |    <0.001 |
|     U_fifo_w18_d2_A_ram                         |    <0.001 |
|   bias_added_12_23_V_U                          |    <0.001 |
|     U_fifo_w18_d2_A_ram                         |    <0.001 |
|   bias_added_12_24_V_U                          |    <0.001 |
|     U_fifo_w18_d2_A_ram                         |    <0.001 |
|   bias_added_12_25_V_U                          |    <0.001 |
|     U_fifo_w18_d2_A_ram                         |    <0.001 |
|   bias_added_12_2_V_U                           |    <0.001 |
|     U_fifo_w18_d2_A_ram                         |    <0.001 |
|   bias_added_12_3_V_U                           |    <0.001 |
|     U_fifo_w18_d2_A_ram                         |    <0.001 |
|   bias_added_12_4_V_U                           |    <0.001 |
|     U_fifo_w18_d2_A_ram                         |    <0.001 |
|   bias_added_12_5_V_U                           |    <0.001 |
|     U_fifo_w18_d2_A_ram                         |    <0.001 |
|   bias_added_12_6_V_U                           |    <0.001 |
|     U_fifo_w18_d2_A_ram                         |    <0.001 |
|   bias_added_12_7_V_U                           |    <0.001 |
|     U_fifo_w18_d2_A_ram                         |    <0.001 |
|   bias_added_12_8_V_U                           |    <0.001 |
|     U_fifo_w18_d2_A_ram                         |    <0.001 |
|   bias_added_12_9_V_U                           |    <0.001 |
|     U_fifo_w18_d2_A_ram                         |    <0.001 |
|   bias_added_13_0_V_U                           |    <0.001 |
|     U_fifo_w18_d2_A_ram                         |    <0.001 |
|   bias_added_13_10_V_U                          |    <0.001 |
|     U_fifo_w18_d2_A_ram                         |    <0.001 |
|   bias_added_13_11_V_U                          |    <0.001 |
|     U_fifo_w18_d2_A_ram                         |    <0.001 |
|   bias_added_13_12_V_U                          |    <0.001 |
|     U_fifo_w18_d2_A_ram                         |    <0.001 |
|   bias_added_13_13_V_U                          |    <0.001 |
|     U_fifo_w18_d2_A_ram                         |    <0.001 |
|   bias_added_13_14_V_U                          |    <0.001 |
|     U_fifo_w18_d2_A_ram                         |    <0.001 |
|   bias_added_13_15_V_U                          |    <0.001 |
|     U_fifo_w18_d2_A_ram                         |    <0.001 |
|   bias_added_13_16_V_U                          |    <0.001 |
|     U_fifo_w18_d2_A_ram                         |    <0.001 |
|   bias_added_13_17_V_U                          |    <0.001 |
|     U_fifo_w18_d2_A_ram                         |    <0.001 |
|   bias_added_13_18_V_U                          |    <0.001 |
|     U_fifo_w18_d2_A_ram                         |    <0.001 |
|   bias_added_13_19_V_U                          |    <0.001 |
|     U_fifo_w18_d2_A_ram                         |    <0.001 |
|   bias_added_13_1_V_U                           |    <0.001 |
|     U_fifo_w18_d2_A_ram                         |    <0.001 |
|   bias_added_13_20_V_U                          |    <0.001 |
|     U_fifo_w18_d2_A_ram                         |    <0.001 |
|   bias_added_13_21_V_U                          |    <0.001 |
|     U_fifo_w18_d2_A_ram                         |    <0.001 |
|   bias_added_13_22_V_U                          |    <0.001 |
|     U_fifo_w18_d2_A_ram                         |    <0.001 |
|   bias_added_13_23_V_U                          |    <0.001 |
|     U_fifo_w18_d2_A_ram                         |    <0.001 |
|   bias_added_13_24_V_U                          |    <0.001 |
|     U_fifo_w18_d2_A_ram                         |    <0.001 |
|   bias_added_13_25_V_U                          |    <0.001 |
|     U_fifo_w18_d2_A_ram                         |    <0.001 |
|   bias_added_13_2_V_U                           |    <0.001 |
|     U_fifo_w18_d2_A_ram                         |    <0.001 |
|   bias_added_13_3_V_U                           |    <0.001 |
|     U_fifo_w18_d2_A_ram                         |    <0.001 |
|   bias_added_13_4_V_U                           |    <0.001 |
|     U_fifo_w18_d2_A_ram                         |    <0.001 |
|   bias_added_13_5_V_U                           |    <0.001 |
|     U_fifo_w18_d2_A_ram                         |    <0.001 |
|   bias_added_13_6_V_U                           |    <0.001 |
|     U_fifo_w18_d2_A_ram                         |    <0.001 |
|   bias_added_13_7_V_U                           |    <0.001 |
|     U_fifo_w18_d2_A_ram                         |    <0.001 |
|   bias_added_13_8_V_U                           |    <0.001 |
|     U_fifo_w18_d2_A_ram                         |    <0.001 |
|   bias_added_13_9_V_U                           |    <0.001 |
|     U_fifo_w18_d2_A_ram                         |    <0.001 |
|   bias_added_14_0_V_U                           |    <0.001 |
|     U_fifo_w18_d2_A_ram                         |    <0.001 |
|   bias_added_14_10_V_U                          |    <0.001 |
|     U_fifo_w18_d2_A_ram                         |    <0.001 |
|   bias_added_14_11_V_U                          |    <0.001 |
|     U_fifo_w18_d2_A_ram                         |    <0.001 |
|   bias_added_14_12_V_U                          |    <0.001 |
|     U_fifo_w18_d2_A_ram                         |    <0.001 |
|   bias_added_14_13_V_U                          |    <0.001 |
|     U_fifo_w18_d2_A_ram                         |    <0.001 |
|   bias_added_14_14_V_U                          |    <0.001 |
|     U_fifo_w18_d2_A_ram                         |    <0.001 |
|   bias_added_14_15_V_U                          |    <0.001 |
|     U_fifo_w18_d2_A_ram                         |    <0.001 |
|   bias_added_14_16_V_U                          |    <0.001 |
|     U_fifo_w18_d2_A_ram                         |    <0.001 |
|   bias_added_14_17_V_U                          |    <0.001 |
|     U_fifo_w18_d2_A_ram                         |    <0.001 |
|   bias_added_14_18_V_U                          |    <0.001 |
|     U_fifo_w18_d2_A_ram                         |    <0.001 |
|   bias_added_14_19_V_U                          |    <0.001 |
|     U_fifo_w18_d2_A_ram                         |    <0.001 |
|   bias_added_14_1_V_U                           |    <0.001 |
|     U_fifo_w18_d2_A_ram                         |    <0.001 |
|   bias_added_14_20_V_U                          |    <0.001 |
|     U_fifo_w18_d2_A_ram                         |    <0.001 |
|   bias_added_14_21_V_U                          |    <0.001 |
|     U_fifo_w18_d2_A_ram                         |    <0.001 |
|   bias_added_14_22_V_U                          |    <0.001 |
|     U_fifo_w18_d2_A_ram                         |    <0.001 |
|   bias_added_14_23_V_U                          |    <0.001 |
|     U_fifo_w18_d2_A_ram                         |    <0.001 |
|   bias_added_14_24_V_U                          |    <0.001 |
|     U_fifo_w18_d2_A_ram                         |    <0.001 |
|   bias_added_14_25_V_U                          |    <0.001 |
|     U_fifo_w18_d2_A_ram                         |    <0.001 |
|   bias_added_14_2_V_U                           |    <0.001 |
|     U_fifo_w18_d2_A_ram                         |    <0.001 |
|   bias_added_14_3_V_U                           |    <0.001 |
|     U_fifo_w18_d2_A_ram                         |    <0.001 |
|   bias_added_14_4_V_U                           |    <0.001 |
|     U_fifo_w18_d2_A_ram                         |    <0.001 |
|   bias_added_14_5_V_U                           |    <0.001 |
|     U_fifo_w18_d2_A_ram                         |    <0.001 |
|   bias_added_14_6_V_U                           |    <0.001 |
|     U_fifo_w18_d2_A_ram                         |    <0.001 |
|   bias_added_14_7_V_U                           |    <0.001 |
|     U_fifo_w18_d2_A_ram                         |    <0.001 |
|   bias_added_14_8_V_U                           |    <0.001 |
|     U_fifo_w18_d2_A_ram                         |    <0.001 |
|   bias_added_14_9_V_U                           |    <0.001 |
|     U_fifo_w18_d2_A_ram                         |    <0.001 |
|   bias_added_15_0_V_U                           |    <0.001 |
|     U_fifo_w18_d2_A_ram                         |    <0.001 |
|   bias_added_15_10_V_U                          |    <0.001 |
|     U_fifo_w18_d2_A_ram                         |    <0.001 |
|   bias_added_15_1_V_U                           |    <0.001 |
|     U_fifo_w18_d2_A_ram                         |    <0.001 |
|   bias_added_15_2_V_U                           |    <0.001 |
|     U_fifo_w18_d2_A_ram                         |    <0.001 |
|   bias_added_15_3_V_U                           |    <0.001 |
|     U_fifo_w18_d2_A_ram                         |    <0.001 |
|   bias_added_15_4_V_U                           |    <0.001 |
|     U_fifo_w18_d2_A_ram                         |    <0.001 |
|   bias_added_15_5_V_U                           |    <0.001 |
|     U_fifo_w18_d2_A_ram                         |    <0.001 |
|   bias_added_15_6_V_U                           |    <0.001 |
|     U_fifo_w18_d2_A_ram                         |    <0.001 |
|   bias_added_15_7_V_U                           |    <0.001 |
|     U_fifo_w18_d2_A_ram                         |    <0.001 |
|   bias_added_15_8_V_U                           |    <0.001 |
|     U_fifo_w18_d2_A_ram                         |    <0.001 |
|   bias_added_15_9_V_U                           |    <0.001 |
|     U_fifo_w18_d2_A_ram                         |    <0.001 |
|   bias_added_1_0_V_U                            |    <0.001 |
|     U_fifo_w18_d2_A_ram                         |    <0.001 |
|   bias_added_1_10_V_U                           |    <0.001 |
|     U_fifo_w18_d2_A_ram                         |    <0.001 |
|   bias_added_1_11_V_U                           |    <0.001 |
|     U_fifo_w18_d2_A_ram                         |    <0.001 |
|   bias_added_1_12_V_U                           |    <0.001 |
|     U_fifo_w18_d2_A_ram                         |    <0.001 |
|   bias_added_1_13_V_U                           |    <0.001 |
|     U_fifo_w18_d2_A_ram                         |    <0.001 |
|   bias_added_1_14_V_U                           |    <0.001 |
|     U_fifo_w18_d2_A_ram                         |    <0.001 |
|   bias_added_1_15_V_U                           |    <0.001 |
|     U_fifo_w18_d2_A_ram                         |    <0.001 |
|   bias_added_1_16_V_U                           |    <0.001 |
|     U_fifo_w18_d2_A_ram                         |    <0.001 |
|   bias_added_1_17_V_U                           |    <0.001 |
|     U_fifo_w18_d2_A_ram                         |    <0.001 |
|   bias_added_1_18_V_U                           |    <0.001 |
|     U_fifo_w18_d2_A_ram                         |    <0.001 |
|   bias_added_1_19_V_U                           |    <0.001 |
|     U_fifo_w18_d2_A_ram                         |    <0.001 |
|   bias_added_1_1_V_U                            |    <0.001 |
|     U_fifo_w18_d2_A_ram                         |    <0.001 |
|   bias_added_1_20_V_U                           |    <0.001 |
|     U_fifo_w18_d2_A_ram                         |    <0.001 |
|   bias_added_1_21_V_U                           |    <0.001 |
|     U_fifo_w18_d2_A_ram                         |    <0.001 |
|   bias_added_1_22_V_U                           |    <0.001 |
|     U_fifo_w18_d2_A_ram                         |    <0.001 |
|   bias_added_1_23_V_U                           |    <0.001 |
|     U_fifo_w18_d2_A_ram                         |    <0.001 |
|   bias_added_1_24_V_U                           |    <0.001 |
|     U_fifo_w18_d2_A_ram                         |    <0.001 |
|   bias_added_1_25_V_U                           |    <0.001 |
|     U_fifo_w18_d2_A_ram                         |    <0.001 |
|   bias_added_1_2_V_U                            |    <0.001 |
|     U_fifo_w18_d2_A_ram                         |    <0.001 |
|   bias_added_1_3_V_U                            |    <0.001 |
|     U_fifo_w18_d2_A_ram                         |    <0.001 |
|   bias_added_1_4_V_U                            |    <0.001 |
|     U_fifo_w18_d2_A_ram                         |    <0.001 |
|   bias_added_1_5_V_U                            |    <0.001 |
|     U_fifo_w18_d2_A_ram                         |    <0.001 |
|   bias_added_1_6_V_U                            |    <0.001 |
|     U_fifo_w18_d2_A_ram                         |    <0.001 |
|   bias_added_1_7_V_U                            |    <0.001 |
|     U_fifo_w18_d2_A_ram                         |    <0.001 |
|   bias_added_1_8_V_U                            |    <0.001 |
|     U_fifo_w18_d2_A_ram                         |    <0.001 |
|   bias_added_1_9_V_U                            |    <0.001 |
|     U_fifo_w18_d2_A_ram                         |    <0.001 |
|   bias_added_2_0_V_U                            |    <0.001 |
|     U_fifo_w18_d2_A_ram                         |    <0.001 |
|   bias_added_2_10_V_U                           |    <0.001 |
|     U_fifo_w18_d2_A_ram                         |    <0.001 |
|   bias_added_2_11_V_U                           |    <0.001 |
|     U_fifo_w18_d2_A_ram                         |    <0.001 |
|   bias_added_2_12_V_U                           |    <0.001 |
|     U_fifo_w18_d2_A_ram                         |    <0.001 |
|   bias_added_2_13_V_U                           |    <0.001 |
|     U_fifo_w18_d2_A_ram                         |    <0.001 |
|   bias_added_2_14_V_U                           |    <0.001 |
|     U_fifo_w18_d2_A_ram                         |    <0.001 |
|   bias_added_2_15_V_U                           |    <0.001 |
|     U_fifo_w18_d2_A_ram                         |    <0.001 |
|   bias_added_2_16_V_U                           |    <0.001 |
|     U_fifo_w18_d2_A_ram                         |    <0.001 |
|   bias_added_2_17_V_U                           |    <0.001 |
|     U_fifo_w18_d2_A_ram                         |    <0.001 |
|   bias_added_2_18_V_U                           |    <0.001 |
|     U_fifo_w18_d2_A_ram                         |    <0.001 |
|   bias_added_2_19_V_U                           |    <0.001 |
|     U_fifo_w18_d2_A_ram                         |    <0.001 |
|   bias_added_2_1_V_U                            |    <0.001 |
|     U_fifo_w18_d2_A_ram                         |    <0.001 |
|   bias_added_2_20_V_U                           |    <0.001 |
|     U_fifo_w18_d2_A_ram                         |    <0.001 |
|   bias_added_2_21_V_U                           |    <0.001 |
|     U_fifo_w18_d2_A_ram                         |    <0.001 |
|   bias_added_2_22_V_U                           |    <0.001 |
|     U_fifo_w18_d2_A_ram                         |    <0.001 |
|   bias_added_2_23_V_U                           |    <0.001 |
|     U_fifo_w18_d2_A_ram                         |    <0.001 |
|   bias_added_2_24_V_U                           |    <0.001 |
|     U_fifo_w18_d2_A_ram                         |    <0.001 |
|   bias_added_2_25_V_U                           |    <0.001 |
|     U_fifo_w18_d2_A_ram                         |    <0.001 |
|   bias_added_2_2_V_U                            |    <0.001 |
|     U_fifo_w18_d2_A_ram                         |    <0.001 |
|   bias_added_2_3_V_U                            |    <0.001 |
|     U_fifo_w18_d2_A_ram                         |    <0.001 |
|   bias_added_2_4_V_U                            |    <0.001 |
|     U_fifo_w18_d2_A_ram                         |    <0.001 |
|   bias_added_2_5_V_U                            |    <0.001 |
|     U_fifo_w18_d2_A_ram                         |    <0.001 |
|   bias_added_2_6_V_U                            |    <0.001 |
|     U_fifo_w18_d2_A_ram                         |    <0.001 |
|   bias_added_2_7_V_U                            |    <0.001 |
|     U_fifo_w18_d2_A_ram                         |    <0.001 |
|   bias_added_2_8_V_U                            |    <0.001 |
|     U_fifo_w18_d2_A_ram                         |    <0.001 |
|   bias_added_2_9_V_U                            |    <0.001 |
|     U_fifo_w18_d2_A_ram                         |    <0.001 |
|   bias_added_3_0_V_U                            |    <0.001 |
|     U_fifo_w18_d2_A_ram                         |    <0.001 |
|   bias_added_3_10_V_U                           |    <0.001 |
|     U_fifo_w18_d2_A_ram                         |    <0.001 |
|   bias_added_3_11_V_U                           |    <0.001 |
|     U_fifo_w18_d2_A_ram                         |    <0.001 |
|   bias_added_3_12_V_U                           |    <0.001 |
|     U_fifo_w18_d2_A_ram                         |    <0.001 |
|   bias_added_3_13_V_U                           |    <0.001 |
|     U_fifo_w18_d2_A_ram                         |    <0.001 |
|   bias_added_3_14_V_U                           |    <0.001 |
|     U_fifo_w18_d2_A_ram                         |    <0.001 |
|   bias_added_3_15_V_U                           |    <0.001 |
|     U_fifo_w18_d2_A_ram                         |    <0.001 |
|   bias_added_3_16_V_U                           |    <0.001 |
|     U_fifo_w18_d2_A_ram                         |    <0.001 |
|   bias_added_3_17_V_U                           |    <0.001 |
|     U_fifo_w18_d2_A_ram                         |    <0.001 |
|   bias_added_3_18_V_U                           |    <0.001 |
|     U_fifo_w18_d2_A_ram                         |    <0.001 |
|   bias_added_3_19_V_U                           |    <0.001 |
|     U_fifo_w18_d2_A_ram                         |    <0.001 |
|   bias_added_3_1_V_U                            |    <0.001 |
|     U_fifo_w18_d2_A_ram                         |    <0.001 |
|   bias_added_3_20_V_U                           |    <0.001 |
|     U_fifo_w18_d2_A_ram                         |    <0.001 |
|   bias_added_3_21_V_U                           |    <0.001 |
|     U_fifo_w18_d2_A_ram                         |    <0.001 |
|   bias_added_3_22_V_U                           |    <0.001 |
|     U_fifo_w18_d2_A_ram                         |    <0.001 |
|   bias_added_3_23_V_U                           |    <0.001 |
|     U_fifo_w18_d2_A_ram                         |    <0.001 |
|   bias_added_3_24_V_U                           |    <0.001 |
|     U_fifo_w18_d2_A_ram                         |    <0.001 |
|   bias_added_3_25_V_U                           |    <0.001 |
|     U_fifo_w18_d2_A_ram                         |    <0.001 |
|   bias_added_3_2_V_U                            |    <0.001 |
|     U_fifo_w18_d2_A_ram                         |    <0.001 |
|   bias_added_3_3_V_U                            |    <0.001 |
|     U_fifo_w18_d2_A_ram                         |    <0.001 |
|   bias_added_3_4_V_U                            |    <0.001 |
|     U_fifo_w18_d2_A_ram                         |    <0.001 |
|   bias_added_3_5_V_U                            |    <0.001 |
|     U_fifo_w18_d2_A_ram                         |    <0.001 |
|   bias_added_3_6_V_U                            |    <0.001 |
|     U_fifo_w18_d2_A_ram                         |    <0.001 |
|   bias_added_3_7_V_U                            |    <0.001 |
|     U_fifo_w18_d2_A_ram                         |    <0.001 |
|   bias_added_3_8_V_U                            |    <0.001 |
|     U_fifo_w18_d2_A_ram                         |    <0.001 |
|   bias_added_3_9_V_U                            |    <0.001 |
|     U_fifo_w18_d2_A_ram                         |    <0.001 |
|   bias_added_4_0_V_U                            |    <0.001 |
|     U_fifo_w18_d2_A_ram                         |    <0.001 |
|   bias_added_4_10_V_U                           |    <0.001 |
|     U_fifo_w18_d2_A_ram                         |    <0.001 |
|   bias_added_4_11_V_U                           |    <0.001 |
|     U_fifo_w18_d2_A_ram                         |    <0.001 |
|   bias_added_4_12_V_U                           |    <0.001 |
|     U_fifo_w18_d2_A_ram                         |    <0.001 |
|   bias_added_4_13_V_U                           |    <0.001 |
|     U_fifo_w18_d2_A_ram                         |    <0.001 |
|   bias_added_4_14_V_U                           |    <0.001 |
|     U_fifo_w18_d2_A_ram                         |    <0.001 |
|   bias_added_4_15_V_U                           |    <0.001 |
|     U_fifo_w18_d2_A_ram                         |    <0.001 |
|   bias_added_4_16_V_U                           |    <0.001 |
|     U_fifo_w18_d2_A_ram                         |    <0.001 |
|   bias_added_4_17_V_U                           |    <0.001 |
|     U_fifo_w18_d2_A_ram                         |    <0.001 |
|   bias_added_4_18_V_U                           |    <0.001 |
|     U_fifo_w18_d2_A_ram                         |    <0.001 |
|   bias_added_4_19_V_U                           |    <0.001 |
|     U_fifo_w18_d2_A_ram                         |    <0.001 |
|   bias_added_4_1_V_U                            |    <0.001 |
|     U_fifo_w18_d2_A_ram                         |    <0.001 |
|   bias_added_4_20_V_U                           |    <0.001 |
|     U_fifo_w18_d2_A_ram                         |    <0.001 |
|   bias_added_4_21_V_U                           |    <0.001 |
|     U_fifo_w18_d2_A_ram                         |    <0.001 |
|   bias_added_4_22_V_U                           |    <0.001 |
|     U_fifo_w18_d2_A_ram                         |    <0.001 |
|   bias_added_4_23_V_U                           |    <0.001 |
|     U_fifo_w18_d2_A_ram                         |    <0.001 |
|   bias_added_4_24_V_U                           |    <0.001 |
|     U_fifo_w18_d2_A_ram                         |    <0.001 |
|   bias_added_4_25_V_U                           |    <0.001 |
|     U_fifo_w18_d2_A_ram                         |    <0.001 |
|   bias_added_4_2_V_U                            |    <0.001 |
|     U_fifo_w18_d2_A_ram                         |    <0.001 |
|   bias_added_4_3_V_U                            |    <0.001 |
|     U_fifo_w18_d2_A_ram                         |    <0.001 |
|   bias_added_4_4_V_U                            |    <0.001 |
|     U_fifo_w18_d2_A_ram                         |    <0.001 |
|   bias_added_4_5_V_U                            |    <0.001 |
|     U_fifo_w18_d2_A_ram                         |    <0.001 |
|   bias_added_4_6_V_U                            |    <0.001 |
|     U_fifo_w18_d2_A_ram                         |    <0.001 |
|   bias_added_4_7_V_U                            |    <0.001 |
|     U_fifo_w18_d2_A_ram                         |    <0.001 |
|   bias_added_4_8_V_U                            |    <0.001 |
|     U_fifo_w18_d2_A_ram                         |    <0.001 |
|   bias_added_4_9_V_U                            |    <0.001 |
|     U_fifo_w18_d2_A_ram                         |    <0.001 |
|   bias_added_5_0_V_U                            |    <0.001 |
|     U_fifo_w18_d2_A_ram                         |    <0.001 |
|   bias_added_5_10_V_U                           |    <0.001 |
|     U_fifo_w18_d2_A_ram                         |    <0.001 |
|   bias_added_5_11_V_U                           |    <0.001 |
|     U_fifo_w18_d2_A_ram                         |    <0.001 |
|   bias_added_5_12_V_U                           |    <0.001 |
|     U_fifo_w18_d2_A_ram                         |    <0.001 |
|   bias_added_5_13_V_U                           |    <0.001 |
|     U_fifo_w18_d2_A_ram                         |    <0.001 |
|   bias_added_5_14_V_U                           |    <0.001 |
|     U_fifo_w18_d2_A_ram                         |    <0.001 |
|   bias_added_5_15_V_U                           |    <0.001 |
|     U_fifo_w18_d2_A_ram                         |    <0.001 |
|   bias_added_5_16_V_U                           |    <0.001 |
|     U_fifo_w18_d2_A_ram                         |    <0.001 |
|   bias_added_5_17_V_U                           |    <0.001 |
|     U_fifo_w18_d2_A_ram                         |    <0.001 |
|   bias_added_5_18_V_U                           |    <0.001 |
|     U_fifo_w18_d2_A_ram                         |    <0.001 |
|   bias_added_5_19_V_U                           |    <0.001 |
|     U_fifo_w18_d2_A_ram                         |    <0.001 |
|   bias_added_5_1_V_U                            |    <0.001 |
|     U_fifo_w18_d2_A_ram                         |    <0.001 |
|   bias_added_5_20_V_U                           |    <0.001 |
|     U_fifo_w18_d2_A_ram                         |    <0.001 |
|   bias_added_5_21_V_U                           |    <0.001 |
|     U_fifo_w18_d2_A_ram                         |    <0.001 |
|   bias_added_5_22_V_U                           |    <0.001 |
|     U_fifo_w18_d2_A_ram                         |    <0.001 |
|   bias_added_5_23_V_U                           |    <0.001 |
|     U_fifo_w18_d2_A_ram                         |    <0.001 |
|   bias_added_5_24_V_U                           |    <0.001 |
|     U_fifo_w18_d2_A_ram                         |    <0.001 |
|   bias_added_5_25_V_U                           |    <0.001 |
|     U_fifo_w18_d2_A_ram                         |    <0.001 |
|   bias_added_5_2_V_U                            |    <0.001 |
|     U_fifo_w18_d2_A_ram                         |    <0.001 |
|   bias_added_5_3_V_U                            |    <0.001 |
|     U_fifo_w18_d2_A_ram                         |    <0.001 |
|   bias_added_5_4_V_U                            |    <0.001 |
|     U_fifo_w18_d2_A_ram                         |    <0.001 |
|   bias_added_5_5_V_U                            |    <0.001 |
|     U_fifo_w18_d2_A_ram                         |    <0.001 |
|   bias_added_5_6_V_U                            |    <0.001 |
|     U_fifo_w18_d2_A_ram                         |    <0.001 |
|   bias_added_5_7_V_U                            |    <0.001 |
|     U_fifo_w18_d2_A_ram                         |    <0.001 |
|   bias_added_5_8_V_U                            |    <0.001 |
|     U_fifo_w18_d2_A_ram                         |    <0.001 |
|   bias_added_5_9_V_U                            |    <0.001 |
|     U_fifo_w18_d2_A_ram                         |    <0.001 |
|   bias_added_6_0_V_U                            |    <0.001 |
|     U_fifo_w18_d2_A_ram                         |    <0.001 |
|   bias_added_6_10_V_U                           |    <0.001 |
|     U_fifo_w18_d2_A_ram                         |    <0.001 |
|   bias_added_6_11_V_U                           |    <0.001 |
|     U_fifo_w18_d2_A_ram                         |    <0.001 |
|   bias_added_6_12_V_U                           |    <0.001 |
|     U_fifo_w18_d2_A_ram                         |    <0.001 |
|   bias_added_6_13_V_U                           |    <0.001 |
|     U_fifo_w18_d2_A_ram                         |    <0.001 |
|   bias_added_6_14_V_U                           |    <0.001 |
|     U_fifo_w18_d2_A_ram                         |    <0.001 |
|   bias_added_6_15_V_U                           |    <0.001 |
|     U_fifo_w18_d2_A_ram                         |    <0.001 |
|   bias_added_6_16_V_U                           |    <0.001 |
|     U_fifo_w18_d2_A_ram                         |    <0.001 |
|   bias_added_6_17_V_U                           |    <0.001 |
|     U_fifo_w18_d2_A_ram                         |    <0.001 |
|   bias_added_6_18_V_U                           |    <0.001 |
|     U_fifo_w18_d2_A_ram                         |    <0.001 |
|   bias_added_6_19_V_U                           |    <0.001 |
|     U_fifo_w18_d2_A_ram                         |    <0.001 |
|   bias_added_6_1_V_U                            |    <0.001 |
|     U_fifo_w18_d2_A_ram                         |    <0.001 |
|   bias_added_6_20_V_U                           |    <0.001 |
|     U_fifo_w18_d2_A_ram                         |    <0.001 |
|   bias_added_6_21_V_U                           |    <0.001 |
|     U_fifo_w18_d2_A_ram                         |    <0.001 |
|   bias_added_6_22_V_U                           |    <0.001 |
|     U_fifo_w18_d2_A_ram                         |    <0.001 |
|   bias_added_6_23_V_U                           |    <0.001 |
|     U_fifo_w18_d2_A_ram                         |    <0.001 |
|   bias_added_6_24_V_U                           |    <0.001 |
|     U_fifo_w18_d2_A_ram                         |    <0.001 |
|   bias_added_6_25_V_U                           |    <0.001 |
|     U_fifo_w18_d2_A_ram                         |    <0.001 |
|   bias_added_6_2_V_U                            |    <0.001 |
|     U_fifo_w18_d2_A_ram                         |    <0.001 |
|   bias_added_6_3_V_U                            |    <0.001 |
|     U_fifo_w18_d2_A_ram                         |    <0.001 |
|   bias_added_6_4_V_U                            |    <0.001 |
|     U_fifo_w18_d2_A_ram                         |    <0.001 |
|   bias_added_6_5_V_U                            |    <0.001 |
|     U_fifo_w18_d2_A_ram                         |    <0.001 |
|   bias_added_6_6_V_U                            |    <0.001 |
|     U_fifo_w18_d2_A_ram                         |    <0.001 |
|   bias_added_6_7_V_U                            |    <0.001 |
|     U_fifo_w18_d2_A_ram                         |    <0.001 |
|   bias_added_6_8_V_U                            |    <0.001 |
|     U_fifo_w18_d2_A_ram                         |    <0.001 |
|   bias_added_6_9_V_U                            |    <0.001 |
|     U_fifo_w18_d2_A_ram                         |    <0.001 |
|   bias_added_7_0_V_U                            |    <0.001 |
|     U_fifo_w18_d2_A_ram                         |    <0.001 |
|   bias_added_7_10_V_U                           |    <0.001 |
|     U_fifo_w18_d2_A_ram                         |    <0.001 |
|   bias_added_7_11_V_U                           |    <0.001 |
|     U_fifo_w18_d2_A_ram                         |    <0.001 |
|   bias_added_7_12_V_U                           |    <0.001 |
|     U_fifo_w18_d2_A_ram                         |    <0.001 |
|   bias_added_7_13_V_U                           |    <0.001 |
|     U_fifo_w18_d2_A_ram                         |    <0.001 |
|   bias_added_7_14_V_U                           |    <0.001 |
|     U_fifo_w18_d2_A_ram                         |    <0.001 |
|   bias_added_7_15_V_U                           |    <0.001 |
|     U_fifo_w18_d2_A_ram                         |    <0.001 |
|   bias_added_7_16_V_U                           |    <0.001 |
|     U_fifo_w18_d2_A_ram                         |    <0.001 |
|   bias_added_7_17_V_U                           |    <0.001 |
|     U_fifo_w18_d2_A_ram                         |    <0.001 |
|   bias_added_7_18_V_U                           |    <0.001 |
|     U_fifo_w18_d2_A_ram                         |    <0.001 |
|   bias_added_7_19_V_U                           |    <0.001 |
|     U_fifo_w18_d2_A_ram                         |    <0.001 |
|   bias_added_7_1_V_U                            |    <0.001 |
|     U_fifo_w18_d2_A_ram                         |    <0.001 |
|   bias_added_7_20_V_U                           |    <0.001 |
|     U_fifo_w18_d2_A_ram                         |    <0.001 |
|   bias_added_7_21_V_U                           |    <0.001 |
|     U_fifo_w18_d2_A_ram                         |    <0.001 |
|   bias_added_7_22_V_U                           |    <0.001 |
|     U_fifo_w18_d2_A_ram                         |    <0.001 |
|   bias_added_7_23_V_U                           |    <0.001 |
|     U_fifo_w18_d2_A_ram                         |    <0.001 |
|   bias_added_7_24_V_U                           |    <0.001 |
|     U_fifo_w18_d2_A_ram                         |    <0.001 |
|   bias_added_7_25_V_U                           |    <0.001 |
|     U_fifo_w18_d2_A_ram                         |    <0.001 |
|   bias_added_7_2_V_U                            |    <0.001 |
|     U_fifo_w18_d2_A_ram                         |    <0.001 |
|   bias_added_7_3_V_U                            |    <0.001 |
|     U_fifo_w18_d2_A_ram                         |    <0.001 |
|   bias_added_7_4_V_U                            |    <0.001 |
|     U_fifo_w18_d2_A_ram                         |    <0.001 |
|   bias_added_7_5_V_U                            |    <0.001 |
|     U_fifo_w18_d2_A_ram                         |    <0.001 |
|   bias_added_7_6_V_U                            |    <0.001 |
|     U_fifo_w18_d2_A_ram                         |    <0.001 |
|   bias_added_7_7_V_U                            |    <0.001 |
|     U_fifo_w18_d2_A_ram                         |    <0.001 |
|   bias_added_7_8_V_U                            |    <0.001 |
|     U_fifo_w18_d2_A_ram                         |    <0.001 |
|   bias_added_7_9_V_U                            |    <0.001 |
|     U_fifo_w18_d2_A_ram                         |    <0.001 |
|   bias_added_8_0_V_U                            |    <0.001 |
|     U_fifo_w18_d2_A_ram                         |    <0.001 |
|   bias_added_8_10_V_U                           |    <0.001 |
|     U_fifo_w18_d2_A_ram                         |    <0.001 |
|   bias_added_8_11_V_U                           |    <0.001 |
|     U_fifo_w18_d2_A_ram                         |    <0.001 |
|   bias_added_8_12_V_U                           |    <0.001 |
|     U_fifo_w18_d2_A_ram                         |    <0.001 |
|   bias_added_8_13_V_U                           |    <0.001 |
|     U_fifo_w18_d2_A_ram                         |    <0.001 |
|   bias_added_8_14_V_U                           |    <0.001 |
|     U_fifo_w18_d2_A_ram                         |    <0.001 |
|   bias_added_8_15_V_U                           |    <0.001 |
|     U_fifo_w18_d2_A_ram                         |    <0.001 |
|   bias_added_8_16_V_U                           |    <0.001 |
|     U_fifo_w18_d2_A_ram                         |    <0.001 |
|   bias_added_8_17_V_U                           |    <0.001 |
|     U_fifo_w18_d2_A_ram                         |    <0.001 |
|   bias_added_8_18_V_U                           |    <0.001 |
|     U_fifo_w18_d2_A_ram                         |    <0.001 |
|   bias_added_8_19_V_U                           |    <0.001 |
|     U_fifo_w18_d2_A_ram                         |    <0.001 |
|   bias_added_8_1_V_U                            |    <0.001 |
|     U_fifo_w18_d2_A_ram                         |    <0.001 |
|   bias_added_8_20_V_U                           |    <0.001 |
|     U_fifo_w18_d2_A_ram                         |    <0.001 |
|   bias_added_8_21_V_U                           |    <0.001 |
|     U_fifo_w18_d2_A_ram                         |    <0.001 |
|   bias_added_8_22_V_U                           |    <0.001 |
|     U_fifo_w18_d2_A_ram                         |    <0.001 |
|   bias_added_8_23_V_U                           |    <0.001 |
|     U_fifo_w18_d2_A_ram                         |    <0.001 |
|   bias_added_8_24_V_U                           |    <0.001 |
|     U_fifo_w18_d2_A_ram                         |    <0.001 |
|   bias_added_8_25_V_U                           |    <0.001 |
|     U_fifo_w18_d2_A_ram                         |    <0.001 |
|   bias_added_8_2_V_U                            |    <0.001 |
|     U_fifo_w18_d2_A_ram                         |    <0.001 |
|   bias_added_8_3_V_U                            |    <0.001 |
|     U_fifo_w18_d2_A_ram                         |    <0.001 |
|   bias_added_8_4_V_U                            |    <0.001 |
|     U_fifo_w18_d2_A_ram                         |    <0.001 |
|   bias_added_8_5_V_U                            |    <0.001 |
|     U_fifo_w18_d2_A_ram                         |    <0.001 |
|   bias_added_8_6_V_U                            |    <0.001 |
|     U_fifo_w18_d2_A_ram                         |    <0.001 |
|   bias_added_8_7_V_U                            |    <0.001 |
|     U_fifo_w18_d2_A_ram                         |    <0.001 |
|   bias_added_8_8_V_U                            |    <0.001 |
|     U_fifo_w18_d2_A_ram                         |    <0.001 |
|   bias_added_8_9_V_U                            |    <0.001 |
|     U_fifo_w18_d2_A_ram                         |    <0.001 |
|   bias_added_9_0_V_U                            |    <0.001 |
|     U_fifo_w18_d2_A_ram                         |    <0.001 |
|   bias_added_9_10_V_U                           |    <0.001 |
|     U_fifo_w18_d2_A_ram                         |    <0.001 |
|   bias_added_9_11_V_U                           |    <0.001 |
|     U_fifo_w18_d2_A_ram                         |    <0.001 |
|   bias_added_9_12_V_U                           |    <0.001 |
|     U_fifo_w18_d2_A_ram                         |    <0.001 |
|   bias_added_9_13_V_U                           |    <0.001 |
|     U_fifo_w18_d2_A_ram                         |    <0.001 |
|   bias_added_9_14_V_U                           |    <0.001 |
|     U_fifo_w18_d2_A_ram                         |    <0.001 |
|   bias_added_9_15_V_U                           |    <0.001 |
|     U_fifo_w18_d2_A_ram                         |    <0.001 |
|   bias_added_9_16_V_U                           |    <0.001 |
|     U_fifo_w18_d2_A_ram                         |    <0.001 |
|   bias_added_9_17_V_U                           |    <0.001 |
|     U_fifo_w18_d2_A_ram                         |    <0.001 |
|   bias_added_9_18_V_U                           |    <0.001 |
|     U_fifo_w18_d2_A_ram                         |    <0.001 |
|   bias_added_9_19_V_U                           |    <0.001 |
|     U_fifo_w18_d2_A_ram                         |    <0.001 |
|   bias_added_9_1_V_U                            |    <0.001 |
|     U_fifo_w18_d2_A_ram                         |    <0.001 |
|   bias_added_9_20_V_U                           |    <0.001 |
|     U_fifo_w18_d2_A_ram                         |    <0.001 |
|   bias_added_9_21_V_U                           |    <0.001 |
|     U_fifo_w18_d2_A_ram                         |    <0.001 |
|   bias_added_9_22_V_U                           |    <0.001 |
|     U_fifo_w18_d2_A_ram                         |    <0.001 |
|   bias_added_9_23_V_U                           |    <0.001 |
|     U_fifo_w18_d2_A_ram                         |    <0.001 |
|   bias_added_9_24_V_U                           |    <0.001 |
|     U_fifo_w18_d2_A_ram                         |    <0.001 |
|   bias_added_9_25_V_U                           |    <0.001 |
|     U_fifo_w18_d2_A_ram                         |    <0.001 |
|   bias_added_9_2_V_U                            |    <0.001 |
|     U_fifo_w18_d2_A_ram                         |    <0.001 |
|   bias_added_9_3_V_U                            |    <0.001 |
|     U_fifo_w18_d2_A_ram                         |    <0.001 |
|   bias_added_9_4_V_U                            |    <0.001 |
|     U_fifo_w18_d2_A_ram                         |    <0.001 |
|   bias_added_9_5_V_U                            |    <0.001 |
|     U_fifo_w18_d2_A_ram                         |    <0.001 |
|   bias_added_9_6_V_U                            |    <0.001 |
|     U_fifo_w18_d2_A_ram                         |    <0.001 |
|   bias_added_9_7_V_U                            |    <0.001 |
|     U_fifo_w18_d2_A_ram                         |    <0.001 |
|   bias_added_9_8_V_U                            |    <0.001 |
|     U_fifo_w18_d2_A_ram                         |    <0.001 |
|   bias_added_9_9_V_U                            |    <0.001 |
|     U_fifo_w18_d2_A_ram                         |    <0.001 |
|   classify_U0                                   |     0.001 |
|   digit_U                                       |    <0.001 |
|     U_fifo_w32_d2_A_ram                         |    <0.001 |
|   digit_load_loc_chann_U                        |    <0.001 |
|     U_fifo_w32_d2_A_ram                         |    <0.001 |
|   mvprod_layer_1_U0                             |     0.268 |
|     mlp_mul_18s_18s_3bkb_U17                    |    <0.001 |
|       mlp_mul_18s_18s_3bkb_MulnS_0_U            |    <0.001 |
|     mlp_mul_18s_18s_3bkb_U18                    |    <0.001 |
|       mlp_mul_18s_18s_3bkb_MulnS_0_U            |    <0.001 |
|     mlp_mul_18s_18s_3bkb_U19                    |    <0.001 |
|       mlp_mul_18s_18s_3bkb_MulnS_0_U            |    <0.001 |
|     mlp_mul_18s_18s_3bkb_U20                    |    <0.001 |
|       mlp_mul_18s_18s_3bkb_MulnS_0_U            |    <0.001 |
|     mlp_mul_18s_18s_3bkb_U21                    |    <0.001 |
|       mlp_mul_18s_18s_3bkb_MulnS_0_U            |    <0.001 |
|     mlp_mul_18s_18s_3bkb_U22                    |    <0.001 |
|       mlp_mul_18s_18s_3bkb_MulnS_0_U            |    <0.001 |
|     mlp_mul_18s_18s_3bkb_U23                    |    <0.001 |
|       mlp_mul_18s_18s_3bkb_MulnS_0_U            |    <0.001 |
|     mlp_mul_18s_18s_3bkb_U24                    |    <0.001 |
|       mlp_mul_18s_18s_3bkb_MulnS_0_U            |    <0.001 |
|     mlp_mul_18s_18s_3bkb_U25                    |    <0.001 |
|       mlp_mul_18s_18s_3bkb_MulnS_0_U            |    <0.001 |
|     mlp_mul_18s_18s_3bkb_U26                    |    <0.001 |
|       mlp_mul_18s_18s_3bkb_MulnS_0_U            |    <0.001 |
|     mlp_mul_18s_18s_3bkb_U27                    |    <0.001 |
|       mlp_mul_18s_18s_3bkb_MulnS_0_U            |    <0.001 |
|     mlp_mul_18s_18s_3bkb_U28                    |    <0.001 |
|       mlp_mul_18s_18s_3bkb_MulnS_0_U            |    <0.001 |
|     mlp_mul_18s_18s_3bkb_U29                    |    <0.001 |
|       mlp_mul_18s_18s_3bkb_MulnS_0_U            |    <0.001 |
|     mlp_mul_18s_18s_3bkb_U30                    |    <0.001 |
|       mlp_mul_18s_18s_3bkb_MulnS_0_U            |    <0.001 |
|     mlp_mul_18s_18s_3bkb_U31                    |    <0.001 |
|       mlp_mul_18s_18s_3bkb_MulnS_0_U            |    <0.001 |
|     mlp_mul_18s_18s_3bkb_U32                    |    <0.001 |
|       mlp_mul_18s_18s_3bkb_MulnS_0_U            |    <0.001 |
|   mvprod_layer_2_U0                             |     0.017 |
|     mlp_mul_18s_18s_3dEe_U458                   |     0.002 |
|       mlp_mul_18s_18s_3dEe_MulnS_1_U            |     0.002 |
|     mlp_mul_18s_18s_3dEe_U459                   |     0.004 |
|       mlp_mul_18s_18s_3dEe_MulnS_1_U            |     0.004 |
|     mlp_mul_18s_18s_3dEe_U460                   |    <0.001 |
|       mlp_mul_18s_18s_3dEe_MulnS_1_U            |    <0.001 |
|     mlp_mul_18s_18s_3dEe_U461                   |    <0.001 |
|       mlp_mul_18s_18s_3dEe_MulnS_1_U            |    <0.001 |
|     mlp_mul_18s_18s_3dEe_U462                   |    <0.001 |
|       mlp_mul_18s_18s_3dEe_MulnS_1_U            |    <0.001 |
|     mlp_mul_18s_18s_3dEe_U463                   |    <0.001 |
|       mlp_mul_18s_18s_3dEe_MulnS_1_U            |    <0.001 |
|     mlp_mul_18s_18s_3dEe_U464                   |    <0.001 |
|       mlp_mul_18s_18s_3dEe_MulnS_1_U            |    <0.001 |
|     mlp_mul_18s_18s_3dEe_U465                   |    <0.001 |
|       mlp_mul_18s_18s_3dEe_MulnS_1_U            |    <0.001 |
|     mlp_mul_18s_18s_3dEe_U466                   |    <0.001 |
|       mlp_mul_18s_18s_3dEe_MulnS_1_U            |    <0.001 |
|     mlp_mul_18s_18s_3dEe_U467                   |    <0.001 |
|       mlp_mul_18s_18s_3dEe_MulnS_1_U            |    <0.001 |
|     mlp_mul_18s_18s_3dEe_U468                   |    <0.001 |
|       mlp_mul_18s_18s_3dEe_MulnS_1_U            |    <0.001 |
|     mlp_mul_18s_18s_3dEe_U469                   |    <0.001 |
|       mlp_mul_18s_18s_3dEe_MulnS_1_U            |    <0.001 |
|     mlp_mul_18s_18s_3dEe_U470                   |    <0.001 |
|       mlp_mul_18s_18s_3dEe_MulnS_1_U            |    <0.001 |
|     mlp_mul_18s_18s_3dEe_U471                   |    <0.001 |
|       mlp_mul_18s_18s_3dEe_MulnS_1_U            |    <0.001 |
|     mlp_mul_18s_18s_3dEe_U472                   |    <0.001 |
|       mlp_mul_18s_18s_3dEe_MulnS_1_U            |    <0.001 |
|     mlp_mul_18s_18s_3dEe_U473                   |    <0.001 |
|       mlp_mul_18s_18s_3dEe_MulnS_1_U            |    <0.001 |
|   p_src_mlp_cpp_lin_U0                          |    <0.001 |
|   sigmoid_activation_L_1_U0                     |     0.010 |
|   sigmoid_activation_L_U0                       |     0.010 |
+-------------------------------------------------+-----------+


