==============================================================
File generated by Vivado(TM) HLS - High-Level Synthesis from C, C++ and SystemC
Version: 2018.2
Copyright (C) 1986-2018 Xilinx, Inc. All Rights Reserved.

==============================================================

INFO: [SYN 201-201] Setting up clock 'default' with a period of 4ns.
INFO: [HLS 200-10] Setting target device to 'xc7k325tffg676-2'
INFO: [HLS 200-10] Analyzing design file '../src/mlp.cpp' ... 
INFO: [HLS 200-111] Finished Linking Time (s): cpu = 00:00:01 ; elapsed = 00:00:21 . Memory (MB): peak = 102.980 ; gain = 47.207
INFO: [HLS 200-111] Finished Checking Pragmas Time (s): cpu = 00:00:01 ; elapsed = 00:00:21 . Memory (MB): peak = 102.980 ; gain = 47.207
INFO: [HLS 200-10] Starting code transformations ...
INFO: [XFORM 203-603] Inlining function 'ap_fixed_base<18, 6, true, (ap_q_mode)5, (ap_o_mode)3, 0>::operator>>' into 'sigmoid_activation_L1' (../src/mlp.cpp:137).
INFO: [XFORM 203-603] Inlining function 'ap_fixed_base<36, 12, true, (ap_q_mode)5, (ap_o_mode)3, 0>::operator>>' into 'sigmoid_activation_L1' (../src/mlp.cpp:137).
INFO: [XFORM 203-603] Inlining function 'ap_fixed_base<18, 5, true, (ap_q_mode)5, (ap_o_mode)3, 0>::operator>>' into 'sigmoid_activation_L2' (../src/mlp.cpp:169).
INFO: [XFORM 203-603] Inlining function 'ap_fixed_base<36, 10, true, (ap_q_mode)5, (ap_o_mode)3, 0>::operator>>' into 'sigmoid_activation_L2' (../src/mlp.cpp:169).
INFO: [HLS 200-111] Finished Standard Transforms Time (s): cpu = 00:00:02 ; elapsed = 00:00:23 . Memory (MB): peak = 124.121 ; gain = 68.348
INFO: [HLS 200-10] Checking synthesizability ...
INFO: [HLS 200-111] Finished Checking Synthesizability Time (s): cpu = 00:00:04 ; elapsed = 00:00:24 . Memory (MB): peak = 136.000 ; gain = 80.227
INFO: [XFORM 203-502] Unrolling all loops for pipelining in function 'classify' (../src/mlp.cpp:29).
INFO: [XFORM 203-502] Unrolling all loops for pipelining in function 'sigmoid_activation_L2' (../src/mlp.cpp:148).
INFO: [XFORM 203-502] Unrolling all loops for pipelining in function 'mvprod_layer_2' (../src/mlp.cpp:93).
INFO: [XFORM 203-502] Unrolling all loops for pipelining in function 'add_bias_pre_L2' (../src/mlp.cpp:60).
INFO: [XFORM 203-502] Unrolling all loops for pipelining in function 'sigmoid_activation_L1' (../src/mlp.cpp:116).
INFO: [XFORM 203-502] Unrolling all loops for pipelining in function 'mvprod_layer_1' (../src/mlp.cpp:71).
INFO: [XFORM 203-502] Unrolling all loops for pipelining in function 'add_bias_pre_L1' (../src/mlp.cpp:49).
INFO: [XFORM 203-501] Unrolling loop 'argmax' (../src/mlp.cpp:36) in function 'classify' completely.
INFO: [XFORM 203-501] Unrolling loop 'activ' (../src/mlp.cpp:157) in function 'sigmoid_activation_L2' completely.
INFO: [XFORM 203-501] Unrolling loop 'outer' (../src/mlp.cpp:99) in function 'mvprod_layer_2' completely.
INFO: [XFORM 203-501] Unrolling loop 'inner' (../src/mlp.cpp:101) in function 'mvprod_layer_2' completely.
INFO: [XFORM 203-501] Unrolling loop 'fill' (../src/mlp.cpp:66) in function 'add_bias_pre_L2' completely.
INFO: [XFORM 203-501] Unrolling loop 'activ' (../src/mlp.cpp:125) in function 'sigmoid_activation_L1' completely.
INFO: [XFORM 203-501] Unrolling loop 'outer' (../src/mlp.cpp:77) in function 'mvprod_layer_1' completely.
ERROR: [XFORM 203-504] Stop unrolling loop 'outer' (../src/mlp.cpp:77) in function 'mvprod_layer_1' because it may cause large runtime and excessive memory usage due to increase in code size. Please avoid unrolling the loop or form sub-functions for code in the loop body.
ERROR: [HLS 200-70] Pre-synthesis failed.
==============================================================
File generated by Vivado(TM) HLS - High-Level Synthesis from C, C++ and SystemC
Version: 2018.2
Copyright (C) 1986-2018 Xilinx, Inc. All Rights Reserved.

==============================================================

INFO: [SYN 201-201] Setting up clock 'default' with a period of 4ns.
INFO: [HLS 200-10] Setting target device to 'xc7k325tffg676-2'
INFO: [HLS 200-10] Analyzing design file '../src/mlp.cpp' ... 
INFO: [HLS 200-111] Finished Linking Time (s): cpu = 00:00:01 ; elapsed = 00:00:18 . Memory (MB): peak = 103.359 ; gain = 47.770
INFO: [HLS 200-111] Finished Checking Pragmas Time (s): cpu = 00:00:01 ; elapsed = 00:00:18 . Memory (MB): peak = 103.359 ; gain = 47.770
INFO: [HLS 200-10] Starting code transformations ...
INFO: [XFORM 203-603] Inlining function 'ap_fixed_base<18, 6, true, (ap_q_mode)5, (ap_o_mode)3, 0>::operator>>' into 'sigmoid_activation_L1' (../src/mlp.cpp:137).
INFO: [XFORM 203-603] Inlining function 'ap_fixed_base<36, 12, true, (ap_q_mode)5, (ap_o_mode)3, 0>::operator>>' into 'sigmoid_activation_L1' (../src/mlp.cpp:137).
INFO: [XFORM 203-603] Inlining function 'ap_fixed_base<18, 5, true, (ap_q_mode)5, (ap_o_mode)3, 0>::operator>>' into 'sigmoid_activation_L2' (../src/mlp.cpp:169).
INFO: [XFORM 203-603] Inlining function 'ap_fixed_base<36, 10, true, (ap_q_mode)5, (ap_o_mode)3, 0>::operator>>' into 'sigmoid_activation_L2' (../src/mlp.cpp:169).
INFO: [HLS 200-111] Finished Standard Transforms Time (s): cpu = 00:00:02 ; elapsed = 00:00:20 . Memory (MB): peak = 124.324 ; gain = 68.734
INFO: [HLS 200-10] Checking synthesizability ...
INFO: [HLS 200-111] Finished Checking Synthesizability Time (s): cpu = 00:00:04 ; elapsed = 00:00:22 . Memory (MB): peak = 136.602 ; gain = 81.012
INFO: [XFORM 203-502] Unrolling all loops for pipelining in function 'classify' (../src/mlp.cpp:29).
INFO: [XFORM 203-502] Unrolling all loops for pipelining in function 'sigmoid_activation_L2' (../src/mlp.cpp:148).
INFO: [XFORM 203-502] Unrolling all sub-loops inside loop 'outer' (../src/mlp.cpp:99) in function 'mvprod_layer_2' for pipelining.
INFO: [XFORM 203-502] Unrolling all loops for pipelining in function 'add_bias_pre_L2' (../src/mlp.cpp:60).
INFO: [XFORM 203-502] Unrolling all loops for pipelining in function 'sigmoid_activation_L1' (../src/mlp.cpp:116).
INFO: [XFORM 203-502] Unrolling all sub-loops inside loop 'outer' (../src/mlp.cpp:77) in function 'mvprod_layer_1' for pipelining.
INFO: [XFORM 203-502] Unrolling all loops for pipelining in function 'add_bias_pre_L1' (../src/mlp.cpp:49).
INFO: [XFORM 203-501] Unrolling loop 'argmax' (../src/mlp.cpp:36) in function 'classify' completely.
INFO: [XFORM 203-501] Unrolling loop 'activ' (../src/mlp.cpp:157) in function 'sigmoid_activation_L2' completely.
INFO: [XFORM 203-501] Unrolling loop 'inner' (../src/mlp.cpp:101) in function 'mvprod_layer_2' completely.
INFO: [XFORM 203-501] Unrolling loop 'fill' (../src/mlp.cpp:66) in function 'add_bias_pre_L2' completely.
INFO: [XFORM 203-501] Unrolling loop 'activ' (../src/mlp.cpp:125) in function 'sigmoid_activation_L1' completely.
INFO: [XFORM 203-501] Unrolling loop 'inner' (../src/mlp.cpp:79) in function 'mvprod_layer_1' completely.
INFO: [XFORM 203-501] Unrolling loop 'fill' (../src/mlp.cpp:55) in function 'add_bias_pre_L1' completely.
WARNING: [XFORM 203-105] Cannot partition array 'weights_L1.V' (../src/mlp.cpp:4): indivisible factor 100 on dimension 2, which has 401 elements.
WARNING: [XFORM 203-105] Cannot partition array 'bias_added.V' (../src/mlp.cpp:6): indivisible factor 100 on dimension 1, which has 401 elements.
WARNING: [XFORM 203-105] Cannot partition array 'weights_L1.V' (../src/mlp.cpp:4): indivisible factor 100 on dimension 2, which has 401 elements.
WARNING: [XFORM 203-105] Cannot partition array 'bias_added.V' (../src/mlp.cpp:6): indivisible factor 100 on dimension 1, which has 401 elements.
INFO: [XFORM 203-101] Partitioning array 'input.V' (../src/mlp.cpp:4) in dimension 1 with a block factor 100.
INFO: [XFORM 203-101] Partitioning array 'weights_L2.V' (../src/mlp.cpp:4) in dimension 1 completely.
INFO: [XFORM 203-101] Partitioning array 'L1_no_activ.V' (../src/mlp.cpp:7) in dimension 1 completely.
INFO: [XFORM 203-101] Partitioning array 'L1_activ.V' (../src/mlp.cpp:8) in dimension 1 completely.
INFO: [XFORM 203-101] Partitioning array 'L2_bias_added.V' (../src/mlp.cpp:9) in dimension 1 completely.
INFO: [XFORM 203-101] Partitioning array 'L2_out.V' (../src/mlp.cpp:10) in dimension 1 completely.
INFO: [XFORM 203-101] Partitioning array 'L2_out_activ.V' (../src/mlp.cpp:11) in dimension 1 completely.
WARNING: [XFORM 203-713] Reading dataflow channel 'weights_L1.V' in the middle of dataflow may stall the dataflow pipeline:
WARNING: [XFORM 203-713] Argument 'weights_L1.V' has read operations in process function 'mvprod_layer_1'.
WARNING: [XFORM 203-713] Reading dataflow channel 'weights_L2[0].V' in the middle of dataflow may stall the dataflow pipeline:
WARNING: [XFORM 203-713] Argument 'weights_L2[0].V' has read operations in process function 'mvprod_layer_2'.
WARNING: [XFORM 203-713] Reading dataflow channel 'weights_L2[1].V' in the middle of dataflow may stall the dataflow pipeline:
WARNING: [XFORM 203-713] Argument 'weights_L2[1].V' has read operations in process function 'mvprod_layer_2'.
WARNING: [XFORM 203-713] Reading dataflow channel 'weights_L2[2].V' in the middle of dataflow may stall the dataflow pipeline:
WARNING: [XFORM 203-713] Argument 'weights_L2[2].V' has read operations in process function 'mvprod_layer_2'.
WARNING: [XFORM 203-713] Reading dataflow channel 'weights_L2[3].V' in the middle of dataflow may stall the dataflow pipeline:
WARNING: [XFORM 203-713] Argument 'weights_L2[3].V' has read operations in process function 'mvprod_layer_2'.
WARNING: [XFORM 203-713] Reading dataflow channel 'weights_L2[4].V' in the middle of dataflow may stall the dataflow pipeline:
WARNING: [XFORM 203-713] Argument 'weights_L2[4].V' has read operations in process function 'mvprod_layer_2'.
WARNING: [XFORM 203-713] Reading dataflow channel 'weights_L2[5].V' in the middle of dataflow may stall the dataflow pipeline:
WARNING: [XFORM 203-713] Argument 'weights_L2[5].V' has read operations in process function 'mvprod_layer_2'.
WARNING: [XFORM 203-713] Reading dataflow channel 'weights_L2[6].V' in the middle of dataflow may stall the dataflow pipeline:
WARNING: [XFORM 203-713] Argument 'weights_L2[6].V' has read operations in process function 'mvprod_layer_2'.
WARNING: [XFORM 203-713] Reading dataflow channel 'weights_L2[7].V' in the middle of dataflow may stall the dataflow pipeline:
WARNING: [XFORM 203-713] Argument 'weights_L2[7].V' has read operations in process function 'mvprod_layer_2'.
WARNING: [XFORM 203-713] Reading dataflow channel 'weights_L2[8].V' in the middle of dataflow may stall the dataflow pipeline:
WARNING: [XFORM 203-713] Argument 'weights_L2[8].V' has read operations in process function 'mvprod_layer_2'.
WARNING: [XFORM 203-713] Reading dataflow channel 'weights_L2[9].V' in the middle of dataflow may stall the dataflow pipeline:
WARNING: [XFORM 203-713] Argument 'weights_L2[9].V' has read operations in process function 'mvprod_layer_2'.
INFO: [XFORM 203-712] Applying dataflow to function 'mlp', detected/extracted 9 process function(s): 
	 'add_bias_pre_L1'
	 'mvprod_layer_1'
	 'sigmoid_activation_L1'
	 'add_bias_pre_L2'
	 'mvprod_layer_2'
	 'sigmoid_activation_L2'
	 'classify'
	 'Block__proc'
	 '__../src/mlp.cpp_line24_proc'.
INFO: [XFORM 203-401] Performing if-conversion on hyperblock from (../src/mlp.cpp:148:37) to (../src/mlp.cpp:178:1) in function 'sigmoid_activation_L2'... converting 21 basic blocks.
INFO: [XFORM 203-401] Performing if-conversion on hyperblock from (../src/mlp.cpp:116:37) to (../src/mlp.cpp:146:1) in function 'sigmoid_activation_L1'... converting 51 basic blocks.
INFO: [HLS 200-111] Finished Pre-synthesis Time (s): cpu = 00:00:19 ; elapsed = 00:00:38 . Memory (MB): peak = 185.887 ; gain = 130.297
WARNING: [XFORM 203-631] Renaming function 'sigmoid_activation_L2' to 'sigmoid_activation_L' (../src/mlp.cpp:150:1)
WARNING: [XFORM 203-631] Renaming function 'sigmoid_activation_L1' to 'sigmoid_activation_L.1' (../src/mlp.cpp:118:1)
WARNING: [XFORM 203-631] Renaming function '__../src/mlp.cpp_line24_proc' to '__../src/mlp.cpp_lin' 
INFO: [XFORM 203-531] Rewinding loop 'outer' (../src/mlp.cpp:99) in function 'mvpr==============================================================
File generated by Vivado(TM) HLS - High-Level Synthesis from C, C++ and SystemC
Version: 2018.2
Copyright (C) 1986-2018 Xilinx, Inc. All Rights Reserved.

==============================================================

INFO: [SYN 201-201] Setting up clock 'default' with a period of 4ns.
INFO: [HLS 200-10] Setting target device to 'xc7k325tffg676-2'
INFO: [HLS 200-10] Analyzing design file '../src/mlp.cpp' ... 
INFO: [HLS 200-111] Finished Linking Time (s): cpu = 00:00:01 ; elapsed = 00:00:18 . Memory (MB): peak = 102.680 ; gain = 46.691
INFO: [HLS 200-111] Finished Checking Pragmas Time (s): cpu = 00:00:01 ; elapsed = 00:00:18 . Memory (MB): peak = 102.680 ; gain = 46.691
INFO: [HLS 200-10] Starting code transformations ...
INFO: [XFORM 203-603] Inlining function 'ap_fixed_base<18, 6, true, (ap_q_mode)5, (ap_o_mode)3, 0>::operator>>' into 'sigmoid_activation_L1' (../src/mlp.cpp:137).
INFO: [XFORM 203-603] Inlining function 'ap_fixed_base<36, 12, true, (ap_q_mode)5, (ap_o_mode)3, 0>::operator>>' into 'sigmoid_activation_L1' (../src/mlp.cpp:137).
INFO: [XFORM 203-603] Inlining function 'ap_fixed_base<18, 5, true, (ap_q_mode)5, (ap_o_mode)3, 0>::operator>>' into 'sigmoid_activation_L2' (../src/mlp.cpp:169).
INFO: [XFORM 203-603] Inlining function 'ap_fixed_base<36, 10, true, (ap_q_mode)5, (ap_o_mode)3, 0>::operator>>' into 'sigmoid_activation_L2' (../src/mlp.cpp:169).
INFO: [HLS 200-111] Finished Standard Transforms Time (s): cpu = 00:00:02 ; elapsed = 00:00:20 . Memory (MB): peak = 124.453 ; gain = 68.465
INFO: [HLS 200-10] Checking synthesizability ...
INFO: [HLS 200-111] Finished Checking Synthesizability Time (s): cpu = 00:00:04 ; elapsed = 00:00:22 . Memory (MB): peak = 136.617 ; gain = 80.629
INFO: [XFORM 203-502] Unrolling all loops for pipelining in function 'classify' (../src/mlp.cpp:29).
INFO: [XFORM 203-502] Unrolling all loops for pipelining in function 'sigmoid_activation_L2' (../src/mlp.cpp:148).
INFO: [XFORM 203-502] Unrolling all sub-loops inside loop 'outer' (../src/mlp.cpp:99) in function 'mvprod_layer_2' for pipelining.
INFO: [XFORM 203-502] Unrolling all loops for pipelining in function 'add_bias_pre_L2' (../src/mlp.cpp:60).
INFO: [XFORM 203-502] Unrolling all loops for pipelining in function 'sigmoid_activation_L1' (../src/mlp.cpp:116).
INFO: [XFORM 203-502] Unrolling all sub-loops inside loop 'outer' (../src/mlp.cpp:77) in function 'mvprod_layer_1' for pipelining.
INFO: [XFORM 203-502] Unrolling all loops for pipelining in function 'add_bias_pre_L1' (../src/mlp.cpp:49).
INFO: [XFORM 203-501] Unrolling loop 'argmax' (../src/mlp.cpp:36) in function 'classify' completely.
INFO: [XFORM 203-501] Unrolling loop 'activ' (../src/mlp.cpp:157) in function 'sigmoid_activation_L2' completely.
INFO: [XFORM 203-501] Unrolling loop 'inner' (../src/mlp.cpp:101) in function 'mvprod_layer_2' completely.
INFO: [XFORM 203-501] Unrolling loop 'fill' (../src/mlp.cpp:66) in function 'add_bias_pre_L2' completely.
INFO: [XFORM 203-501] Unrolling loop 'activ' (../src/mlp.cpp:125) in function 'sigmoid_activation_L1' completely.
INFO: [XFORM 203-501] Unrolling loop 'inner' (../src/mlp.cpp:79) in function 'mvprod_layer_1' completely.
INFO: [XFORM 203-501] Unrolling loop 'fill' (../src/mlp.cpp:55) in function 'add_bias_pre_L1' completely.
INFO: [XFORM 203-102] Partitioning array 'L1_activ.V' (../src/mlp.cpp:8) automatically.
INFO: [XFORM 203-102] Partitioning array 'L2_bias_added.V' (../src/mlp.cpp:9) automatically.
INFO: [XFORM 203-102] Partitioning array 'L2_out_activ.V' (../src/mlp.cpp:11) automatically.
WARNING: [XFORM 203-105] Cannot partition array 'weights_L1.V' (../src/mlp.cpp:4): indivisible factor 100 on dimension 2, which has 401 elements.
WARNING: [XFORM 203-105] Cannot partition array 'bias_added.V' (../src/mlp.cpp:6): indivisible factor 100 on dimension 1, which has 401 elements.
WARNING: [XFORM 203-105] Cannot partition array 'weights_L1.V' (../src/mlp.cpp:4): indivisible factor 100 on dimension 2, which has 401 elements.
WARNING: [XFORM 203-105] Cannot partition array 'bias_added.V' (../src/mlp.cpp:6): indivisible factor 100 on dimension 1, which has 401 elements.
INFO: [XFORM 203-101] Partitioning array 'input.V' (../src/mlp.cpp:4) in dimension 1 with a block factor 100.
INFO: [XFORM 203-101] Partitioning array 'weights_L2.V' (../src/mlp.cpp:4) in dimension 1 completely.
WARNING: [XFORM 203-713] Reading dataflow channel 'weights_L1.V' in the middle of dataflow may stall the dataflow pipeline:
WARNING: [XFORM 203-713] Argument 'weights_L1.V' has read operations in process function 'mvprod_layer_1'.
WARNING: [XFORM 203-713] Reading dataflow channel 'weights_L2[0].V' in the middle of dataflow may stall the dataflow pipeline:
WARNING: [XFORM 203-713] Argument 'weights_L2[0].V' has read operations in process function 'mvprod_layer_2'.
WARNING: [XFORM 203-713] Reading dataflow channel 'weights_L2[1].V' in the middle of dataflow may stall the dataflow pipeline:
WARNING: [XFORM 203-713] Argument 'weights_L2[1].V' has read operations in process function 'mvprod_layer_2'.
WARNING: [XFORM 203-713] Reading dataflow channel 'weights_L2[2].V' in the middle of dataflow may stall the dataflow pipeline:
WARNING: [XFORM 203-713] Argument 'weights_L2[2].V' has read operations in process function 'mvprod_layer_2'.
WARNING: [XFORM 203-713] Reading dataflow channel 'weights_L2[3].V' in the middle of dataflow may stall the dataflow pipeline:
WARNING: [XFORM 203-713] Argument 'weights_L2[3].V' has read operations in process function 'mvprod_layer_2'.
WARNING: [XFORM 203-713] Reading dataflow channel 'weights_L2[4].V' in the middle of dataflow may stall the dataflow pipeline:
WARNING: [XFORM 203-713] Argument 'weights_L2[4].V' has read operations in process function 'mvprod_layer_2'.
WARNING: [XFORM 203-713] Reading dataflow channel 'weights_L2[5].V' in the middle of dataflow may stall the dataflow pipeline:
WARNING: [XFORM 203-713] Argument 'weights_L2[5].V' has read operations in process function 'mvprod_layer_2'.
WARNING: [XFORM 203-713] Reading dataflow channel 'weights_L2[6].V' in the middle of dataflow may stall the dataflow pipeline:
WARNING: [XFORM 203-713] Argument 'weights_L2[6].V' has read operations in process function 'mvprod_layer_2'.
WARNING: [XFORM 203-713] Reading dataflow channel 'weights_L2[7].V' in the middle of dataflow may stall the dataflow pipeline:
WARNING: [XFORM 203-713] Argument 'weights_L2[7].V' has read operations in process function 'mvprod_layer_2'.
WARNING: [XFORM 203-713] Reading dataflow channel 'weights_L2[8].V' in the middle of dataflow may stall the dataflow pipeline:
WARNING: [XFORM 203-713] Argument 'weights_L2[8].V' has read operations in process function 'mvprod_layer_2'.
WARNING: [XFORM 203-713] Reading dataflow channel 'weights_L2[9].V' in the middle of dataflow may stall the dataflow pipeline:
WARNING: [XFORM 203-713] Argument 'weights_L2[9].V' has read operations in process function 'mvprod_layer_2'.
INFO: [XFORM 203-712] Applying dataflow to function 'mlp', detected/extracted 9 process function(s): 
	 'add_bias_pre_L1'
	 'mvprod_layer_1'
	 'sigmoid_activation_L1'
	 'add_bias_pre_L2'
	 'mvprod_layer_2'
	 'sigmoid_activation_L2'
	 'classify'
	 'Block_arrayctor.loop2.preheader210_proc'
	 '__../src/mlp.cpp_line24_proc'.
INFO: [XFORM 203-401] Performing if-conversion on hyperblock from (../src/mlp.cpp:148:37) to (../src/mlp.cpp:178:1) in function 'sigmoid_activation_L2'... converting 21 basic blocks.
INFO: [XFORM 203-401] Performing if-conversion on hyperblock from (../src/mlp.cpp:116:37) to (../src/mlp.cpp:146:1) in function 'sigmoid_activation_L1'... converting 51 basic blocks.
INFO: [HLS 200-111] Finished Pre-synthesis Time (s): cpu = 00:00:18 ; elapsed = 00:00:36 . Memory (MB): peak = 187.633 ; gain = 131.645
WARNING: [XFORM 203-631] Renaming function 'sigmoid_activation_L2' to 'sigmoid_activation_L' (../src/mlp.cpp:150:1)
WARNING: [XFORM 203-631] Renaming function 'sigmoid_activation_L1' to 'sigmoid_activation_L.1' (../src/mlp.cpp:118:1)
WARNING: [XFORM 203-631] Renaming function '__../src/mlp.cpp_line24_proc' to '__../src/mlp.cpp_lin' 
WARNING: [XFORM 203-631] Renaming function 'Block_arrayctor.loop2.preheader210_proc' to 'Block_arrayctor.loop' 
INFO: [XFORM 203-531] Rewinding loop 'outer' (../src/mlp.cpp:99) in function 'mvprod_layer_2'.
INFO: [XFORM 203-531] Rewinding loop 'outer' (../src/mlp.cpp:77) in function 'mvprod_